<?xml version="1.0" encoding="UTF-8"?>
<coverage generated="1678439068609" clover="3.2.0">
  <project timestamp="1678439068609" name="All files">
    <metrics statements="792" coveredstatements="713" conditionals="361" coveredconditionals="253" methods="159" coveredmethods="127" elements="1312" coveredelements="1093" complexity="0" loc="792" ncloc="792" packages="14" files="19" classes="19"/>
    <package name="__test__.base.mod1">
      <metrics statements="7" coveredstatements="7" conditionals="0" coveredconditionals="0" methods="2" coveredmethods="2"/>
      <file name="newTemplate.js" path="/Users/logic/PJ-Git/AutoTemplate#v01/__test__/base/mod1/newTemplate.js">
        <metrics statements="4" coveredstatements="4" conditionals="0" coveredconditionals="0" methods="1" coveredmethods="1"/>
        <line num="2" count="1" type="stmt"/>
        <line num="5" count="2" type="stmt"/>
        <line num="7" count="2" type="stmt"/>
        <line num="13" count="1" type="stmt"/>
      </file>
      <file name="template.js" path="/Users/logic/PJ-Git/AutoTemplate#v01/__test__/base/mod1/template.js">
        <metrics statements="3" coveredstatements="3" conditionals="0" coveredconditionals="0" methods="1" coveredmethods="1"/>
        <line num="2" count="1" type="stmt"/>
        <line num="6" count="5" type="stmt"/>
        <line num="11" count="1" type="stmt"/>
      </file>
    </package>
    <package name="__test__.base.mod1.template.helper">
      <metrics statements="3" coveredstatements="3" conditionals="0" coveredconditionals="0" methods="1" coveredmethods="1"/>
      <file name="bold.js" path="/Users/logic/PJ-Git/AutoTemplate#v01/__test__/base/mod1/template/helper/bold.js">
        <metrics statements="3" coveredstatements="3" conditionals="0" coveredconditionals="0" methods="1" coveredmethods="1"/>
        <line num="1" count="1" type="stmt"/>
        <line num="3" count="1" type="stmt"/>
        <line num="4" count="3" type="stmt"/>
      </file>
    </package>
    <package name="__test__.extends.mod1">
      <metrics statements="6" coveredstatements="6" conditionals="0" coveredconditionals="0" methods="2" coveredmethods="2"/>
      <file name="template.js" path="/Users/logic/PJ-Git/AutoTemplate#v01/__test__/extends/mod1/template.js">
        <metrics statements="6" coveredstatements="6" conditionals="0" coveredconditionals="0" methods="2" coveredmethods="2"/>
        <line num="4" count="1" type="stmt"/>
        <line num="10" count="5" type="stmt"/>
        <line num="11" count="5" type="stmt"/>
        <line num="17" count="5" type="stmt"/>
        <line num="23" count="5" type="stmt"/>
        <line num="32" count="1" type="stmt"/>
      </file>
    </package>
    <package name="__test__.extends.mod1.template.helper">
      <metrics statements="3" coveredstatements="2" conditionals="0" coveredconditionals="0" methods="1" coveredmethods="0"/>
      <file name="bold.js" path="/Users/logic/PJ-Git/AutoTemplate#v01/__test__/extends/mod1/template/helper/bold.js">
        <metrics statements="3" coveredstatements="2" conditionals="0" coveredconditionals="0" methods="1" coveredmethods="0"/>
        <line num="1" count="1" type="stmt"/>
        <line num="3" count="1" type="stmt"/>
        <line num="4" count="0" type="stmt"/>
      </file>
    </package>
    <package name="__test__.extends.mod2">
      <metrics statements="4" coveredstatements="4" conditionals="0" coveredconditionals="0" methods="2" coveredmethods="1"/>
      <file name="template.js" path="/Users/logic/PJ-Git/AutoTemplate#v01/__test__/extends/mod2/template.js">
        <metrics statements="4" coveredstatements="4" conditionals="0" coveredconditionals="0" methods="2" coveredmethods="1"/>
        <line num="4" count="1" type="stmt"/>
        <line num="10" count="5" type="stmt"/>
        <line num="11" count="5" type="stmt"/>
        <line num="26" count="1" type="stmt"/>
      </file>
    </package>
    <package name="__test__.extends.mod2.template.helper">
      <metrics statements="3" coveredstatements="3" conditionals="0" coveredconditionals="0" methods="1" coveredmethods="1"/>
      <file name="bold.js" path="/Users/logic/PJ-Git/AutoTemplate#v01/__test__/extends/mod2/template/helper/bold.js">
        <metrics statements="3" coveredstatements="3" conditionals="0" coveredconditionals="0" methods="1" coveredmethods="1"/>
        <line num="1" count="1" type="stmt"/>
        <line num="3" count="1" type="stmt"/>
        <line num="4" count="3" type="stmt"/>
      </file>
    </package>
    <package name="__test__.extends.mod3">
      <metrics statements="4" coveredstatements="4" conditionals="0" coveredconditionals="0" methods="2" coveredmethods="1"/>
      <file name="template.js" path="/Users/logic/PJ-Git/AutoTemplate#v01/__test__/extends/mod3/template.js">
        <metrics statements="4" coveredstatements="4" conditionals="0" coveredconditionals="0" methods="2" coveredmethods="1"/>
        <line num="2" count="1" type="stmt"/>
        <line num="8" count="5" type="stmt"/>
        <line num="9" count="5" type="stmt"/>
        <line num="24" count="1" type="stmt"/>
      </file>
    </package>
    <package name="__test__.extends.mod3.template.helper">
      <metrics statements="3" coveredstatements="2" conditionals="0" coveredconditionals="0" methods="1" coveredmethods="0"/>
      <file name="bold.js" path="/Users/logic/PJ-Git/AutoTemplate#v01/__test__/extends/mod3/template/helper/bold.js">
        <metrics statements="3" coveredstatements="2" conditionals="0" coveredconditionals="0" methods="1" coveredmethods="0"/>
        <line num="1" count="1" type="stmt"/>
        <line num="3" count="1" type="stmt"/>
        <line num="4" count="0" type="stmt"/>
      </file>
    </package>
    <package name="__test__.import.mod1">
      <metrics statements="11" coveredstatements="11" conditionals="0" coveredconditionals="0" methods="2" coveredmethods="2"/>
      <file name="template.js" path="/Users/logic/PJ-Git/AutoTemplate#v01/__test__/import/mod1/template.js">
        <metrics statements="11" coveredstatements="11" conditionals="0" coveredconditionals="0" methods="2" coveredmethods="2"/>
        <line num="2" count="1" type="stmt"/>
        <line num="5" count="1" type="stmt"/>
        <line num="9" count="2" type="stmt"/>
        <line num="11" count="2" type="stmt"/>
        <line num="16" count="2" type="stmt"/>
        <line num="17" count="2" type="stmt"/>
        <line num="19" count="2" type="stmt"/>
        <line num="20" count="2" type="stmt"/>
        <line num="21" count="2" type="stmt"/>
        <line num="22" count="2" type="stmt"/>
        <line num="27" count="1" type="stmt"/>
      </file>
    </package>
    <package name="__test__.import.out1">
      <metrics statements="7" coveredstatements="7" conditionals="0" coveredconditionals="0" methods="2" coveredmethods="2"/>
      <file name="template.js" path="/Users/logic/PJ-Git/AutoTemplate#v01/__test__/import/out1/template.js">
        <metrics statements="7" coveredstatements="7" conditionals="0" coveredconditionals="0" methods="2" coveredmethods="2"/>
        <line num="2" count="1" type="stmt"/>
        <line num="6" count="1" type="stmt"/>
        <line num="13" count="2" type="stmt"/>
        <line num="19" count="2" type="stmt"/>
        <line num="20" count="2" type="stmt"/>
        <line num="21" count="2" type="stmt"/>
        <line num="26" count="1" type="stmt"/>
      </file>
    </package>
    <package name="__test__.import.out1.template.helper">
      <metrics statements="3" coveredstatements="3" conditionals="0" coveredconditionals="0" methods="1" coveredmethods="1"/>
      <file name="bold.js" path="/Users/logic/PJ-Git/AutoTemplate#v01/__test__/import/out1/template/helper/bold.js">
        <metrics statements="3" coveredstatements="3" conditionals="0" coveredconditionals="0" methods="1" coveredmethods="1"/>
        <line num="1" count="1" type="stmt"/>
        <line num="3" count="1" type="stmt"/>
        <line num="4" count="6" type="stmt"/>
      </file>
    </package>
    <package name="__test__.pageGroup.mod1">
      <metrics statements="8" coveredstatements="8" conditionals="0" coveredconditionals="0" methods="2" coveredmethods="2"/>
      <file name="template.js" path="/Users/logic/PJ-Git/AutoTemplate#v01/__test__/pageGroup/mod1/template.js">
        <metrics statements="8" coveredstatements="8" conditionals="0" coveredconditionals="0" methods="2" coveredmethods="2"/>
        <line num="2" count="1" type="stmt"/>
        <line num="6" count="3" type="stmt"/>
        <line num="11" count="3" type="stmt"/>
        <line num="16" count="3" type="stmt"/>
        <line num="17" count="3" type="stmt"/>
        <line num="18" count="3" type="stmt"/>
        <line num="19" count="3" type="stmt"/>
        <line num="23" count="1" type="stmt"/>
      </file>
    </package>
    <package name="__test__.pageGroup.mod1.template.helper">
      <metrics statements="3" coveredstatements="3" conditionals="0" coveredconditionals="0" methods="1" coveredmethods="1"/>
      <file name="bold.js" path="/Users/logic/PJ-Git/AutoTemplate#v01/__test__/pageGroup/mod1/template/helper/bold.js">
        <metrics statements="3" coveredstatements="3" conditionals="0" coveredconditionals="0" methods="1" coveredmethods="1"/>
        <line num="1" count="1" type="stmt"/>
        <line num="3" count="1" type="stmt"/>
        <line num="4" count="5" type="stmt"/>
      </file>
    </package>
    <package name="src">
      <metrics statements="727" coveredstatements="650" conditionals="361" coveredconditionals="253" methods="139" coveredmethods="111"/>
      <file name="auto-task.js" path="/Users/logic/PJ-Git/AutoTemplate#v01/src/auto-task.js">
        <metrics statements="36" coveredstatements="36" conditionals="13" coveredconditionals="13" methods="6" coveredmethods="6"/>
        <line num="1" count="5" type="stmt"/>
        <line num="2" count="5" type="stmt"/>
        <line num="3" count="5" type="stmt"/>
        <line num="16" count="12" type="stmt"/>
        <line num="18" count="12" type="stmt"/>
        <line num="19" count="12" type="stmt"/>
        <line num="22" count="12" type="stmt"/>
        <line num="26" count="5" type="stmt"/>
        <line num="30" count="12" type="stmt"/>
        <line num="31" count="12" type="stmt"/>
        <line num="63" count="13" type="cond" truecount="4" falsecount="0"/>
        <line num="64" count="1" type="stmt"/>
        <line num="66" count="12" type="stmt"/>
        <line num="68" count="12" type="cond" truecount="4" falsecount="0"/>
        <line num="69" count="1" type="stmt"/>
        <line num="71" count="12" type="stmt"/>
        <line num="72" count="12" type="stmt"/>
        <line num="80" count="2" type="cond" truecount="2" falsecount="0"/>
        <line num="81" count="1" type="stmt"/>
        <line num="83" count="1" type="stmt"/>
        <line num="93" count="10" type="stmt"/>
        <line num="97" count="10" type="stmt"/>
        <line num="99" count="10" type="stmt"/>
        <line num="102" count="10" type="stmt"/>
        <line num="109" count="6" type="stmt"/>
        <line num="111" count="6" type="stmt"/>
        <line num="113" count="6" type="stmt"/>
        <line num="121" count="1" type="stmt"/>
        <line num="123" count="1" type="stmt"/>
        <line num="125" count="1" type="stmt"/>
        <line num="135" count="17" type="stmt"/>
        <line num="138" count="17" type="stmt"/>
        <line num="142" count="17" type="cond" truecount="2" falsecount="0"/>
        <line num="144" count="17" type="stmt"/>
        <line num="145" count="17" type="stmt"/>
        <line num="184" count="5" type="stmt"/>
      </file>
      <file name="auto-template.js" path="/Users/logic/PJ-Git/AutoTemplate#v01/src/auto-template.js">
        <metrics statements="355" coveredstatements="329" conditionals="184" coveredconditionals="127" methods="57" coveredmethods="47"/>
        <line num="1" count="4" type="stmt"/>
        <line num="2" count="4" type="stmt"/>
        <line num="3" count="4" type="stmt"/>
        <line num="4" count="4" type="stmt"/>
        <line num="5" count="4" type="stmt"/>
        <line num="6" count="4" type="stmt"/>
        <line num="7" count="4" type="stmt"/>
        <line num="15" count="18" type="stmt"/>
        <line num="24" count="18" type="stmt"/>
        <line num="33" count="18" type="stmt"/>
        <line num="40" count="18" type="stmt"/>
        <line num="47" count="18" type="stmt"/>
        <line num="50" count="18" type="stmt"/>
        <line num="51" count="18" type="stmt"/>
        <line num="52" count="18" type="stmt"/>
        <line num="53" count="18" type="stmt"/>
        <line num="54" count="18" type="stmt"/>
        <line num="58" count="18" type="stmt"/>
        <line num="59" count="18" type="stmt"/>
        <line num="64" count="18" type="stmt"/>
        <line num="68" count="18" type="stmt"/>
        <line num="69" count="18" type="stmt"/>
        <line num="70" count="18" type="stmt"/>
        <line num="71" count="18" type="stmt"/>
        <line num="72" count="18" type="stmt"/>
        <line num="73" count="18" type="stmt"/>
        <line num="74" count="18" type="stmt"/>
        <line num="75" count="18" type="stmt"/>
        <line num="76" count="18" type="stmt"/>
        <line num="77" count="18" type="stmt"/>
        <line num="78" count="18" type="stmt"/>
        <line num="79" count="18" type="stmt"/>
        <line num="83" count="184" type="cond" truecount="2" falsecount="0"/>
        <line num="85" count="2" type="cond" truecount="1" falsecount="1"/>
        <line num="86" count="0" type="stmt"/>
        <line num="89" count="568" type="stmt"/>
        <line num="90" count="568" type="cond" truecount="1" falsecount="1"/>
        <line num="91" count="568" type="stmt"/>
        <line num="94" count="28" type="cond" truecount="2" falsecount="2"/>
        <line num="95" count="0" type="stmt"/>
        <line num="96" count="28" type="cond" truecount="1" falsecount="1"/>
        <line num="98" count="76" type="stmt"/>
        <line num="99" count="65" type="stmt"/>
        <line num="100" count="6" type="stmt"/>
        <line num="101" count="80" type="stmt"/>
        <line num="103" count="0" type="cond" truecount="0" falsecount="4"/>
        <line num="104" count="0" type="stmt"/>
        <line num="106" count="0" type="stmt"/>
        <line num="109" count="80" type="stmt"/>
        <line num="111" count="0" type="cond" truecount="0" falsecount="4"/>
        <line num="112" count="0" type="stmt"/>
        <line num="114" count="0" type="stmt"/>
        <line num="117" count="128" type="stmt"/>
        <line num="119" count="0" type="cond" truecount="0" falsecount="2"/>
        <line num="120" count="0" type="stmt"/>
        <line num="122" count="88" type="stmt"/>
        <line num="124" count="0" type="cond" truecount="0" falsecount="2"/>
        <line num="125" count="0" type="stmt"/>
        <line num="127" count="270" type="stmt"/>
        <line num="129" count="0" type="cond" truecount="0" falsecount="2"/>
        <line num="130" count="0" type="stmt"/>
        <line num="132" count="129" type="stmt"/>
        <line num="134" count="0" type="cond" truecount="0" falsecount="2"/>
        <line num="135" count="0" type="stmt"/>
        <line num="138" count="58" type="cond" truecount="2" falsecount="0"/>
        <line num="139" count="58" type="stmt"/>
        <line num="142" count="58" type="cond" truecount="2" falsecount="0"/>
        <line num="143" count="58" type="stmt"/>
        <line num="148" count="0" type="stmt"/>
        <line num="149" count="0" type="stmt"/>
        <line num="150" count="0" type="stmt"/>
        <line num="151" count="0" type="stmt"/>
        <line num="159" count="18" type="cond" truecount="2" falsecount="0"/>
        <line num="160" count="18" type="cond" truecount="1" falsecount="1"/>
        <line num="161" count="18" type="stmt"/>
        <line num="162" count="18" type="stmt"/>
        <line num="163" count="18" type="stmt"/>
        <line num="164" count="18" type="stmt"/>
        <line num="165" count="18" type="stmt"/>
        <line num="166" count="18" type="stmt"/>
        <line num="167" count="18" type="stmt"/>
        <line num="187" count="19" type="stmt"/>
        <line num="190" count="19" type="stmt"/>
        <line num="191" count="2" type="stmt"/>
        <line num="195" count="19" type="stmt"/>
        <line num="196" count="19" type="stmt"/>
        <line num="197" count="19" type="stmt"/>
        <line num="198" count="19" type="stmt"/>
        <line num="199" count="19" type="stmt"/>
        <line num="200" count="19" type="stmt"/>
        <line num="202" count="19" type="stmt"/>
        <line num="203" count="19" type="stmt"/>
        <line num="204" count="19" type="stmt"/>
        <line num="205" count="19" type="stmt"/>
        <line num="206" count="19" type="stmt"/>
        <line num="207" count="19" type="stmt"/>
        <line num="210" count="19" type="stmt"/>
        <line num="213" count="19" type="cond" truecount="2" falsecount="0"/>
        <line num="214" count="17" type="cond" truecount="2" falsecount="0"/>
        <line num="216" count="11" type="stmt"/>
        <line num="217" count="11" type="cond" truecount="1" falsecount="1"/>
        <line num="218" count="11" type="cond" truecount="1" falsecount="1"/>
        <line num="219" count="11" type="cond" truecount="1" falsecount="1"/>
        <line num="224" count="19" type="stmt"/>
        <line num="232" count="10" type="stmt"/>
        <line num="233" count="10" type="stmt"/>
        <line num="234" count="10" type="stmt"/>
        <line num="235" count="10" type="stmt"/>
        <line num="236" count="10" type="stmt"/>
        <line num="243" count="30" type="cond" truecount="1" falsecount="1"/>
        <line num="244" count="0" type="stmt"/>
        <line num="246" count="30" type="cond" truecount="1" falsecount="1"/>
        <line num="247" count="0" type="stmt"/>
        <line num="250" count="30" type="cond" truecount="2" falsecount="0"/>
        <line num="252" count="11" type="stmt"/>
        <line num="256" count="10" type="stmt"/>
        <line num="257" count="9" type="stmt"/>
        <line num="258" count="9" type="stmt"/>
        <line num="267" count="9" type="cond" truecount="2" falsecount="0"/>
        <line num="268" count="3" type="cond" truecount="1" falsecount="1"/>
        <line num="269" count="6" type="cond" truecount="2" falsecount="0"/>
        <line num="270" count="3" type="stmt"/>
        <line num="272" count="3" type="cond" truecount="2" falsecount="2"/>
        <line num="273" count="3" type="stmt"/>
        <line num="276" count="9" type="stmt"/>
        <line num="277" count="9" type="cond" truecount="2" falsecount="0"/>
        <line num="279" count="10" type="stmt"/>
        <line num="282" count="10" type="stmt"/>
        <line num="283" count="48" type="stmt"/>
        <line num="284" count="48" type="stmt"/>
        <line num="293" count="48" type="cond" truecount="2" falsecount="0"/>
        <line num="294" count="24" type="cond" truecount="1" falsecount="1"/>
        <line num="295" count="24" type="cond" truecount="2" falsecount="0"/>
        <line num="296" count="16" type="stmt"/>
        <line num="298" count="8" type="cond" truecount="2" falsecount="2"/>
        <line num="299" count="8" type="stmt"/>
        <line num="304" count="48" type="stmt"/>
        <line num="305" count="48" type="cond" truecount="2" falsecount="0"/>
        <line num="308" count="10" type="stmt"/>
        <line num="311" count="10" type="cond" truecount="2" falsecount="0"/>
        <line num="315" count="10" type="cond" truecount="5" falsecount="0"/>
        <line num="317" count="6" type="stmt"/>
        <line num="318" count="4" type="stmt"/>
        <line num="325" count="35" type="stmt"/>
        <line num="326" count="35" type="stmt"/>
        <line num="328" count="35" type="cond" truecount="2" falsecount="0"/>
        <line num="330" count="31" type="stmt"/>
        <line num="331" count="31" type="cond" truecount="2" falsecount="0"/>
        <line num="333" count="11" type="stmt"/>
        <line num="334" count="11" type="cond" truecount="1" falsecount="1"/>
        <line num="335" count="11" type="stmt"/>
        <line num="338" count="20" type="stmt"/>
        <line num="339" count="24" type="stmt"/>
        <line num="340" count="24" type="cond" truecount="2" falsecount="0"/>
        <line num="341" count="17" type="stmt"/>
        <line num="342" count="17" type="stmt"/>
        <line num="346" count="20" type="cond" truecount="2" falsecount="0"/>
        <line num="347" count="15" type="stmt"/>
        <line num="348" count="15" type="cond" truecount="2" falsecount="0"/>
        <line num="350" count="13" type="stmt"/>
        <line num="351" count="13" type="cond" truecount="1" falsecount="1"/>
        <line num="352" count="13" type="stmt"/>
        <line num="357" count="0" type="stmt"/>
        <line num="368" count="10" type="stmt"/>
        <line num="369" count="70" type="cond" truecount="1" falsecount="1"/>
        <line num="371" count="10" type="stmt"/>
        <line num="374" count="34" type="cond" truecount="4" falsecount="0"/>
        <line num="375" count="71" type="stmt"/>
        <line num="376" count="18" type="stmt"/>
        <line num="377" count="18" type="stmt"/>
        <line num="378" count="18" type="stmt"/>
        <line num="382" count="10" type="stmt"/>
        <line num="383" count="10" type="stmt"/>
        <line num="384" count="10" type="stmt"/>
        <line num="385" count="10" type="stmt"/>
        <line num="386" count="10" type="stmt"/>
        <line num="387" count="10" type="stmt"/>
        <line num="396" count="6" type="stmt"/>
        <line num="407" count="6" type="stmt"/>
        <line num="410" count="6" type="cond" truecount="1" falsecount="1"/>
        <line num="413" count="6" type="stmt"/>
        <line num="414" count="10" type="stmt"/>
        <line num="418" count="6" type="stmt"/>
        <line num="419" count="5" type="stmt"/>
        <line num="429" count="5" type="stmt"/>
        <line num="448" count="6" type="stmt"/>
        <line num="451" count="6" type="stmt"/>
        <line num="466" count="2" type="stmt"/>
        <line num="479" count="19" type="stmt"/>
        <line num="483" count="19" type="cond" truecount="4" falsecount="0"/>
        <line num="484" count="12" type="stmt"/>
        <line num="485" count="12" type="cond" truecount="1" falsecount="1"/>
        <line num="486" count="7" type="cond" truecount="1" falsecount="1"/>
        <line num="487" count="7" type="stmt"/>
        <line num="496" count="19" type="cond" truecount="1" falsecount="1"/>
        <line num="497" count="0" type="stmt"/>
        <line num="500" count="19" type="stmt"/>
        <line num="519" count="7" type="stmt"/>
        <line num="520" count="7" type="stmt"/>
        <line num="524" count="7" type="stmt"/>
        <line num="525" count="19" type="stmt"/>
        <line num="526" count="19" type="stmt"/>
        <line num="529" count="7" type="stmt"/>
        <line num="530" count="9" type="stmt"/>
        <line num="531" count="9" type="stmt"/>
        <line num="532" count="9" type="stmt"/>
        <line num="534" count="9" type="stmt"/>
        <line num="536" count="13" type="stmt"/>
        <line num="537" count="13" type="stmt"/>
        <line num="539" count="13" type="stmt"/>
        <line num="541" count="13" type="stmt"/>
        <line num="542" count="47" type="cond" truecount="2" falsecount="0"/>
        <line num="549" count="13" type="cond" truecount="4" falsecount="0"/>
        <line num="550" count="2" type="stmt"/>
        <line num="551" count="2" type="stmt"/>
        <line num="552" count="2" type="stmt"/>
        <line num="553" count="2" type="stmt"/>
        <line num="554" count="2" type="stmt"/>
        <line num="563" count="13" type="stmt"/>
        <line num="564" count="13" type="cond" truecount="2" falsecount="0"/>
        <line num="568" count="7" type="stmt"/>
        <line num="569" count="12" type="stmt"/>
        <line num="570" count="12" type="stmt"/>
        <line num="571" count="12" type="stmt"/>
        <line num="573" count="12" type="stmt"/>
        <line num="575" count="4" type="stmt"/>
        <line num="576" count="4" type="stmt"/>
        <line num="579" count="4" type="stmt"/>
        <line num="580" count="20" type="cond" truecount="2" falsecount="0"/>
        <line num="595" count="4" type="cond" truecount="2" falsecount="0"/>
        <line num="597" count="2" type="stmt"/>
        <line num="598" count="4" type="stmt"/>
        <line num="599" count="2" type="stmt"/>
        <line num="602" count="4" type="stmt"/>
        <line num="603" count="4" type="stmt"/>
        <line num="608" count="7" type="stmt"/>
        <line num="609" count="6" type="stmt"/>
        <line num="610" count="6" type="stmt"/>
        <line num="613" count="7" type="stmt"/>
        <line num="614" count="6" type="stmt"/>
        <line num="615" count="6" type="stmt"/>
        <line num="617" count="7" type="stmt"/>
        <line num="626" count="7" type="stmt"/>
        <line num="627" count="7" type="stmt"/>
        <line num="630" count="7" type="stmt"/>
        <line num="631" count="1" type="stmt"/>
        <line num="632" count="1" type="stmt"/>
        <line num="634" count="1" type="stmt"/>
        <line num="635" count="3" type="cond" truecount="1" falsecount="1"/>
        <line num="636" count="3" type="stmt"/>
        <line num="637" count="3" type="stmt"/>
        <line num="638" count="3" type="stmt"/>
        <line num="639" count="2" type="stmt"/>
        <line num="640" count="2" type="stmt"/>
        <line num="642" count="2" type="stmt"/>
        <line num="643" count="4" type="cond" truecount="2" falsecount="0"/>
        <line num="645" count="2" type="stmt"/>
        <line num="646" count="2" type="stmt"/>
        <line num="651" count="1" type="stmt"/>
        <line num="652" count="3" type="cond" truecount="1" falsecount="1"/>
        <line num="653" count="3" type="stmt"/>
        <line num="654" count="3" type="stmt"/>
        <line num="655" count="3" type="stmt"/>
        <line num="657" count="2" type="stmt"/>
        <line num="658" count="2" type="stmt"/>
        <line num="660" count="2" type="stmt"/>
        <line num="662" count="2" type="stmt"/>
        <line num="663" count="5" type="cond" truecount="2" falsecount="0"/>
        <line num="670" count="2" type="cond" truecount="4" falsecount="0"/>
        <line num="671" count="1" type="stmt"/>
        <line num="672" count="1" type="stmt"/>
        <line num="673" count="1" type="stmt"/>
        <line num="674" count="1" type="stmt"/>
        <line num="675" count="1" type="stmt"/>
        <line num="682" count="2" type="stmt"/>
        <line num="683" count="2" type="cond" truecount="2" falsecount="0"/>
        <line num="688" count="1" type="stmt"/>
        <line num="689" count="2" type="cond" truecount="1" falsecount="1"/>
        <line num="690" count="2" type="stmt"/>
        <line num="691" count="2" type="stmt"/>
        <line num="692" count="2" type="stmt"/>
        <line num="694" count="2" type="stmt"/>
        <line num="695" count="2" type="stmt"/>
        <line num="699" count="2" type="stmt"/>
        <line num="700" count="10" type="cond" truecount="2" falsecount="0"/>
        <line num="708" count="2" type="cond" truecount="2" falsecount="0"/>
        <line num="710" count="1" type="stmt"/>
        <line num="711" count="2" type="stmt"/>
        <line num="712" count="1" type="stmt"/>
        <line num="715" count="2" type="stmt"/>
        <line num="716" count="2" type="stmt"/>
        <line num="722" count="7" type="stmt"/>
        <line num="723" count="1" type="stmt"/>
        <line num="724" count="1" type="stmt"/>
        <line num="725" count="1" type="stmt"/>
        <line num="726" count="1" type="cond" truecount="1" falsecount="1"/>
        <line num="727" count="1" type="stmt"/>
        <line num="728" count="1" type="stmt"/>
        <line num="729" count="1" type="stmt"/>
        <line num="734" count="7" type="stmt"/>
        <line num="735" count="1" type="stmt"/>
        <line num="736" count="1" type="stmt"/>
        <line num="737" count="1" type="stmt"/>
        <line num="738" count="1" type="cond" truecount="1" falsecount="1"/>
        <line num="739" count="1" type="stmt"/>
        <line num="740" count="1" type="stmt"/>
        <line num="741" count="1" type="stmt"/>
        <line num="742" count="1" type="cond" truecount="1" falsecount="1"/>
        <line num="743" count="1" type="stmt"/>
        <line num="744" count="1" type="stmt"/>
        <line num="745" count="1" type="stmt"/>
        <line num="747" count="0" type="stmt"/>
        <line num="752" count="7" type="stmt"/>
        <line num="769" count="46" type="stmt"/>
        <line num="774" count="46" type="cond" truecount="4" falsecount="0"/>
        <line num="775" count="6" type="stmt"/>
        <line num="776" count="232" type="cond" truecount="3" falsecount="1"/>
        <line num="777" count="40" type="stmt"/>
        <line num="778" count="40" type="stmt"/>
        <line num="788" count="11" type="stmt"/>
        <line num="790" count="11" type="cond" truecount="1" falsecount="1"/>
        <line num="791" count="11" type="stmt"/>
        <line num="793" count="11" type="stmt"/>
        <line num="794" count="11" type="cond" truecount="1" falsecount="1"/>
        <line num="804" count="1" type="stmt"/>
        <line num="831" count="5" type="stmt"/>
        <line num="832" count="10" type="stmt"/>
        <line num="833" count="10" type="stmt"/>
        <line num="834" count="10" type="cond" truecount="1" falsecount="1"/>
        <line num="835" count="10" type="stmt"/>
        <line num="836" count="10" type="cond" truecount="4" falsecount="0"/>
        <line num="838" count="6" type="stmt"/>
        <line num="839" count="6" type="cond" truecount="1" falsecount="1"/>
        <line num="840" count="0" type="stmt"/>
        <line num="842" count="6" type="stmt"/>
        <line num="845" count="6" type="stmt"/>
        <line num="851" count="1" type="stmt"/>
        <line num="852" count="1" type="stmt"/>
        <line num="853" count="1" type="stmt"/>
        <line num="854" count="1" type="stmt"/>
        <line num="855" count="1" type="stmt"/>
        <line num="858" count="1" type="stmt"/>
        <line num="889" count="19" type="stmt"/>
        <line num="892" count="19" type="stmt"/>
        <line num="895" count="6" type="stmt"/>
        <line num="898" count="6" type="stmt"/>
        <line num="907" count="18" type="stmt"/>
        <line num="914" count="18" type="stmt"/>
        <line num="915" count="18" type="stmt"/>
        <line num="926" count="2" type="cond" truecount="1" falsecount="1"/>
        <line num="927" count="2" type="cond" truecount="1" falsecount="1"/>
        <line num="929" count="2" type="cond" truecount="1" falsecount="1"/>
        <line num="931" count="2" type="stmt"/>
        <line num="933" count="2" type="stmt"/>
        <line num="939" count="4" type="stmt"/>
      </file>
      <file name="page-group.js" path="/Users/logic/PJ-Git/AutoTemplate#v01/src/page-group.js">
        <metrics statements="89" coveredstatements="80" conditionals="62" coveredconditionals="41" methods="14" coveredmethods="12"/>
        <line num="1" count="4" type="stmt"/>
        <line num="2" count="4" type="stmt"/>
        <line num="10" count="29" type="stmt"/>
        <line num="11" count="29" type="stmt"/>
        <line num="15" count="29" type="stmt"/>
        <line num="16" count="29" type="stmt"/>
        <line num="20" count="29" type="stmt"/>
        <line num="21" count="29" type="stmt"/>
        <line num="22" count="29" type="stmt"/>
        <line num="26" count="3" type="stmt"/>
        <line num="28" count="10" type="cond" truecount="1" falsecount="1"/>
        <line num="29" count="10" type="stmt"/>
        <line num="31" count="1" type="stmt"/>
        <line num="33" count="0" type="cond" truecount="0" falsecount="2"/>
        <line num="34" count="0" type="stmt"/>
        <line num="36" count="2" type="stmt"/>
        <line num="38" count="0" type="cond" truecount="0" falsecount="2"/>
        <line num="39" count="0" type="stmt"/>
        <line num="43" count="29" type="stmt"/>
        <line num="44" count="29" type="stmt"/>
        <line num="53" count="40" type="stmt"/>
        <line num="56" count="40" type="cond" truecount="2" falsecount="0"/>
        <line num="57" count="30" type="stmt"/>
        <line num="59" count="40" type="cond" truecount="2" falsecount="0"/>
        <line num="61" count="40" type="stmt"/>
        <line num="63" count="50" type="stmt"/>
        <line num="64" count="50" type="stmt"/>
        <line num="65" count="50" type="cond" truecount="2" falsecount="0"/>
        <line num="66" count="50" type="cond" truecount="1" falsecount="1"/>
        <line num="68" count="50" type="cond" truecount="1" falsecount="1"/>
        <line num="69" count="0" type="stmt"/>
        <line num="72" count="50" type="cond" truecount="4" falsecount="0"/>
        <line num="73" count="30" type="stmt"/>
        <line num="76" count="50" type="stmt"/>
        <line num="88" count="11" type="stmt"/>
        <line num="92" count="11" type="cond" truecount="2" falsecount="0"/>
        <line num="93" count="11" type="cond" truecount="2" falsecount="0"/>
        <line num="94" count="11" type="cond" truecount="2" falsecount="0"/>
        <line num="95" count="11" type="cond" truecount="1" falsecount="1"/>
        <line num="101" count="11" type="stmt"/>
        <line num="102" count="27" type="stmt"/>
        <line num="103" count="27" type="stmt"/>
        <line num="104" count="27" type="cond" truecount="1" falsecount="1"/>
        <line num="105" count="27" type="stmt"/>
        <line num="106" count="27" type="cond" truecount="1" falsecount="1"/>
        <line num="108" count="27" type="stmt"/>
        <line num="110" count="27" type="stmt"/>
        <line num="111" count="27" type="stmt"/>
        <line num="122" count="27" type="stmt"/>
        <line num="123" count="24" type="cond" truecount="1" falsecount="1"/>
        <line num="124" count="24" type="stmt"/>
        <line num="127" count="27" type="stmt"/>
        <line num="129" count="27" type="cond" truecount="1" falsecount="1"/>
        <line num="130" count="27" type="stmt"/>
        <line num="131" count="27" type="cond" truecount="1" falsecount="1"/>
        <line num="132" count="27" type="stmt"/>
        <line num="160" count="18" type="stmt"/>
        <line num="162" count="18" type="stmt"/>
        <line num="169" count="18" type="stmt"/>
        <line num="170" count="18" type="stmt"/>
        <line num="219" count="14" type="stmt"/>
        <line num="220" count="14" type="stmt"/>
        <line num="223" count="14" type="cond" truecount="2" falsecount="0"/>
        <line num="224" count="2" type="stmt"/>
        <line num="225" count="2" type="stmt"/>
        <line num="227" count="12" type="stmt"/>
        <line num="231" count="14" type="cond" truecount="2" falsecount="0"/>
        <line num="235" count="4" type="stmt"/>
        <line num="238" count="10" type="stmt"/>
        <line num="243" count="14" type="cond" truecount="3" falsecount="1"/>
        <line num="244" count="0" type="stmt"/>
        <line num="246" count="14" type="cond" truecount="1" falsecount="1"/>
        <line num="247" count="0" type="stmt"/>
        <line num="249" count="14" type="cond" truecount="1" falsecount="1"/>
        <line num="250" count="0" type="stmt"/>
        <line num="254" count="14" type="stmt"/>
        <line num="255" count="14" type="cond" truecount="4" falsecount="2"/>
        <line num="257" count="0" type="stmt"/>
        <line num="261" count="14" type="cond" truecount="2" falsecount="0"/>
        <line num="262" count="10" type="stmt"/>
        <line num="263" count="10" type="stmt"/>
        <line num="270" count="14" type="stmt"/>
        <line num="279" count="19" type="stmt"/>
        <line num="282" count="19" type="stmt"/>
        <line num="283" count="30" type="stmt"/>
        <line num="284" count="30" type="stmt"/>
        <line num="289" count="19" type="stmt"/>
        <line num="293" count="4" type="stmt"/>
        <line num="294" count="4" type="stmt"/>
      </file>
      <file name="source-compile.js" path="/Users/logic/PJ-Git/AutoTemplate#v01/src/source-compile.js">
        <metrics statements="154" coveredstatements="126" conditionals="63" coveredconditionals="48" methods="37" coveredmethods="24"/>
        <line num="1" count="4" type="stmt"/>
        <line num="2" count="4" type="stmt"/>
        <line num="3" count="4" type="stmt"/>
        <line num="4" count="4" type="stmt"/>
        <line num="5" count="4" type="stmt"/>
        <line num="6" count="4" type="stmt"/>
        <line num="7" count="4" type="stmt"/>
        <line num="30" count="134" type="stmt"/>
        <line num="34" count="134" type="stmt"/>
        <line num="35" count="134" type="stmt"/>
        <line num="36" count="134" type="stmt"/>
        <line num="37" count="134" type="stmt"/>
        <line num="38" count="134" type="stmt"/>
        <line num="39" count="134" type="stmt"/>
        <line num="43" count="4" type="stmt"/>
        <line num="44" count="4" type="stmt"/>
        <line num="52" count="212" type="stmt"/>
        <line num="53" count="212" type="stmt"/>
        <line num="54" count="212" type="cond" truecount="2" falsecount="0"/>
        <line num="56" count="30" type="stmt"/>
        <line num="59" count="56" type="cond" truecount="2" falsecount="0"/>
        <line num="61" count="12" type="stmt"/>
        <line num="65" count="0" type="stmt"/>
        <line num="66" count="0" type="stmt"/>
        <line num="67" count="0" type="stmt"/>
        <line num="72" count="134" type="stmt"/>
        <line num="73" count="134" type="stmt"/>
        <line num="78" count="4" type="stmt"/>
        <line num="79" count="4" type="stmt"/>
        <line num="85" count="4" type="stmt"/>
        <line num="89" count="0" type="stmt"/>
        <line num="93" count="0" type="stmt"/>
        <line num="97" count="0" type="stmt"/>
        <line num="106" count="0" type="stmt"/>
        <line num="108" count="0" type="stmt"/>
        <line num="113" count="58" type="stmt"/>
        <line num="114" count="58" type="stmt"/>
        <line num="115" count="58" type="stmt"/>
        <line num="116" count="58" type="stmt"/>
        <line num="117" count="58" type="stmt"/>
        <line num="121" count="58" type="stmt"/>
        <line num="124" count="58" type="stmt"/>
        <line num="125" count="58" type="stmt"/>
        <line num="126" count="58" type="stmt"/>
        <line num="129" count="58" type="stmt"/>
        <line num="130" count="58" type="stmt"/>
        <line num="131" count="58" type="stmt"/>
        <line num="134" count="58" type="stmt"/>
        <line num="135" count="58" type="stmt"/>
        <line num="136" count="58" type="stmt"/>
        <line num="139" count="58" type="stmt"/>
        <line num="140" count="58" type="stmt"/>
        <line num="143" count="58" type="cond" truecount="2" falsecount="0"/>
        <line num="144" count="40" type="stmt"/>
        <line num="145" count="40" type="cond" truecount="2" falsecount="0"/>
        <line num="146" count="11" type="stmt"/>
        <line num="149" count="40" type="stmt"/>
        <line num="153" count="40" type="cond" truecount="1" falsecount="1"/>
        <line num="155" count="40" type="cond" truecount="2" falsecount="2"/>
        <line num="156" count="40" type="stmt"/>
        <line num="164" count="0" type="stmt"/>
        <line num="168" count="40" type="stmt"/>
        <line num="171" count="40" type="stmt"/>
        <line num="175" count="58" type="stmt"/>
        <line num="177" count="58" type="stmt"/>
        <line num="200" count="40" type="stmt"/>
        <line num="201" count="40" type="cond" truecount="1" falsecount="1"/>
        <line num="207" count="15" type="stmt"/>
        <line num="208" count="15" type="cond" truecount="2" falsecount="0"/>
        <line num="209" count="6" type="stmt"/>
        <line num="211" count="15" type="stmt"/>
        <line num="214" count="0" type="stmt"/>
        <line num="215" count="0" type="stmt"/>
        <line num="217" count="0" type="stmt"/>
        <line num="218" count="0" type="stmt"/>
        <line num="219" count="0" type="stmt"/>
        <line num="220" count="0" type="cond" truecount="0" falsecount="2"/>
        <line num="222" count="0" type="stmt"/>
        <line num="226" count="40" type="cond" truecount="2" falsecount="0"/>
        <line num="227" count="15" type="stmt"/>
        <line num="230" count="25" type="cond" truecount="1" falsecount="1"/>
        <line num="231" count="0" type="stmt"/>
        <line num="233" count="0" type="stmt"/>
        <line num="236" count="40" type="stmt"/>
        <line num="242" count="58" type="stmt"/>
        <line num="245" count="58" type="stmt"/>
        <line num="248" count="40" type="stmt"/>
        <line num="257" count="54" type="stmt"/>
        <line num="261" count="54" type="stmt"/>
        <line num="263" count="54" type="stmt"/>
        <line num="271" count="54" type="stmt"/>
        <line num="272" count="54" type="stmt"/>
        <line num="273" count="54" type="stmt"/>
        <line num="289" count="117" type="stmt"/>
        <line num="290" count="117" type="stmt"/>
        <line num="292" count="117" type="stmt"/>
        <line num="297" count="117" type="cond" truecount="2" falsecount="0"/>
        <line num="298" count="5" type="stmt"/>
        <line num="299" count="5" type="stmt"/>
        <line num="300" count="112" type="stmt"/>
        <line num="303" count="117" type="cond" truecount="2" falsecount="0"/>
        <line num="304" count="12" type="stmt"/>
        <line num="305" count="4" type="stmt"/>
        <line num="307" count="105" type="stmt"/>
        <line num="311" count="117" type="cond" truecount="3" falsecount="1"/>
        <line num="312" count="0" type="stmt"/>
        <line num="314" count="117" type="cond" truecount="3" falsecount="1"/>
        <line num="315" count="0" type="stmt"/>
        <line num="318" count="117" type="cond" truecount="3" falsecount="1"/>
        <line num="319" count="0" type="stmt"/>
        <line num="324" count="117" type="cond" truecount="2" falsecount="0"/>
        <line num="325" count="56" type="stmt"/>
        <line num="326" count="168" type="cond" truecount="4" falsecount="2"/>
        <line num="328" count="0" type="stmt"/>
        <line num="340" count="117" type="stmt"/>
        <line num="342" count="117" type="cond" truecount="2" falsecount="0"/>
        <line num="353" count="117" type="stmt"/>
        <line num="365" count="117" type="stmt"/>
        <line num="376" count="0" type="stmt"/>
        <line num="377" count="0" type="stmt"/>
        <line num="378" count="0" type="stmt"/>
        <line num="389" count="57" type="stmt"/>
        <line num="390" count="57" type="stmt"/>
        <line num="394" count="57" type="stmt"/>
        <line num="395" count="57" type="stmt"/>
        <line num="396" count="57" type="stmt"/>
        <line num="400" count="57" type="cond" truecount="2" falsecount="0"/>
        <line num="401" count="38" type="stmt"/>
        <line num="403" count="57" type="stmt"/>
        <line num="404" count="77" type="stmt"/>
        <line num="405" count="77" type="stmt"/>
        <line num="406" count="77" type="stmt"/>
        <line num="407" count="122" type="stmt"/>
        <line num="408" count="122" type="stmt"/>
        <line num="409" count="122" type="stmt"/>
        <line num="411" count="122" type="stmt"/>
        <line num="413" count="122" type="cond" truecount="2" falsecount="0"/>
        <line num="416" count="17" type="stmt"/>
        <line num="417" count="17" type="stmt"/>
        <line num="419" count="105" type="stmt"/>
        <line num="438" count="122" type="stmt"/>
        <line num="439" count="122" type="stmt"/>
        <line num="440" count="122" type="stmt"/>
        <line num="441" count="122" type="stmt"/>
        <line num="442" count="122" type="cond" truecount="2" falsecount="0"/>
        <line num="443" count="122" type="stmt"/>
        <line num="454" count="234" type="stmt"/>
        <line num="455" count="311" type="stmt"/>
        <line num="457" count="0" type="cond" truecount="0" falsecount="2"/>
        <line num="458" count="0" type="stmt"/>
        <line num="460" count="0" type="stmt"/>
        <line num="469" count="17" type="stmt"/>
        <line num="473" count="4" type="stmt"/>
        <line num="474" count="4" type="stmt"/>
      </file>
      <file name="source-template.js" path="/Users/logic/PJ-Git/AutoTemplate#v01/src/source-template.js">
        <metrics statements="93" coveredstatements="79" conditionals="39" coveredconditionals="24" methods="25" coveredmethods="22"/>
        <line num="1" count="4" type="stmt"/>
        <line num="2" count="4" type="stmt"/>
        <line num="3" count="4" type="stmt"/>
        <line num="19" count="175" type="stmt"/>
        <line num="20" count="175" type="stmt"/>
        <line num="24" count="175" type="stmt"/>
        <line num="25" count="175" type="stmt"/>
        <line num="29" count="175" type="stmt"/>
        <line num="30" count="175" type="stmt"/>
        <line num="31" count="175" type="stmt"/>
        <line num="32" count="175" type="stmt"/>
        <line num="34" count="175" type="stmt"/>
        <line num="38" count="6" type="stmt"/>
        <line num="39" count="6" type="stmt"/>
        <line num="40" count="53" type="stmt"/>
        <line num="49" count="6" type="stmt"/>
        <line num="50" count="246" type="stmt"/>
        <line num="51" count="27" type="cond" truecount="2" falsecount="0"/>
        <line num="52" count="312" type="stmt"/>
        <line num="53" count="16" type="cond" truecount="2" falsecount="0"/>
        <line num="54" count="224" type="stmt"/>
        <line num="55" count="6" type="stmt"/>
        <line num="56" count="16" type="cond" truecount="1" falsecount="1"/>
        <line num="57" count="16" type="stmt"/>
        <line num="74" count="175" type="stmt"/>
        <line num="75" count="175" type="stmt"/>
        <line num="76" count="175" type="stmt"/>
        <line num="77" count="175" type="stmt"/>
        <line num="78" count="175" type="stmt"/>
        <line num="83" count="175" type="stmt"/>
        <line num="84" count="175" type="stmt"/>
        <line num="85" count="175" type="stmt"/>
        <line num="91" count="6" type="stmt"/>
        <line num="126" count="6" type="stmt"/>
        <line num="135" count="36" type="stmt"/>
        <line num="136" count="36" type="stmt"/>
        <line num="144" count="36" type="stmt"/>
        <line num="145" count="36" type="stmt"/>
        <line num="146" count="36" type="stmt"/>
        <line num="211" count="34" type="cond" truecount="1" falsecount="1"/>
        <line num="212" count="0" type="stmt"/>
        <line num="213" count="0" type="stmt"/>
        <line num="214" count="34" type="stmt"/>
        <line num="216" count="34" type="cond" truecount="1" falsecount="1"/>
        <line num="217" count="0" type="stmt"/>
        <line num="218" count="0" type="stmt"/>
        <line num="220" count="34" type="stmt"/>
        <line num="224" count="34" type="cond" truecount="3" falsecount="1"/>
        <line num="225" count="0" type="stmt"/>
        <line num="227" count="34" type="cond" truecount="3" falsecount="1"/>
        <line num="228" count="0" type="stmt"/>
        <line num="231" count="34" type="cond" truecount="5" falsecount="1"/>
        <line num="232" count="0" type="stmt"/>
        <line num="233" count="34" type="cond" truecount="3" falsecount="1"/>
        <line num="234" count="0" type="stmt"/>
        <line num="247" count="34" type="stmt"/>
        <line num="248" count="34" type="stmt"/>
        <line num="250" count="34" type="stmt"/>
        <line num="261" count="0" type="stmt"/>
        <line num="262" count="0" type="stmt"/>
        <line num="263" count="0" type="stmt"/>
        <line num="274" count="38" type="stmt"/>
        <line num="275" count="38" type="stmt"/>
        <line num="276" count="38" type="stmt"/>
        <line num="277" count="38" type="stmt"/>
        <line num="278" count="38" type="stmt"/>
        <line num="279" count="38" type="stmt"/>
        <line num="282" count="38" type="stmt"/>
        <line num="283" count="58" type="stmt"/>
        <line num="284" count="58" type="stmt"/>
        <line num="285" count="58" type="stmt"/>
        <line num="286" count="41" type="stmt"/>
        <line num="287" count="41" type="stmt"/>
        <line num="288" count="41" type="stmt"/>
        <line num="290" count="41" type="stmt"/>
        <line num="292" count="41" type="cond" truecount="2" falsecount="0"/>
        <line num="295" count="7" type="stmt"/>
        <line num="296" count="7" type="stmt"/>
        <line num="298" count="34" type="stmt"/>
        <line num="314" count="41" type="stmt"/>
        <line num="317" count="41" type="stmt"/>
        <line num="318" count="41" type="stmt"/>
        <line num="319" count="41" type="stmt"/>
        <line num="320" count="41" type="cond" truecount="1" falsecount="1"/>
        <line num="321" count="41" type="stmt"/>
        <line num="332" count="68" type="stmt"/>
        <line num="333" count="82" type="stmt"/>
        <line num="335" count="0" type="cond" truecount="0" falsecount="4"/>
        <line num="336" count="0" type="stmt"/>
        <line num="338" count="0" type="stmt"/>
        <line num="347" count="7" type="stmt"/>
        <line num="351" count="4" type="stmt"/>
        <line num="352" count="4" type="stmt"/>
      </file>
    </package>
  </project>
</coverage>
