<?xml version="1.0" encoding="UTF-8"?>
<coverage generated="1679301762611" clover="3.2.0">
  <project timestamp="1679301762611" name="All files">
    <metrics statements="789" coveredstatements="778" conditionals="409" coveredconditionals="345" methods="149" coveredmethods="143" elements="1347" coveredelements="1266" complexity="0" loc="789" ncloc="789" packages="1" files="5" classes="5"/>
    <file name="auto-task.js" path="/Users/kimneo/PJ-Git/AutoTemplate#v01/src/auto-task.js">
      <metrics statements="39" coveredstatements="39" conditionals="15" coveredconditionals="15" methods="8" coveredmethods="8"/>
      <line num="1" count="9" type="stmt"/>
      <line num="2" count="9" type="stmt"/>
      <line num="3" count="9" type="stmt"/>
      <line num="16" count="40" type="stmt"/>
      <line num="18" count="40" type="stmt"/>
      <line num="19" count="40" type="stmt"/>
      <line num="26" count="9" type="stmt"/>
      <line num="30" count="40" type="stmt"/>
      <line num="31" count="40" type="stmt"/>
      <line num="32" count="40" type="stmt"/>
      <line num="45" count="39" type="stmt"/>
      <line num="47" count="39" type="cond" truecount="2" falsecount="0"/>
      <line num="48" count="38" type="stmt"/>
      <line num="49" count="38" type="stmt"/>
      <line num="70" count="41" type="cond" truecount="4" falsecount="0"/>
      <line num="71" count="1" type="stmt"/>
      <line num="73" count="40" type="stmt"/>
      <line num="75" count="40" type="cond" truecount="4" falsecount="0"/>
      <line num="76" count="7" type="stmt"/>
      <line num="78" count="40" type="stmt"/>
      <line num="80" count="40" type="stmt"/>
      <line num="82" count="39" type="stmt"/>
      <line num="90" count="3" type="cond" truecount="2" falsecount="0"/>
      <line num="91" count="1" type="stmt"/>
      <line num="93" count="2" type="stmt"/>
      <line num="103" count="22" type="stmt"/>
      <line num="109" count="22" type="stmt"/>
      <line num="112" count="22" type="stmt"/>
      <line num="119" count="7" type="stmt"/>
      <line num="123" count="7" type="stmt"/>
      <line num="131" count="1" type="stmt"/>
      <line num="135" count="1" type="stmt"/>
      <line num="145" count="40" type="stmt"/>
      <line num="149" count="40" type="stmt"/>
      <line num="150" count="40" type="stmt"/>
      <line num="154" count="40" type="cond" truecount="2" falsecount="0"/>
      <line num="156" count="39" type="stmt"/>
      <line num="157" count="39" type="stmt"/>
      <line num="196" count="9" type="stmt"/>
    </file>
    <file name="auto-template.js" path="/Users/kimneo/PJ-Git/AutoTemplate#v01/src/auto-template.js">
      <metrics statements="358" coveredstatements="352" conditionals="184" coveredconditionals="146" methods="57" coveredmethods="57"/>
      <line num="1" count="22" type="stmt"/>
      <line num="2" count="22" type="stmt"/>
      <line num="3" count="22" type="stmt"/>
      <line num="4" count="22" type="stmt"/>
      <line num="5" count="22" type="stmt"/>
      <line num="6" count="22" type="stmt"/>
      <line num="7" count="22" type="stmt"/>
      <line num="19" count="43" type="stmt"/>
      <line num="28" count="43" type="stmt"/>
      <line num="37" count="43" type="stmt"/>
      <line num="44" count="43" type="stmt"/>
      <line num="51" count="43" type="stmt"/>
      <line num="54" count="43" type="stmt"/>
      <line num="55" count="43" type="stmt"/>
      <line num="56" count="43" type="stmt"/>
      <line num="57" count="43" type="stmt"/>
      <line num="58" count="43" type="stmt"/>
      <line num="62" count="43" type="stmt"/>
      <line num="63" count="43" type="stmt"/>
      <line num="68" count="43" type="stmt"/>
      <line num="72" count="43" type="stmt"/>
      <line num="73" count="43" type="stmt"/>
      <line num="74" count="43" type="stmt"/>
      <line num="75" count="43" type="stmt"/>
      <line num="76" count="43" type="stmt"/>
      <line num="77" count="43" type="stmt"/>
      <line num="78" count="43" type="stmt"/>
      <line num="79" count="43" type="stmt"/>
      <line num="80" count="43" type="stmt"/>
      <line num="81" count="43" type="stmt"/>
      <line num="82" count="43" type="stmt"/>
      <line num="83" count="43" type="stmt"/>
      <line num="87" count="321" type="cond" truecount="2" falsecount="0"/>
      <line num="89" count="6" type="cond" truecount="2" falsecount="0"/>
      <line num="90" count="3" type="stmt"/>
      <line num="93" count="1063" type="stmt"/>
      <line num="94" count="1063" type="cond" truecount="1" falsecount="1"/>
      <line num="95" count="1063" type="stmt"/>
      <line num="98" count="53" type="cond" truecount="4" falsecount="0"/>
      <line num="99" count="1" type="stmt"/>
      <line num="100" count="52" type="cond" truecount="1" falsecount="1"/>
      <line num="102" count="172" type="stmt"/>
      <line num="103" count="118" type="stmt"/>
      <line num="104" count="9" type="stmt"/>
      <line num="105" count="142" type="stmt"/>
      <line num="107" count="3" type="cond" truecount="4" falsecount="0"/>
      <line num="108" count="2" type="stmt"/>
      <line num="109" count="2" type="stmt"/>
      <line num="110" count="1" type="stmt"/>
      <line num="112" count="142" type="stmt"/>
      <line num="114" count="3" type="cond" truecount="4" falsecount="0"/>
      <line num="115" count="2" type="stmt"/>
      <line num="116" count="2" type="stmt"/>
      <line num="117" count="1" type="stmt"/>
      <line num="119" count="242" type="stmt"/>
      <line num="121" count="6" type="cond" truecount="2" falsecount="0"/>
      <line num="122" count="4" type="stmt"/>
      <line num="123" count="4" type="stmt"/>
      <line num="124" count="2" type="stmt"/>
      <line num="126" count="143" type="stmt"/>
      <line num="128" count="5" type="cond" truecount="2" falsecount="0"/>
      <line num="129" count="3" type="stmt"/>
      <line num="130" count="3" type="stmt"/>
      <line num="131" count="2" type="stmt"/>
      <line num="133" count="355" type="stmt"/>
      <line num="135" count="6" type="cond" truecount="2" falsecount="0"/>
      <line num="136" count="4" type="stmt"/>
      <line num="137" count="4" type="stmt"/>
      <line num="138" count="2" type="stmt"/>
      <line num="140" count="314" type="stmt"/>
      <line num="142" count="3" type="cond" truecount="2" falsecount="0"/>
      <line num="143" count="2" type="stmt"/>
      <line num="144" count="2" type="stmt"/>
      <line num="145" count="1" type="stmt"/>
      <line num="148" count="99" type="cond" truecount="2" falsecount="0"/>
      <line num="149" count="99" type="stmt"/>
      <line num="152" count="99" type="cond" truecount="2" falsecount="0"/>
      <line num="153" count="99" type="stmt"/>
      <line num="158" count="2" type="stmt"/>
      <line num="159" count="2" type="stmt"/>
      <line num="160" count="2" type="stmt"/>
      <line num="161" count="2" type="stmt"/>
      <line num="169" count="43" type="cond" truecount="2" falsecount="0"/>
      <line num="170" count="43" type="cond" truecount="1" falsecount="1"/>
      <line num="171" count="43" type="stmt"/>
      <line num="172" count="43" type="stmt"/>
      <line num="173" count="43" type="stmt"/>
      <line num="174" count="43" type="stmt"/>
      <line num="175" count="43" type="stmt"/>
      <line num="176" count="43" type="stmt"/>
      <line num="177" count="43" type="stmt"/>
      <line num="196" count="43" type="stmt"/>
      <line num="199" count="43" type="stmt"/>
      <line num="200" count="3" type="stmt"/>
      <line num="211" count="43" type="stmt"/>
      <line num="212" count="43" type="stmt"/>
      <line num="213" count="43" type="stmt"/>
      <line num="214" count="43" type="stmt"/>
      <line num="215" count="43" type="stmt"/>
      <line num="219" count="43" type="stmt"/>
      <line num="222" count="43" type="cond" truecount="2" falsecount="0"/>
      <line num="223" count="40" type="cond" truecount="2" falsecount="0"/>
      <line num="225" count="14" type="stmt"/>
      <line num="226" count="14" type="cond" truecount="1" falsecount="1"/>
      <line num="227" count="14" type="cond" truecount="1" falsecount="1"/>
      <line num="228" count="14" type="cond" truecount="1" falsecount="1"/>
      <line num="233" count="43" type="stmt"/>
      <line num="241" count="22" type="stmt"/>
      <line num="242" count="22" type="stmt"/>
      <line num="243" count="22" type="stmt"/>
      <line num="244" count="22" type="stmt"/>
      <line num="245" count="22" type="stmt"/>
      <line num="258" count="30" type="cond" truecount="1" falsecount="1"/>
      <line num="259" count="0" type="stmt"/>
      <line num="261" count="30" type="cond" truecount="1" falsecount="1"/>
      <line num="262" count="0" type="stmt"/>
      <line num="265" count="30" type="cond" truecount="2" falsecount="0"/>
      <line num="267" count="11" type="stmt"/>
      <line num="277" count="49" type="stmt"/>
      <line num="278" count="49" type="stmt"/>
      <line num="280" count="49" type="cond" truecount="2" falsecount="0"/>
      <line num="282" count="40" type="stmt"/>
      <line num="283" count="40" type="cond" truecount="2" falsecount="0"/>
      <line num="285" count="16" type="stmt"/>
      <line num="286" count="16" type="cond" truecount="1" falsecount="1"/>
      <line num="287" count="16" type="stmt"/>
      <line num="290" count="24" type="stmt"/>
      <line num="291" count="31" type="stmt"/>
      <line num="292" count="31" type="cond" truecount="2" falsecount="0"/>
      <line num="293" count="22" type="stmt"/>
      <line num="294" count="22" type="stmt"/>
      <line num="298" count="24" type="cond" truecount="2" falsecount="0"/>
      <line num="299" count="19" type="stmt"/>
      <line num="300" count="19" type="cond" truecount="2" falsecount="0"/>
      <line num="302" count="17" type="stmt"/>
      <line num="303" count="17" type="cond" truecount="1" falsecount="1"/>
      <line num="304" count="17" type="stmt"/>
      <line num="309" count="0" type="stmt"/>
      <line num="314" count="22" type="stmt"/>
      <line num="315" count="6" type="stmt"/>
      <line num="316" count="6" type="stmt"/>
      <line num="318" count="6" type="cond" truecount="1" falsecount="1"/>
      <line num="319" count="0" type="cond" truecount="0" falsecount="2"/>
      <line num="320" count="6" type="cond" truecount="2" falsecount="0"/>
      <line num="321" count="3" type="stmt"/>
      <line num="323" count="3" type="cond" truecount="2" falsecount="2"/>
      <line num="324" count="3" type="stmt"/>
      <line num="327" count="6" type="stmt"/>
      <line num="328" count="6" type="cond" truecount="2" falsecount="0"/>
      <line num="330" count="22" type="stmt"/>
      <line num="333" count="22" type="stmt"/>
      <line num="334" count="68" type="stmt"/>
      <line num="335" count="68" type="stmt"/>
      <line num="337" count="68" type="cond" truecount="2" falsecount="0"/>
      <line num="338" count="44" type="cond" truecount="1" falsecount="1"/>
      <line num="339" count="24" type="cond" truecount="2" falsecount="0"/>
      <line num="340" count="16" type="stmt"/>
      <line num="342" count="8" type="cond" truecount="2" falsecount="2"/>
      <line num="343" count="8" type="stmt"/>
      <line num="348" count="68" type="stmt"/>
      <line num="349" count="68" type="cond" truecount="2" falsecount="0"/>
      <line num="352" count="22" type="stmt"/>
      <line num="355" count="22" type="cond" truecount="2" falsecount="0"/>
      <line num="357" count="22" type="cond" truecount="5" falsecount="0"/>
      <line num="359" count="13" type="stmt"/>
      <line num="360" count="9" type="stmt"/>
      <line num="370" count="22" type="stmt"/>
      <line num="371" count="154" type="cond" truecount="1" falsecount="1"/>
      <line num="373" count="22" type="stmt"/>
      <line num="376" count="44" type="cond" truecount="4" falsecount="0"/>
      <line num="377" count="106" type="stmt"/>
      <line num="378" count="27" type="stmt"/>
      <line num="379" count="27" type="stmt"/>
      <line num="380" count="27" type="stmt"/>
      <line num="384" count="22" type="stmt"/>
      <line num="385" count="22" type="stmt"/>
      <line num="386" count="22" type="stmt"/>
      <line num="387" count="22" type="stmt"/>
      <line num="388" count="22" type="stmt"/>
      <line num="389" count="22" type="stmt"/>
      <line num="396" count="9" type="stmt"/>
      <line num="407" count="9" type="stmt"/>
      <line num="410" count="9" type="cond" truecount="1" falsecount="1"/>
      <line num="413" count="9" type="stmt"/>
      <line num="414" count="14" type="stmt"/>
      <line num="418" count="9" type="stmt"/>
      <line num="419" count="6" type="stmt"/>
      <line num="429" count="6" type="stmt"/>
      <line num="445" count="9" type="stmt"/>
      <line num="448" count="9" type="stmt"/>
      <line num="463" count="3" type="stmt"/>
      <line num="475" count="38" type="stmt"/>
      <line num="479" count="38" type="cond" truecount="4" falsecount="0"/>
      <line num="480" count="15" type="stmt"/>
      <line num="481" count="15" type="cond" truecount="1" falsecount="1"/>
      <line num="482" count="23" type="cond" truecount="1" falsecount="1"/>
      <line num="483" count="23" type="stmt"/>
      <line num="492" count="38" type="cond" truecount="1" falsecount="1"/>
      <line num="493" count="0" type="stmt"/>
      <line num="496" count="38" type="stmt"/>
      <line num="514" count="14" type="stmt"/>
      <line num="515" count="14" type="stmt"/>
      <line num="519" count="14" type="stmt"/>
      <line num="520" count="38" type="stmt"/>
      <line num="521" count="38" type="stmt"/>
      <line num="524" count="14" type="stmt"/>
      <line num="525" count="28" type="stmt"/>
      <line num="526" count="28" type="stmt"/>
      <line num="527" count="28" type="stmt"/>
      <line num="529" count="28" type="stmt"/>
      <line num="530" count="20" type="stmt"/>
      <line num="531" count="20" type="stmt"/>
      <line num="533" count="20" type="stmt"/>
      <line num="535" count="20" type="stmt"/>
      <line num="536" count="62" type="cond" truecount="2" falsecount="0"/>
      <line num="538" count="20" type="cond" truecount="4" falsecount="0"/>
      <line num="539" count="3" type="stmt"/>
      <line num="540" count="3" type="stmt"/>
      <line num="541" count="3" type="stmt"/>
      <line num="542" count="3" type="stmt"/>
      <line num="543" count="3" type="stmt"/>
      <line num="545" count="20" type="stmt"/>
      <line num="546" count="20" type="cond" truecount="2" falsecount="0"/>
      <line num="550" count="14" type="stmt"/>
      <line num="551" count="25" type="stmt"/>
      <line num="552" count="25" type="stmt"/>
      <line num="553" count="25" type="stmt"/>
      <line num="555" count="25" type="stmt"/>
      <line num="556" count="6" type="stmt"/>
      <line num="557" count="6" type="stmt"/>
      <line num="560" count="6" type="stmt"/>
      <line num="561" count="30" type="cond" truecount="2" falsecount="0"/>
      <line num="563" count="6" type="cond" truecount="2" falsecount="0"/>
      <line num="565" count="3" type="stmt"/>
      <line num="566" count="6" type="stmt"/>
      <line num="567" count="3" type="stmt"/>
      <line num="570" count="6" type="stmt"/>
      <line num="571" count="6" type="stmt"/>
      <line num="576" count="14" type="stmt"/>
      <line num="577" count="13" type="stmt"/>
      <line num="578" count="13" type="stmt"/>
      <line num="581" count="14" type="stmt"/>
      <line num="582" count="13" type="stmt"/>
      <line num="583" count="13" type="stmt"/>
      <line num="585" count="14" type="stmt"/>
      <line num="593" count="14" type="stmt"/>
      <line num="594" count="14" type="stmt"/>
      <line num="597" count="14" type="stmt"/>
      <line num="598" count="1" type="stmt"/>
      <line num="599" count="1" type="stmt"/>
      <line num="601" count="1" type="stmt"/>
      <line num="602" count="3" type="cond" truecount="1" falsecount="1"/>
      <line num="603" count="3" type="stmt"/>
      <line num="605" count="3" type="stmt"/>
      <line num="606" count="3" type="stmt"/>
      <line num="607" count="2" type="stmt"/>
      <line num="608" count="2" type="stmt"/>
      <line num="610" count="2" type="stmt"/>
      <line num="611" count="4" type="cond" truecount="2" falsecount="0"/>
      <line num="613" count="2" type="stmt"/>
      <line num="614" count="2" type="stmt"/>
      <line num="619" count="1" type="stmt"/>
      <line num="620" count="3" type="cond" truecount="1" falsecount="1"/>
      <line num="621" count="3" type="stmt"/>
      <line num="623" count="3" type="stmt"/>
      <line num="624" count="3" type="stmt"/>
      <line num="626" count="2" type="stmt"/>
      <line num="627" count="2" type="stmt"/>
      <line num="629" count="2" type="stmt"/>
      <line num="631" count="2" type="stmt"/>
      <line num="632" count="5" type="cond" truecount="2" falsecount="0"/>
      <line num="634" count="2" type="cond" truecount="4" falsecount="0"/>
      <line num="635" count="1" type="stmt"/>
      <line num="636" count="1" type="stmt"/>
      <line num="637" count="1" type="stmt"/>
      <line num="638" count="1" type="stmt"/>
      <line num="639" count="1" type="stmt"/>
      <line num="641" count="2" type="stmt"/>
      <line num="642" count="2" type="cond" truecount="2" falsecount="0"/>
      <line num="647" count="1" type="stmt"/>
      <line num="648" count="2" type="cond" truecount="1" falsecount="1"/>
      <line num="649" count="2" type="stmt"/>
      <line num="651" count="2" type="stmt"/>
      <line num="652" count="2" type="stmt"/>
      <line num="653" count="2" type="stmt"/>
      <line num="654" count="2" type="stmt"/>
      <line num="657" count="2" type="stmt"/>
      <line num="658" count="10" type="cond" truecount="2" falsecount="0"/>
      <line num="660" count="2" type="cond" truecount="2" falsecount="0"/>
      <line num="661" count="1" type="stmt"/>
      <line num="662" count="2" type="stmt"/>
      <line num="663" count="1" type="stmt"/>
      <line num="666" count="2" type="stmt"/>
      <line num="667" count="2" type="stmt"/>
      <line num="673" count="14" type="stmt"/>
      <line num="674" count="1" type="stmt"/>
      <line num="675" count="1" type="stmt"/>
      <line num="676" count="1" type="stmt"/>
      <line num="677" count="1" type="cond" truecount="1" falsecount="1"/>
      <line num="678" count="1" type="stmt"/>
      <line num="679" count="1" type="stmt"/>
      <line num="680" count="1" type="stmt"/>
      <line num="685" count="14" type="stmt"/>
      <line num="686" count="1" type="stmt"/>
      <line num="687" count="1" type="stmt"/>
      <line num="688" count="1" type="stmt"/>
      <line num="689" count="1" type="cond" truecount="1" falsecount="1"/>
      <line num="690" count="1" type="stmt"/>
      <line num="691" count="1" type="stmt"/>
      <line num="692" count="1" type="stmt"/>
      <line num="693" count="1" type="cond" truecount="1" falsecount="1"/>
      <line num="694" count="1" type="stmt"/>
      <line num="695" count="1" type="stmt"/>
      <line num="696" count="1" type="stmt"/>
      <line num="698" count="0" type="stmt"/>
      <line num="703" count="14" type="stmt"/>
      <line num="720" count="70" type="stmt"/>
      <line num="725" count="70" type="cond" truecount="4" falsecount="0"/>
      <line num="726" count="6" type="stmt"/>
      <line num="727" count="301" type="cond" truecount="4" falsecount="0"/>
      <line num="728" count="63" type="stmt"/>
      <line num="729" count="63" type="stmt"/>
      <line num="738" count="24" type="stmt"/>
      <line num="741" count="24" type="cond" truecount="1" falsecount="1"/>
      <line num="742" count="24" type="stmt"/>
      <line num="744" count="24" type="stmt"/>
      <line num="745" count="24" type="cond" truecount="1" falsecount="1"/>
      <line num="753" count="1" type="stmt"/>
      <line num="760" count="5" type="stmt"/>
      <line num="761" count="10" type="stmt"/>
      <line num="762" count="10" type="stmt"/>
      <line num="763" count="10" type="cond" truecount="1" falsecount="1"/>
      <line num="764" count="10" type="stmt"/>
      <line num="765" count="10" type="cond" truecount="4" falsecount="0"/>
      <line num="767" count="6" type="stmt"/>
      <line num="768" count="6" type="cond" truecount="2" falsecount="0"/>
      <line num="769" count="1" type="stmt"/>
      <line num="771" count="6" type="stmt"/>
      <line num="774" count="6" type="stmt"/>
      <line num="780" count="1" type="stmt"/>
      <line num="781" count="1" type="stmt"/>
      <line num="782" count="1" type="stmt"/>
      <line num="783" count="1" type="stmt"/>
      <line num="784" count="1" type="stmt"/>
      <line num="787" count="1" type="stmt"/>
      <line num="793" count="43" type="stmt"/>
      <line num="796" count="43" type="stmt"/>
      <line num="799" count="9" type="stmt"/>
      <line num="802" count="9" type="stmt"/>
      <line num="811" count="43" type="stmt"/>
      <line num="818" count="43" type="stmt"/>
      <line num="819" count="43" type="stmt"/>
      <line num="830" count="3" type="cond" truecount="1" falsecount="1"/>
      <line num="831" count="3" type="cond" truecount="1" falsecount="1"/>
      <line num="833" count="3" type="cond" truecount="1" falsecount="1"/>
      <line num="835" count="3" type="stmt"/>
      <line num="837" count="3" type="stmt"/>
      <line num="842" count="22" type="stmt"/>
    </file>
    <file name="page-group.js" path="/Users/kimneo/PJ-Git/AutoTemplate#v01/src/page-group.js">
      <metrics statements="116" coveredstatements="116" conditionals="81" coveredconditionals="69" methods="18" coveredmethods="18"/>
      <line num="1" count="22" type="stmt"/>
      <line num="2" count="22" type="stmt"/>
      <line num="10" count="63" type="stmt"/>
      <line num="11" count="63" type="stmt"/>
      <line num="15" count="63" type="stmt"/>
      <line num="16" count="63" type="stmt"/>
      <line num="20" count="63" type="stmt"/>
      <line num="21" count="63" type="stmt"/>
      <line num="22" count="63" type="stmt"/>
      <line num="26" count="8" type="stmt"/>
      <line num="28" count="21" type="cond" truecount="1" falsecount="1"/>
      <line num="29" count="21" type="stmt"/>
      <line num="31" count="5" type="stmt"/>
      <line num="33" count="2" type="cond" truecount="1" falsecount="1"/>
      <line num="34" count="2" type="stmt"/>
      <line num="36" count="7" type="stmt"/>
      <line num="38" count="2" type="cond" truecount="1" falsecount="1"/>
      <line num="39" count="2" type="stmt"/>
      <line num="43" count="63" type="stmt"/>
      <line num="44" count="63" type="stmt"/>
      <line num="52" count="104" type="stmt"/>
      <line num="55" count="104" type="cond" truecount="2" falsecount="0"/>
      <line num="56" count="84" type="stmt"/>
      <line num="58" count="104" type="cond" truecount="2" falsecount="0"/>
      <line num="60" count="104" type="stmt"/>
      <line num="62" count="124" type="stmt"/>
      <line num="63" count="124" type="stmt"/>
      <line num="64" count="124" type="cond" truecount="2" falsecount="0"/>
      <line num="65" count="124" type="cond" truecount="2" falsecount="0"/>
      <line num="67" count="124" type="cond" truecount="2" falsecount="0"/>
      <line num="68" count="1" type="stmt"/>
      <line num="71" count="123" type="cond" truecount="4" falsecount="0"/>
      <line num="72" count="3" type="stmt"/>
      <line num="75" count="123" type="stmt"/>
      <line num="89" count="2" type="stmt"/>
      <line num="90" count="2" type="cond" truecount="1" falsecount="1"/>
      <line num="98" count="26" type="stmt"/>
      <line num="104" count="18" type="stmt"/>
      <line num="108" count="18" type="cond" truecount="1" falsecount="1"/>
      <line num="110" count="18" type="cond" truecount="2" falsecount="0"/>
      <line num="111" count="18" type="cond" truecount="2" falsecount="0"/>
      <line num="112" count="18" type="cond" truecount="2" falsecount="0"/>
      <line num="113" count="18" type="cond" truecount="2" falsecount="0"/>
      <line num="119" count="18" type="stmt"/>
      <line num="120" count="44" type="stmt"/>
      <line num="121" count="44" type="stmt"/>
      <line num="122" count="44" type="cond" truecount="1" falsecount="1"/>
      <line num="123" count="44" type="stmt"/>
      <line num="124" count="44" type="cond" truecount="2" falsecount="0"/>
      <line num="126" count="44" type="stmt"/>
      <line num="128" count="44" type="stmt"/>
      <line num="129" count="44" type="stmt"/>
      <line num="138" count="44" type="stmt"/>
      <line num="139" count="36" type="cond" truecount="2" falsecount="0"/>
      <line num="140" count="36" type="stmt"/>
      <line num="143" count="44" type="stmt"/>
      <line num="145" count="44" type="cond" truecount="2" falsecount="0"/>
      <line num="146" count="44" type="stmt"/>
      <line num="147" count="44" type="cond" truecount="2" falsecount="0"/>
      <line num="148" count="44" type="stmt"/>
      <line num="159" count="43" type="stmt"/>
      <line num="160" count="43" type="stmt"/>
      <line num="161" count="43" type="stmt"/>
      <line num="168" count="43" type="stmt"/>
      <line num="169" count="43" type="stmt"/>
      <line num="171" count="43" type="stmt"/>
      <line num="182" count="30" type="stmt"/>
      <line num="183" count="30" type="stmt"/>
      <line num="186" count="30" type="cond" truecount="2" falsecount="0"/>
      <line num="187" count="3" type="stmt"/>
      <line num="188" count="3" type="stmt"/>
      <line num="190" count="27" type="stmt"/>
      <line num="194" count="30" type="cond" truecount="2" falsecount="0"/>
      <line num="198" count="6" type="stmt"/>
      <line num="201" count="24" type="stmt"/>
      <line num="206" count="30" type="cond" truecount="4" falsecount="0"/>
      <line num="207" count="1" type="stmt"/>
      <line num="209" count="29" type="cond" truecount="2" falsecount="0"/>
      <line num="210" count="1" type="stmt"/>
      <line num="212" count="28" type="cond" truecount="2" falsecount="0"/>
      <line num="213" count="1" type="stmt"/>
      <line num="217" count="27" type="stmt"/>
      <line num="218" count="27" type="cond" truecount="5" falsecount="1"/>
      <line num="220" count="1" type="stmt"/>
      <line num="224" count="26" type="cond" truecount="2" falsecount="0"/>
      <line num="225" count="20" type="stmt"/>
      <line num="226" count="20" type="stmt"/>
      <line num="233" count="26" type="stmt"/>
      <line num="242" count="3" type="stmt"/>
      <line num="243" count="3" type="cond" truecount="2" falsecount="0"/>
      <line num="244" count="2" type="cond" truecount="2" falsecount="0"/>
      <line num="245" count="1" type="stmt"/>
      <line num="261" count="24" type="stmt"/>
      <line num="262" count="37" type="stmt"/>
      <line num="263" count="37" type="cond" truecount="2" falsecount="0"/>
      <line num="276" count="2" type="cond" truecount="1" falsecount="1"/>
      <line num="279" count="2" type="stmt"/>
      <line num="280" count="4" type="stmt"/>
      <line num="281" count="4" type="cond" truecount="2" falsecount="0"/>
      <line num="282" count="2" type="stmt"/>
      <line num="283" count="2" type="stmt"/>
      <line num="293" count="2" type="cond" truecount="1" falsecount="1"/>
      <line num="294" count="2" type="stmt"/>
      <line num="296" count="2" type="stmt"/>
      <line num="297" count="4" type="stmt"/>
      <line num="298" count="4" type="stmt"/>
      <line num="299" count="4" type="cond" truecount="2" falsecount="0"/>
      <line num="300" count="1" type="stmt"/>
      <line num="302" count="3" type="stmt"/>
      <line num="303" count="3" type="stmt"/>
      <line num="306" count="4" type="stmt"/>
      <line num="308" count="2" type="stmt"/>
      <line num="309" count="2" type="stmt"/>
      <line num="316" count="43" type="stmt"/>
      <line num="320" count="22" type="stmt"/>
      <line num="321" count="22" type="stmt"/>
    </file>
    <file name="source-compile.js" path="/Users/kimneo/PJ-Git/AutoTemplate#v01/src/source-compile.js">
      <metrics statements="175" coveredstatements="170" conditionals="82" coveredconditionals="71" methods="41" coveredmethods="35"/>
      <line num="1" count="22" type="stmt"/>
      <line num="2" count="22" type="stmt"/>
      <line num="3" count="22" type="stmt"/>
      <line num="4" count="22" type="stmt"/>
      <line num="5" count="22" type="stmt"/>
      <line num="6" count="22" type="stmt"/>
      <line num="7" count="22" type="stmt"/>
      <line num="19" count="277" type="stmt"/>
      <line num="23" count="277" type="stmt"/>
      <line num="24" count="277" type="stmt"/>
      <line num="25" count="277" type="stmt"/>
      <line num="26" count="277" type="stmt"/>
      <line num="27" count="277" type="stmt"/>
      <line num="28" count="277" type="stmt"/>
      <line num="32" count="18" type="stmt"/>
      <line num="33" count="18" type="stmt"/>
      <line num="35" count="385" type="stmt"/>
      <line num="36" count="385" type="stmt"/>
      <line num="37" count="385" type="cond" truecount="2" falsecount="0"/>
      <line num="39" count="58" type="stmt"/>
      <line num="42" count="144" type="cond" truecount="2" falsecount="0"/>
      <line num="44" count="62" type="stmt"/>
      <line num="48" count="3" type="stmt"/>
      <line num="49" count="3" type="stmt"/>
      <line num="50" count="3" type="stmt"/>
      <line num="55" count="277" type="stmt"/>
      <line num="56" count="277" type="stmt"/>
      <line num="61" count="18" type="stmt"/>
      <line num="62" count="18" type="stmt"/>
      <line num="68" count="18" type="stmt"/>
      <line num="72" count="10" type="stmt"/>
      <line num="73" count="10" type="stmt"/>
      <line num="75" count="10" type="cond" truecount="1" falsecount="1"/>
      <line num="76" count="10" type="cond" truecount="1" falsecount="1"/>
      <line num="77" count="10" type="cond" truecount="1" falsecount="1"/>
      <line num="81" count="10" type="stmt"/>
      <line num="85" count="0" type="stmt"/>
      <line num="89" count="0" type="stmt"/>
      <line num="93" count="0" type="stmt"/>
      <line num="102" count="2" type="stmt"/>
      <line num="104" count="2" type="stmt"/>
      <line num="114" count="99" type="stmt"/>
      <line num="115" count="99" type="stmt"/>
      <line num="116" count="99" type="stmt"/>
      <line num="117" count="99" type="stmt"/>
      <line num="118" count="99" type="stmt"/>
      <line num="122" count="99" type="stmt"/>
      <line num="125" count="99" type="stmt"/>
      <line num="126" count="99" type="stmt"/>
      <line num="127" count="99" type="stmt"/>
      <line num="130" count="99" type="stmt"/>
      <line num="131" count="99" type="stmt"/>
      <line num="132" count="99" type="stmt"/>
      <line num="135" count="99" type="stmt"/>
      <line num="136" count="99" type="stmt"/>
      <line num="137" count="99" type="stmt"/>
      <line num="140" count="99" type="stmt"/>
      <line num="141" count="99" type="stmt"/>
      <line num="144" count="99" type="cond" truecount="2" falsecount="0"/>
      <line num="145" count="64" type="stmt"/>
      <line num="146" count="64" type="cond" truecount="2" falsecount="0"/>
      <line num="147" count="17" type="stmt"/>
      <line num="150" count="64" type="stmt"/>
      <line num="153" count="64" type="cond" truecount="1" falsecount="1"/>
      <line num="155" count="64" type="cond" truecount="3" falsecount="1"/>
      <line num="156" count="64" type="stmt"/>
      <line num="164" count="0" type="stmt"/>
      <line num="168" count="64" type="stmt"/>
      <line num="171" count="64" type="stmt"/>
      <line num="175" count="99" type="stmt"/>
      <line num="177" count="99" type="stmt"/>
      <line num="187" count="64" type="stmt"/>
      <line num="188" count="64" type="cond" truecount="1" falsecount="1"/>
      <line num="194" count="30" type="stmt"/>
      <line num="195" count="30" type="cond" truecount="2" falsecount="0"/>
      <line num="196" count="13" type="stmt"/>
      <line num="198" count="30" type="stmt"/>
      <line num="201" count="1" type="stmt"/>
      <line num="202" count="1" type="stmt"/>
      <line num="204" count="1" type="stmt"/>
      <line num="205" count="1" type="stmt"/>
      <line num="206" count="1" type="stmt"/>
      <line num="207" count="1" type="cond" truecount="1" falsecount="1"/>
      <line num="209" count="0" type="stmt"/>
      <line num="213" count="64" type="cond" truecount="2" falsecount="0"/>
      <line num="214" count="29" type="stmt"/>
      <line num="217" count="35" type="cond" truecount="2" falsecount="0"/>
      <line num="218" count="1" type="stmt"/>
      <line num="220" count="1" type="stmt"/>
      <line num="223" count="64" type="stmt"/>
      <line num="229" count="99" type="stmt"/>
      <line num="232" count="99" type="stmt"/>
      <line num="235" count="64" type="stmt"/>
      <line num="244" count="129" type="stmt"/>
      <line num="248" count="129" type="stmt"/>
      <line num="250" count="129" type="stmt"/>
      <line num="258" count="129" type="stmt"/>
      <line num="260" count="129" type="stmt"/>
      <line num="261" count="129" type="stmt"/>
      <line num="275" count="263" type="stmt"/>
      <line num="276" count="263" type="stmt"/>
      <line num="278" count="263" type="stmt"/>
      <line num="283" count="263" type="cond" truecount="2" falsecount="0"/>
      <line num="284" count="9" type="stmt"/>
      <line num="285" count="9" type="stmt"/>
      <line num="286" count="254" type="stmt"/>
      <line num="289" count="263" type="cond" truecount="2" falsecount="0"/>
      <line num="290" count="52" type="stmt"/>
      <line num="291" count="15" type="stmt"/>
      <line num="293" count="211" type="stmt"/>
      <line num="296" count="263" type="cond" truecount="4" falsecount="0"/>
      <line num="297" count="1" type="stmt"/>
      <line num="299" count="262" type="cond" truecount="4" falsecount="0"/>
      <line num="300" count="1" type="stmt"/>
      <line num="303" count="261" type="cond" truecount="4" falsecount="0"/>
      <line num="304" count="2" type="stmt"/>
      <line num="309" count="259" type="cond" truecount="2" falsecount="0"/>
      <line num="310" count="107" type="stmt"/>
      <line num="311" count="318" type="cond" truecount="5" falsecount="1"/>
      <line num="313" count="3" type="stmt"/>
      <line num="325" count="256" type="stmt"/>
      <line num="327" count="256" type="cond" truecount="2" falsecount="0"/>
      <line num="337" count="256" type="stmt"/>
      <line num="349" count="256" type="stmt"/>
      <line num="351" count="256" type="cond" truecount="2" falsecount="0"/>
      <line num="352" count="82" type="stmt"/>
      <line num="363" count="11" type="stmt"/>
      <line num="364" count="27" type="stmt"/>
      <line num="365" count="27" type="stmt"/>
      <line num="375" count="129" type="stmt"/>
      <line num="380" count="129" type="stmt"/>
      <line num="381" count="129" type="stmt"/>
      <line num="382" count="129" type="stmt"/>
      <line num="386" count="129" type="cond" truecount="2" falsecount="0"/>
      <line num="387" count="86" type="stmt"/>
      <line num="389" count="129" type="stmt"/>
      <line num="390" count="145" type="stmt"/>
      <line num="391" count="145" type="stmt"/>
      <line num="392" count="145" type="stmt"/>
      <line num="393" count="215" type="stmt"/>
      <line num="394" count="215" type="stmt"/>
      <line num="395" count="215" type="stmt"/>
      <line num="397" count="215" type="stmt"/>
      <line num="399" count="215" type="cond" truecount="2" falsecount="0"/>
      <line num="402" count="11" type="stmt"/>
      <line num="403" count="11" type="stmt"/>
      <line num="405" count="204" type="stmt"/>
      <line num="425" count="1" type="stmt"/>
      <line num="427" count="1" type="cond" truecount="1" falsecount="1"/>
      <line num="429" count="1" type="stmt"/>
      <line num="431" count="1" type="cond" truecount="1" falsecount="1"/>
      <line num="432" count="1" type="stmt"/>
      <line num="433" count="1" type="stmt"/>
      <line num="442" count="77" type="stmt"/>
      <line num="444" count="77" type="cond" truecount="2" falsecount="0"/>
      <line num="445" count="26" type="stmt"/>
      <line num="446" count="26" type="stmt"/>
      <line num="463" count="215" type="stmt"/>
      <line num="464" count="215" type="stmt"/>
      <line num="465" count="215" type="stmt"/>
      <line num="466" count="215" type="stmt"/>
      <line num="467" count="215" type="cond" truecount="2" falsecount="0"/>
      <line num="468" count="215" type="stmt"/>
      <line num="472" count="82" type="stmt"/>
      <line num="474" count="82" type="stmt"/>
      <line num="485" count="516" type="stmt"/>
      <line num="486" count="667" type="stmt"/>
      <line num="490" count="4" type="cond" truecount="2" falsecount="0"/>
      <line num="491" count="2" type="stmt"/>
      <line num="493" count="4" type="cond" truecount="4" falsecount="0"/>
      <line num="494" count="1" type="stmt"/>
      <line num="496" count="3" type="stmt"/>
      <line num="510" count="11" type="stmt"/>
      <line num="514" count="22" type="stmt"/>
      <line num="515" count="22" type="stmt"/>
    </file>
    <file name="source-template.js" path="/Users/kimneo/PJ-Git/AutoTemplate#v01/src/source-template.js">
      <metrics statements="101" coveredstatements="101" conditionals="47" coveredconditionals="44" methods="25" coveredmethods="25"/>
      <line num="1" count="22" type="stmt"/>
      <line num="2" count="22" type="stmt"/>
      <line num="3" count="22" type="stmt"/>
      <line num="19" count="375" type="stmt"/>
      <line num="20" count="375" type="stmt"/>
      <line num="24" count="375" type="stmt"/>
      <line num="25" count="375" type="stmt"/>
      <line num="29" count="375" type="stmt"/>
      <line num="30" count="375" type="stmt"/>
      <line num="31" count="375" type="stmt"/>
      <line num="32" count="375" type="stmt"/>
      <line num="34" count="375" type="stmt"/>
      <line num="38" count="34" type="stmt"/>
      <line num="39" count="34" type="stmt"/>
      <line num="40" count="124" type="stmt"/>
      <line num="41" count="24" type="stmt"/>
      <line num="42" count="491" type="stmt"/>
      <line num="43" count="68" type="cond" truecount="2" falsecount="0"/>
      <line num="44" count="674" type="stmt"/>
      <line num="45" count="34" type="cond" truecount="2" falsecount="0"/>
      <line num="46" count="433" type="stmt"/>
      <line num="47" count="24" type="stmt"/>
      <line num="48" count="34" type="cond" truecount="1" falsecount="1"/>
      <line num="49" count="44" type="stmt"/>
      <line num="64" count="375" type="stmt"/>
      <line num="65" count="375" type="stmt"/>
      <line num="66" count="375" type="stmt"/>
      <line num="67" count="375" type="stmt"/>
      <line num="68" count="375" type="stmt"/>
      <line num="69" count="375" type="stmt"/>
      <line num="70" count="375" type="stmt"/>
      <line num="71" count="375" type="stmt"/>
      <line num="75" count="24" type="stmt"/>
      <line num="90" count="24" type="stmt"/>
      <line num="94" count="12" type="stmt"/>
      <line num="96" count="12" type="stmt"/>
      <line num="97" count="12" type="stmt"/>
      <line num="98" count="12" type="stmt"/>
      <line num="99" count="12" type="stmt"/>
      <line num="100" count="12" type="stmt"/>
      <line num="109" count="86" type="stmt"/>
      <line num="110" count="86" type="stmt"/>
      <line num="118" count="86" type="stmt"/>
      <line num="120" count="86" type="stmt"/>
      <line num="121" count="86" type="stmt"/>
      <line num="141" count="88" type="cond" truecount="2" falsecount="0"/>
      <line num="142" count="4" type="stmt"/>
      <line num="143" count="4" type="stmt"/>
      <line num="144" count="84" type="stmt"/>
      <line num="146" count="88" type="cond" truecount="2" falsecount="0"/>
      <line num="150" count="4" type="stmt"/>
      <line num="151" count="84" type="stmt"/>
      <line num="155" count="88" type="cond" truecount="4" falsecount="0"/>
      <line num="156" count="2" type="stmt"/>
      <line num="158" count="86" type="cond" truecount="4" falsecount="0"/>
      <line num="159" count="2" type="stmt"/>
      <line num="162" count="84" type="cond" truecount="6" falsecount="0"/>
      <line num="163" count="2" type="stmt"/>
      <line num="164" count="82" type="cond" truecount="4" falsecount="0"/>
      <line num="165" count="2" type="stmt"/>
      <line num="168" count="80" type="stmt"/>
      <line num="169" count="80" type="stmt"/>
      <line num="171" count="80" type="stmt"/>
      <line num="181" count="4" type="stmt"/>
      <line num="184" count="4" type="stmt"/>
      <line num="194" count="86" type="stmt"/>
      <line num="195" count="86" type="stmt"/>
      <line num="196" count="86" type="stmt"/>
      <line num="197" count="86" type="stmt"/>
      <line num="198" count="86" type="stmt"/>
      <line num="199" count="86" type="stmt"/>
      <line num="202" count="86" type="stmt"/>
      <line num="203" count="102" type="stmt"/>
      <line num="204" count="102" type="stmt"/>
      <line num="205" count="102" type="stmt"/>
      <line num="206" count="82" type="stmt"/>
      <line num="207" count="82" type="stmt"/>
      <line num="208" count="82" type="stmt"/>
      <line num="210" count="82" type="stmt"/>
      <line num="212" count="82" type="cond" truecount="2" falsecount="0"/>
      <line num="215" count="6" type="stmt"/>
      <line num="216" count="6" type="stmt"/>
      <line num="218" count="76" type="stmt"/>
      <line num="233" count="82" type="stmt"/>
      <line num="236" count="82" type="stmt"/>
      <line num="237" count="82" type="stmt"/>
      <line num="238" count="82" type="stmt"/>
      <line num="239" count="82" type="cond" truecount="1" falsecount="1"/>
      <line num="240" count="82" type="stmt"/>
      <line num="251" count="160" type="stmt"/>
      <line num="252" count="164" type="stmt"/>
      <line num="256" count="5" type="cond" truecount="2" falsecount="0"/>
      <line num="257" count="3" type="stmt"/>
      <line num="259" count="5" type="cond" truecount="6" falsecount="0"/>
      <line num="260" count="1" type="stmt"/>
      <line num="261" count="4" type="cond" truecount="4" falsecount="0"/>
      <line num="262" count="1" type="stmt"/>
      <line num="264" count="3" type="stmt"/>
      <line num="273" count="6" type="stmt"/>
      <line num="277" count="22" type="stmt"/>
      <line num="278" count="22" type="stmt"/>
    </file>
  </project>
</coverage>
