{"/Users/kimneo/PJ-Git/AutoTemplate#v01/src/auto-task.js": {"path":"/Users/kimneo/PJ-Git/AutoTemplate#v01/src/auto-task.js","statementMap":{"0":{"start":{"line":1,"column":26},"end":{"line":1,"column":39}},"1":{"start":{"line":2,"column":26},"end":{"line":2,"column":41}},"2":{"start":{"line":3,"column":26},"end":{"line":3,"column":47}},"3":{"start":{"line":16,"column":12},"end":{"line":16,"column":16}},"4":{"start":{"line":18,"column":13},"end":{"line":18,"column":15}},"5":{"start":{"line":19,"column":11},"end":{"line":21,"column":5}},"6":{"start":{"line":26,"column":23},"end":{"line":26,"column":27}},"7":{"start":{"line":30,"column":13},"end":{"line":30,"column":17}},"8":{"start":{"line":31,"column":11},"end":{"line":31,"column":15}},"9":{"start":{"line":32,"column":13},"end":{"line":32,"column":37}},"10":{"start":{"line":45,"column":18},"end":{"line":45,"column":36}},"11":{"start":{"line":47,"column":8},"end":{"line":47,"column":81}},"12":{"start":{"line":47,"column":38},"end":{"line":47,"column":81}},"13":{"start":{"line":48,"column":8},"end":{"line":48,"column":31}},"14":{"start":{"line":49,"column":8},"end":{"line":49,"column":26}},"15":{"start":{"line":70,"column":8},"end":{"line":72,"column":9}},"16":{"start":{"line":71,"column":12},"end":{"line":71,"column":60}},"17":{"start":{"line":73,"column":8},"end":{"line":73,"column":36}},"18":{"start":{"line":75,"column":8},"end":{"line":77,"column":9}},"19":{"start":{"line":76,"column":12},"end":{"line":76,"column":49}},"20":{"start":{"line":78,"column":8},"end":{"line":78,"column":34}},"21":{"start":{"line":81,"column":8},"end":{"line":81,"column":31}},"22":{"start":{"line":83,"column":8},"end":{"line":83,"column":30}},"23":{"start":{"line":91,"column":8},"end":{"line":93,"column":9}},"24":{"start":{"line":92,"column":12},"end":{"line":92,"column":71}},"25":{"start":{"line":94,"column":8},"end":{"line":94,"column":30}},"26":{"start":{"line":104,"column":8},"end":{"line":104,"column":30}},"27":{"start":{"line":110,"column":8},"end":{"line":110,"column":30}},"28":{"start":{"line":113,"column":8},"end":{"line":113,"column":37}},"29":{"start":{"line":120,"column":8},"end":{"line":120,"column":32}},"30":{"start":{"line":124,"column":8},"end":{"line":124,"column":33}},"31":{"start":{"line":132,"column":8},"end":{"line":132,"column":30}},"32":{"start":{"line":136,"column":8},"end":{"line":136,"column":40}},"33":{"start":{"line":146,"column":26},"end":{"line":146,"column":66}},"34":{"start":{"line":150,"column":8},"end":{"line":150,"column":56}},"35":{"start":{"line":151,"column":30},"end":{"line":151,"column":48}},"36":{"start":{"line":155,"column":8},"end":{"line":155,"column":114}},"37":{"start":{"line":157,"column":8},"end":{"line":157,"column":38}},"38":{"start":{"line":158,"column":8},"end":{"line":158,"column":26}},"39":{"start":{"line":197,"column":0},"end":{"line":197,"column":28}}},"fnMap":{"0":{"name":"(anonymous_0)","decl":{"start":{"line":45,"column":4},"end":{"line":45,"column":5}},"loc":{"start":{"line":45,"column":16},"end":{"line":45,"column":38}},"line":45},"1":{"name":"(anonymous_1)","decl":{"start":{"line":46,"column":4},"end":{"line":46,"column":5}},"loc":{"start":{"line":46,"column":19},"end":{"line":50,"column":5}},"line":46},"2":{"name":"(anonymous_2)","decl":{"start":{"line":52,"column":4},"end":{"line":52,"column":5}},"loc":{"start":{"line":52,"column":18},"end":{"line":55,"column":5}},"line":52},"3":{"name":"(anonymous_3)","decl":{"start":{"line":69,"column":4},"end":{"line":69,"column":5}},"loc":{"start":{"line":69,"column":30},"end":{"line":84,"column":5}},"line":69},"4":{"name":"(anonymous_4)","decl":{"start":{"line":90,"column":4},"end":{"line":90,"column":5}},"loc":{"start":{"line":90,"column":25},"end":{"line":95,"column":5}},"line":90},"5":{"name":"(anonymous_5)","decl":{"start":{"line":100,"column":4},"end":{"line":100,"column":5}},"loc":{"start":{"line":100,"column":18},"end":{"line":114,"column":5}},"line":100},"6":{"name":"(anonymous_6)","decl":{"start":{"line":119,"column":4},"end":{"line":119,"column":5}},"loc":{"start":{"line":119,"column":23},"end":{"line":125,"column":5}},"line":119},"7":{"name":"(anonymous_7)","decl":{"start":{"line":131,"column":4},"end":{"line":131,"column":5}},"loc":{"start":{"line":131,"column":36},"end":{"line":137,"column":5}},"line":131}},"branchMap":{"0":{"loc":{"start":{"line":47,"column":8},"end":{"line":47,"column":81}},"type":"if","locations":[{"start":{"line":47,"column":8},"end":{"line":47,"column":81}},{"start":{},"end":{}}],"line":47},"1":{"loc":{"start":{"line":70,"column":8},"end":{"line":72,"column":9}},"type":"if","locations":[{"start":{"line":70,"column":8},"end":{"line":72,"column":9}},{"start":{},"end":{}}],"line":70},"2":{"loc":{"start":{"line":70,"column":12},"end":{"line":70,"column":55}},"type":"binary-expr","locations":[{"start":{"line":70,"column":12},"end":{"line":70,"column":35}},{"start":{"line":70,"column":39},"end":{"line":70,"column":55}}],"line":70},"3":{"loc":{"start":{"line":75,"column":8},"end":{"line":77,"column":9}},"type":"if","locations":[{"start":{"line":75,"column":8},"end":{"line":77,"column":9}},{"start":{},"end":{}}],"line":75},"4":{"loc":{"start":{"line":75,"column":12},"end":{"line":75,"column":57}},"type":"binary-expr","locations":[{"start":{"line":75,"column":12},"end":{"line":75,"column":37}},{"start":{"line":75,"column":41},"end":{"line":75,"column":57}}],"line":75},"5":{"loc":{"start":{"line":91,"column":8},"end":{"line":93,"column":9}},"type":"if","locations":[{"start":{"line":91,"column":8},"end":{"line":93,"column":9}},{"start":{},"end":{}}],"line":91},"6":{"loc":{"start":{"line":131,"column":13},"end":{"line":131,"column":34}},"type":"default-arg","locations":[{"start":{"line":131,"column":24},"end":{"line":131,"column":34}}],"line":131},"7":{"loc":{"start":{"line":155,"column":21},"end":{"line":155,"column":113}},"type":"cond-expr","locations":[{"start":{"line":155,"column":59},"end":{"line":155,"column":78}},{"start":{"line":155,"column":81},"end":{"line":155,"column":113}}],"line":155}},"s":{"0":7,"1":7,"2":7,"3":18,"4":18,"5":18,"6":7,"7":18,"8":18,"9":18,"10":18,"11":18,"12":0,"13":18,"14":18,"15":19,"16":1,"17":18,"18":18,"19":2,"20":18,"21":18,"22":18,"23":1,"24":0,"25":1,"26":10,"27":10,"28":10,"29":7,"30":7,"31":1,"32":1,"33":18,"34":18,"35":18,"36":18,"37":18,"38":18,"39":7},"f":{"0":18,"1":18,"2":18,"3":19,"4":1,"5":10,"6":7,"7":1},"b":{"0":[0,18],"1":[1,18],"2":[19,18],"3":[2,16],"4":[18,2],"5":[0,1],"6":[1],"7":[2,16]},"_coverageSchema":"1a1c01bbd47fc00a2c39e90264f33305004495a9","hash":"130f8691b2f6bf2859cecd262f4245ff50247e60"}
,"/Users/kimneo/PJ-Git/AutoTemplate#v01/src/auto-template.js": {"path":"/Users/kimneo/PJ-Git/AutoTemplate#v01/src/auto-template.js","statementMap":{"0":{"start":{"line":1,"column":46},"end":{"line":1,"column":59}},"1":{"start":{"line":2,"column":46},"end":{"line":2,"column":61}},"2":{"start":{"line":3,"column":46},"end":{"line":3,"column":61}},"3":{"start":{"line":4,"column":46},"end":{"line":4,"column":67}},"4":{"start":{"line":5,"column":46},"end":{"line":5,"column":74}},"5":{"start":{"line":6,"column":46},"end":{"line":6,"column":73}},"6":{"start":{"line":7,"column":46},"end":{"line":7,"column":69}},"7":{"start":{"line":15,"column":11},"end":{"line":23,"column":5}},"8":{"start":{"line":24,"column":10},"end":{"line":32,"column":5}},"9":{"start":{"line":33,"column":16},"end":{"line":39,"column":5}},"10":{"start":{"line":40,"column":11},"end":{"line":46,"column":5}},"11":{"start":{"line":47,"column":11},"end":{"line":49,"column":5}},"12":{"start":{"line":50,"column":22},"end":{"line":50,"column":28}},"13":{"start":{"line":51,"column":22},"end":{"line":51,"column":26}},"14":{"start":{"line":52,"column":22},"end":{"line":52,"column":27}},"15":{"start":{"line":53,"column":22},"end":{"line":53,"column":26}},"16":{"start":{"line":54,"column":22},"end":{"line":54,"column":26}},"17":{"start":{"line":58,"column":12},"end":{"line":58,"column":16}},"18":{"start":{"line":59,"column":17},"end":{"line":63,"column":5}},"19":{"start":{"line":64,"column":21},"end":{"line":64,"column":23}},"20":{"start":{"line":68,"column":26},"end":{"line":68,"column":30}},"21":{"start":{"line":69,"column":26},"end":{"line":69,"column":28}},"22":{"start":{"line":70,"column":26},"end":{"line":70,"column":50}},"23":{"start":{"line":71,"column":26},"end":{"line":71,"column":30}},"24":{"start":{"line":72,"column":26},"end":{"line":72,"column":30}},"25":{"start":{"line":73,"column":26},"end":{"line":73,"column":30}},"26":{"start":{"line":74,"column":26},"end":{"line":74,"column":30}},"27":{"start":{"line":75,"column":26},"end":{"line":75,"column":30}},"28":{"start":{"line":76,"column":26},"end":{"line":76,"column":30}},"29":{"start":{"line":77,"column":26},"end":{"line":77,"column":30}},"30":{"start":{"line":78,"column":26},"end":{"line":78,"column":30}},"31":{"start":{"line":79,"column":26},"end":{"line":79,"column":30}},"32":{"start":{"line":83,"column":17},"end":{"line":83,"column":64}},"33":{"start":{"line":85,"column":8},"end":{"line":86,"column":61}},"34":{"start":{"line":85,"column":41},"end":{"line":85,"column":58}},"35":{"start":{"line":86,"column":13},"end":{"line":86,"column":61}},"36":{"start":{"line":89,"column":19},"end":{"line":89,"column":35}},"37":{"start":{"line":90,"column":8},"end":{"line":90,"column":72}},"38":{"start":{"line":90,"column":24},"end":{"line":90,"column":72}},"39":{"start":{"line":91,"column":8},"end":{"line":91,"column":35}},"40":{"start":{"line":94,"column":8},"end":{"line":96,"column":67}},"41":{"start":{"line":95,"column":12},"end":{"line":95,"column":62}},"42":{"start":{"line":96,"column":15},"end":{"line":96,"column":67}},"43":{"start":{"line":96,"column":47},"end":{"line":96,"column":67}},"44":{"start":{"line":98,"column":17},"end":{"line":98,"column":34}},"45":{"start":{"line":99,"column":22},"end":{"line":99,"column":44}},"46":{"start":{"line":100,"column":14},"end":{"line":100,"column":35}},"47":{"start":{"line":101,"column":19},"end":{"line":101,"column":38}},"48":{"start":{"line":103,"column":8},"end":{"line":106,"column":78}},"49":{"start":{"line":104,"column":12},"end":{"line":104,"column":33}},"50":{"start":{"line":105,"column":12},"end":{"line":105,"column":44}},"51":{"start":{"line":106,"column":15},"end":{"line":106,"column":78}},"52":{"start":{"line":108,"column":17},"end":{"line":108,"column":34}},"53":{"start":{"line":110,"column":8},"end":{"line":113,"column":76}},"54":{"start":{"line":111,"column":12},"end":{"line":111,"column":31}},"55":{"start":{"line":112,"column":12},"end":{"line":112,"column":42}},"56":{"start":{"line":113,"column":15},"end":{"line":113,"column":76}},"57":{"start":{"line":115,"column":17},"end":{"line":115,"column":34}},"58":{"start":{"line":117,"column":8},"end":{"line":120,"column":68}},"59":{"start":{"line":118,"column":12},"end":{"line":118,"column":31}},"60":{"start":{"line":119,"column":12},"end":{"line":119,"column":42}},"61":{"start":{"line":120,"column":15},"end":{"line":120,"column":68}},"62":{"start":{"line":122,"column":16},"end":{"line":122,"column":32}},"63":{"start":{"line":124,"column":8},"end":{"line":127,"column":68}},"64":{"start":{"line":125,"column":12},"end":{"line":125,"column":30}},"65":{"start":{"line":126,"column":12},"end":{"line":126,"column":41}},"66":{"start":{"line":127,"column":15},"end":{"line":127,"column":68}},"67":{"start":{"line":129,"column":17},"end":{"line":129,"column":34}},"68":{"start":{"line":131,"column":8},"end":{"line":134,"column":68}},"69":{"start":{"line":132,"column":12},"end":{"line":132,"column":31}},"70":{"start":{"line":133,"column":12},"end":{"line":133,"column":42}},"71":{"start":{"line":134,"column":15},"end":{"line":134,"column":68}},"72":{"start":{"line":136,"column":18},"end":{"line":136,"column":36}},"73":{"start":{"line":138,"column":8},"end":{"line":141,"column":70}},"74":{"start":{"line":139,"column":12},"end":{"line":139,"column":32}},"75":{"start":{"line":140,"column":12},"end":{"line":140,"column":43}},"76":{"start":{"line":141,"column":15},"end":{"line":141,"column":70}},"77":{"start":{"line":144,"column":8},"end":{"line":144,"column":80}},"78":{"start":{"line":144,"column":39},"end":{"line":144,"column":80}},"79":{"start":{"line":145,"column":8},"end":{"line":145,"column":32}},"80":{"start":{"line":148,"column":8},"end":{"line":148,"column":80}},"81":{"start":{"line":148,"column":39},"end":{"line":148,"column":80}},"82":{"start":{"line":149,"column":8},"end":{"line":149,"column":32}},"83":{"start":{"line":154,"column":21},"end":{"line":154,"column":54}},"84":{"start":{"line":155,"column":23},"end":{"line":155,"column":58}},"85":{"start":{"line":156,"column":22},"end":{"line":156,"column":56}},"86":{"start":{"line":157,"column":24},"end":{"line":157,"column":60}},"87":{"start":{"line":165,"column":8},"end":{"line":165,"column":32}},"88":{"start":{"line":165,"column":17},"end":{"line":165,"column":32}},"89":{"start":{"line":166,"column":8},"end":{"line":166,"column":36}},"90":{"start":{"line":166,"column":18},"end":{"line":166,"column":36}},"91":{"start":{"line":167,"column":8},"end":{"line":167,"column":56}},"92":{"start":{"line":168,"column":8},"end":{"line":168,"column":56}},"93":{"start":{"line":169,"column":8},"end":{"line":169,"column":73}},"94":{"start":{"line":170,"column":8},"end":{"line":170,"column":71}},"95":{"start":{"line":171,"column":8},"end":{"line":171,"column":70}},"96":{"start":{"line":172,"column":8},"end":{"line":172,"column":69}},"97":{"start":{"line":173,"column":8},"end":{"line":173,"column":70}},"98":{"start":{"line":196,"column":8},"end":{"line":196,"column":39}},"99":{"start":{"line":199,"column":8},"end":{"line":201,"column":9}},"100":{"start":{"line":199,"column":21},"end":{"line":199,"column":22}},"101":{"start":{"line":200,"column":12},"end":{"line":200,"column":37}},"102":{"start":{"line":211,"column":8},"end":{"line":211,"column":46}},"103":{"start":{"line":212,"column":8},"end":{"line":212,"column":42}},"104":{"start":{"line":213,"column":8},"end":{"line":213,"column":42}},"105":{"start":{"line":214,"column":8},"end":{"line":214,"column":40}},"106":{"start":{"line":215,"column":8},"end":{"line":215,"column":42}},"107":{"start":{"line":219,"column":8},"end":{"line":219,"column":41}},"108":{"start":{"line":222,"column":8},"end":{"line":230,"column":9}},"109":{"start":{"line":223,"column":12},"end":{"line":229,"column":13}},"110":{"start":{"line":225,"column":16},"end":{"line":225,"column":102}},"111":{"start":{"line":226,"column":16},"end":{"line":226,"column":83}},"112":{"start":{"line":226,"column":37},"end":{"line":226,"column":83}},"113":{"start":{"line":227,"column":16},"end":{"line":227,"column":89}},"114":{"start":{"line":227,"column":39},"end":{"line":227,"column":89}},"115":{"start":{"line":228,"column":16},"end":{"line":228,"column":86}},"116":{"start":{"line":228,"column":40},"end":{"line":228,"column":86}},"117":{"start":{"line":233,"column":8},"end":{"line":233,"column":21}},"118":{"start":{"line":241,"column":22},"end":{"line":241,"column":26}},"119":{"start":{"line":242,"column":26},"end":{"line":242,"column":62}},"120":{"start":{"line":243,"column":26},"end":{"line":243,"column":65}},"121":{"start":{"line":244,"column":43},"end":{"line":244,"column":45}},"122":{"start":{"line":245,"column":26},"end":{"line":245,"column":28}},"123":{"start":{"line":245,"column":42},"end":{"line":245,"column":44}},"124":{"start":{"line":245,"column":57},"end":{"line":245,"column":59}},"125":{"start":{"line":252,"column":12},"end":{"line":253,"column":30}},"126":{"start":{"line":252,"column":39},"end":{"line":252,"column":82}},"127":{"start":{"line":253,"column":17},"end":{"line":253,"column":30}},"128":{"start":{"line":255,"column":12},"end":{"line":256,"column":30}},"129":{"start":{"line":255,"column":39},"end":{"line":255,"column":82}},"130":{"start":{"line":256,"column":17},"end":{"line":256,"column":30}},"131":{"start":{"line":259,"column":12},"end":{"line":259,"column":49}},"132":{"start":{"line":259,"column":37},"end":{"line":259,"column":49}},"133":{"start":{"line":261,"column":12},"end":{"line":261,"column":25}},"134":{"start":{"line":265,"column":8},"end":{"line":287,"column":9}},"135":{"start":{"line":265,"column":21},"end":{"line":265,"column":22}},"136":{"start":{"line":266,"column":12},"end":{"line":266,"column":76}},"137":{"start":{"line":267,"column":12},"end":{"line":267,"column":54}},"138":{"start":{"line":276,"column":12},"end":{"line":283,"column":13}},"139":{"start":{"line":277,"column":16},"end":{"line":277,"column":69}},"140":{"start":{"line":277,"column":45},"end":{"line":277,"column":69}},"141":{"start":{"line":278,"column":19},"end":{"line":283,"column":13}},"142":{"start":{"line":279,"column":16},"end":{"line":279,"column":40}},"143":{"start":{"line":281,"column":19},"end":{"line":283,"column":13}},"144":{"start":{"line":282,"column":16},"end":{"line":282,"column":62}},"145":{"start":{"line":285,"column":12},"end":{"line":285,"column":41}},"146":{"start":{"line":286,"column":12},"end":{"line":286,"column":54}},"147":{"start":{"line":286,"column":39},"end":{"line":286,"column":54}},"148":{"start":{"line":288,"column":8},"end":{"line":288,"column":47}},"149":{"start":{"line":291,"column":8},"end":{"line":315,"column":9}},"150":{"start":{"line":291,"column":21},"end":{"line":291,"column":22}},"151":{"start":{"line":292,"column":12},"end":{"line":292,"column":78}},"152":{"start":{"line":293,"column":12},"end":{"line":293,"column":56}},"153":{"start":{"line":302,"column":12},"end":{"line":309,"column":13}},"154":{"start":{"line":303,"column":16},"end":{"line":303,"column":69}},"155":{"start":{"line":303,"column":45},"end":{"line":303,"column":69}},"156":{"start":{"line":304,"column":19},"end":{"line":309,"column":13}},"157":{"start":{"line":305,"column":16},"end":{"line":305,"column":40}},"158":{"start":{"line":307,"column":19},"end":{"line":309,"column":13}},"159":{"start":{"line":308,"column":16},"end":{"line":308,"column":62}},"160":{"start":{"line":313,"column":12},"end":{"line":313,"column":41}},"161":{"start":{"line":314,"column":12},"end":{"line":314,"column":54}},"162":{"start":{"line":314,"column":39},"end":{"line":314,"column":54}},"163":{"start":{"line":317,"column":8},"end":{"line":317,"column":47}},"164":{"start":{"line":320,"column":8},"end":{"line":320,"column":77}},"165":{"start":{"line":320,"column":22},"end":{"line":320,"column":77}},"166":{"start":{"line":324,"column":8},"end":{"line":327,"column":35}},"167":{"start":{"line":326,"column":42},"end":{"line":326,"column":67}},"168":{"start":{"line":327,"column":13},"end":{"line":327,"column":35}},"169":{"start":{"line":334,"column":12},"end":{"line":367,"column":15}},"170":{"start":{"line":335,"column":57},"end":{"line":335,"column":62}},"171":{"start":{"line":337,"column":16},"end":{"line":337,"column":48}},"172":{"start":{"line":337,"column":41},"end":{"line":337,"column":48}},"173":{"start":{"line":339,"column":16},"end":{"line":339,"column":68}},"174":{"start":{"line":340,"column":16},"end":{"line":345,"column":17}},"175":{"start":{"line":342,"column":20},"end":{"line":342,"column":38}},"176":{"start":{"line":343,"column":20},"end":{"line":343,"column":65}},"177":{"start":{"line":343,"column":37},"end":{"line":343,"column":65}},"178":{"start":{"line":344,"column":20},"end":{"line":344,"column":27}},"179":{"start":{"line":347,"column":16},"end":{"line":353,"column":17}},"180":{"start":{"line":347,"column":29},"end":{"line":347,"column":30}},"181":{"start":{"line":348,"column":20},"end":{"line":348,"column":36}},"182":{"start":{"line":349,"column":20},"end":{"line":352,"column":21}},"183":{"start":{"line":350,"column":24},"end":{"line":350,"column":63}},"184":{"start":{"line":351,"column":24},"end":{"line":351,"column":43}},"185":{"start":{"line":355,"column":16},"end":{"line":363,"column":17}},"186":{"start":{"line":356,"column":20},"end":{"line":356,"column":72}},"187":{"start":{"line":357,"column":20},"end":{"line":362,"column":21}},"188":{"start":{"line":359,"column":24},"end":{"line":359,"column":42}},"189":{"start":{"line":360,"column":24},"end":{"line":360,"column":68}},"190":{"start":{"line":360,"column":40},"end":{"line":360,"column":68}},"191":{"start":{"line":361,"column":24},"end":{"line":361,"column":31}},"192":{"start":{"line":366,"column":18},"end":{"line":366,"column":58}},"193":{"start":{"line":377,"column":8},"end":{"line":379,"column":9}},"194":{"start":{"line":378,"column":12},"end":{"line":378,"column":111}},"195":{"start":{"line":378,"column":60},"end":{"line":378,"column":111}},"196":{"start":{"line":380,"column":8},"end":{"line":389,"column":11}},"197":{"start":{"line":383,"column":12},"end":{"line":388,"column":13}},"198":{"start":{"line":384,"column":16},"end":{"line":384,"column":80}},"199":{"start":{"line":384,"column":50},"end":{"line":384,"column":77}},"200":{"start":{"line":385,"column":16},"end":{"line":385,"column":62}},"201":{"start":{"line":386,"column":16},"end":{"line":386,"column":45}},"202":{"start":{"line":387,"column":16},"end":{"line":387,"column":56}},"203":{"start":{"line":391,"column":8},"end":{"line":391,"column":28}},"204":{"start":{"line":392,"column":8},"end":{"line":392,"column":26}},"205":{"start":{"line":393,"column":8},"end":{"line":393,"column":26}},"206":{"start":{"line":394,"column":8},"end":{"line":394,"column":25}},"207":{"start":{"line":395,"column":8},"end":{"line":395,"column":26}},"208":{"start":{"line":396,"column":8},"end":{"line":396,"column":27}},"209":{"start":{"line":404,"column":23},"end":{"line":404,"column":27}},"210":{"start":{"line":415,"column":8},"end":{"line":415,"column":40}},"211":{"start":{"line":418,"column":8},"end":{"line":418,"column":57}},"212":{"start":{"line":418,"column":41},"end":{"line":418,"column":57}},"213":{"start":{"line":421,"column":8},"end":{"line":423,"column":9}},"214":{"start":{"line":421,"column":21},"end":{"line":421,"column":22}},"215":{"start":{"line":422,"column":12},"end":{"line":422,"column":35}},"216":{"start":{"line":426,"column":8},"end":{"line":438,"column":9}},"217":{"start":{"line":426,"column":21},"end":{"line":426,"column":22}},"218":{"start":{"line":427,"column":12},"end":{"line":427,"column":46}},"219":{"start":{"line":437,"column":12},"end":{"line":437,"column":52}},"220":{"start":{"line":457,"column":8},"end":{"line":457,"column":30}},"221":{"start":{"line":460,"column":8},"end":{"line":460,"column":42}},"222":{"start":{"line":475,"column":8},"end":{"line":475,"column":44}},"223":{"start":{"line":488,"column":20},"end":{"line":488,"column":24}},"224":{"start":{"line":492,"column":8},"end":{"line":497,"column":9}},"225":{"start":{"line":493,"column":12},"end":{"line":493,"column":24}},"226":{"start":{"line":494,"column":12},"end":{"line":494,"column":46}},"227":{"start":{"line":495,"column":15},"end":{"line":497,"column":9}},"228":{"start":{"line":496,"column":12},"end":{"line":496,"column":24}},"229":{"start":{"line":505,"column":8},"end":{"line":507,"column":9}},"230":{"start":{"line":506,"column":12},"end":{"line":506,"column":55}},"231":{"start":{"line":509,"column":8},"end":{"line":517,"column":11}},"232":{"start":{"line":528,"column":22},"end":{"line":528,"column":26}},"233":{"start":{"line":529,"column":18},"end":{"line":529,"column":52}},"234":{"start":{"line":533,"column":8},"end":{"line":536,"column":9}},"235":{"start":{"line":533,"column":21},"end":{"line":533,"column":22}},"236":{"start":{"line":534,"column":12},"end":{"line":534,"column":39}},"237":{"start":{"line":535,"column":12},"end":{"line":535,"column":55}},"238":{"start":{"line":538,"column":8},"end":{"line":575,"column":9}},"239":{"start":{"line":538,"column":21},"end":{"line":538,"column":22}},"240":{"start":{"line":539,"column":12},"end":{"line":539,"column":44}},"241":{"start":{"line":540,"column":12},"end":{"line":540,"column":39}},"242":{"start":{"line":541,"column":12},"end":{"line":541,"column":67}},"243":{"start":{"line":543,"column":12},"end":{"line":574,"column":13}},"244":{"start":{"line":545,"column":32},"end":{"line":545,"column":34}},"245":{"start":{"line":546,"column":33},"end":{"line":546,"column":46}},"246":{"start":{"line":548,"column":29},"end":{"line":548,"column":34}},"247":{"start":{"line":550,"column":16},"end":{"line":552,"column":17}},"248":{"start":{"line":551,"column":20},"end":{"line":551,"column":74}},"249":{"start":{"line":551,"column":45},"end":{"line":551,"column":74}},"250":{"start":{"line":558,"column":16},"end":{"line":564,"column":17}},"251":{"start":{"line":559,"column":20},"end":{"line":559,"column":34}},"252":{"start":{"line":560,"column":20},"end":{"line":560,"column":48}},"253":{"start":{"line":561,"column":20},"end":{"line":561,"column":64}},"254":{"start":{"line":562,"column":20},"end":{"line":562,"column":65}},"255":{"start":{"line":563,"column":20},"end":{"line":563,"column":92}},"256":{"start":{"line":572,"column":16},"end":{"line":572,"column":65}},"257":{"start":{"line":573,"column":16},"end":{"line":573,"column":61}},"258":{"start":{"line":577,"column":8},"end":{"line":614,"column":9}},"259":{"start":{"line":577,"column":21},"end":{"line":577,"column":22}},"260":{"start":{"line":578,"column":12},"end":{"line":578,"column":44}},"261":{"start":{"line":579,"column":12},"end":{"line":579,"column":40}},"262":{"start":{"line":580,"column":12},"end":{"line":580,"column":68}},"263":{"start":{"line":582,"column":12},"end":{"line":613,"column":13}},"264":{"start":{"line":584,"column":32},"end":{"line":584,"column":34}},"265":{"start":{"line":585,"column":30},"end":{"line":585,"column":44}},"266":{"start":{"line":588,"column":16},"end":{"line":590,"column":17}},"267":{"start":{"line":589,"column":20},"end":{"line":589,"column":74}},"268":{"start":{"line":589,"column":45},"end":{"line":589,"column":74}},"269":{"start":{"line":604,"column":16},"end":{"line":609,"column":17}},"270":{"start":{"line":606,"column":20},"end":{"line":606,"column":56}},"271":{"start":{"line":607,"column":20},"end":{"line":607,"column":55}},"272":{"start":{"line":607,"column":43},"end":{"line":607,"column":53}},"273":{"start":{"line":608,"column":20},"end":{"line":608,"column":45}},"274":{"start":{"line":611,"column":16},"end":{"line":611,"column":41}},"275":{"start":{"line":612,"column":16},"end":{"line":612,"column":26}},"276":{"start":{"line":617,"column":8},"end":{"line":620,"column":9}},"277":{"start":{"line":617,"column":21},"end":{"line":617,"column":22}},"278":{"start":{"line":618,"column":12},"end":{"line":618,"column":41}},"279":{"start":{"line":619,"column":12},"end":{"line":619,"column":59}},"280":{"start":{"line":622,"column":8},"end":{"line":625,"column":9}},"281":{"start":{"line":622,"column":21},"end":{"line":622,"column":22}},"282":{"start":{"line":623,"column":12},"end":{"line":623,"column":39}},"283":{"start":{"line":624,"column":12},"end":{"line":624,"column":55}},"284":{"start":{"line":626,"column":8},"end":{"line":626,"column":19}},"285":{"start":{"line":635,"column":22},"end":{"line":635,"column":26}},"286":{"start":{"line":636,"column":18},"end":{"line":636,"column":52}},"287":{"start":{"line":639,"column":8},"end":{"line":729,"column":9}},"288":{"start":{"line":639,"column":20},"end":{"line":639,"column":21}},"289":{"start":{"line":640,"column":12},"end":{"line":640,"column":44}},"290":{"start":{"line":641,"column":12},"end":{"line":641,"column":49}},"291":{"start":{"line":643,"column":12},"end":{"line":658,"column":13}},"292":{"start":{"line":643,"column":26},"end":{"line":643,"column":27}},"293":{"start":{"line":644,"column":16},"end":{"line":657,"column":17}},"294":{"start":{"line":645,"column":20},"end":{"line":645,"column":59}},"295":{"start":{"line":646,"column":20},"end":{"line":646,"column":92}},"296":{"start":{"line":647,"column":20},"end":{"line":656,"column":21}},"297":{"start":{"line":648,"column":40},"end":{"line":648,"column":42}},"298":{"start":{"line":649,"column":41},"end":{"line":649,"column":61}},"299":{"start":{"line":651,"column":24},"end":{"line":653,"column":25}},"300":{"start":{"line":652,"column":28},"end":{"line":652,"column":82}},"301":{"start":{"line":652,"column":53},"end":{"line":652,"column":82}},"302":{"start":{"line":654,"column":24},"end":{"line":654,"column":72}},"303":{"start":{"line":655,"column":24},"end":{"line":655,"column":46}},"304":{"start":{"line":660,"column":12},"end":{"line":695,"column":13}},"305":{"start":{"line":660,"column":26},"end":{"line":660,"column":27}},"306":{"start":{"line":661,"column":16},"end":{"line":694,"column":17}},"307":{"start":{"line":662,"column":20},"end":{"line":662,"column":59}},"308":{"start":{"line":663,"column":20},"end":{"line":663,"column":135}},"309":{"start":{"line":664,"column":20},"end":{"line":693,"column":21}},"310":{"start":{"line":666,"column":40},"end":{"line":666,"column":42}},"311":{"start":{"line":667,"column":41},"end":{"line":667,"column":61}},"312":{"start":{"line":669,"column":37},"end":{"line":669,"column":42}},"313":{"start":{"line":671,"column":24},"end":{"line":673,"column":25}},"314":{"start":{"line":672,"column":28},"end":{"line":672,"column":82}},"315":{"start":{"line":672,"column":53},"end":{"line":672,"column":82}},"316":{"start":{"line":679,"column":24},"end":{"line":685,"column":25}},"317":{"start":{"line":680,"column":28},"end":{"line":680,"column":42}},"318":{"start":{"line":681,"column":28},"end":{"line":681,"column":56}},"319":{"start":{"line":682,"column":28},"end":{"line":682,"column":72}},"320":{"start":{"line":683,"column":28},"end":{"line":683,"column":73}},"321":{"start":{"line":684,"column":28},"end":{"line":684,"column":100}},"322":{"start":{"line":691,"column":24},"end":{"line":691,"column":73}},"323":{"start":{"line":692,"column":24},"end":{"line":692,"column":69}},"324":{"start":{"line":697,"column":12},"end":{"line":728,"column":13}},"325":{"start":{"line":697,"column":26},"end":{"line":697,"column":27}},"326":{"start":{"line":698,"column":16},"end":{"line":727,"column":17}},"327":{"start":{"line":699,"column":20},"end":{"line":699,"column":59}},"328":{"start":{"line":700,"column":20},"end":{"line":700,"column":137}},"329":{"start":{"line":701,"column":20},"end":{"line":726,"column":21}},"330":{"start":{"line":703,"column":40},"end":{"line":703,"column":42}},"331":{"start":{"line":704,"column":40},"end":{"line":704,"column":61}},"332":{"start":{"line":708,"column":24},"end":{"line":710,"column":25}},"333":{"start":{"line":709,"column":28},"end":{"line":709,"column":82}},"334":{"start":{"line":709,"column":53},"end":{"line":709,"column":82}},"335":{"start":{"line":717,"column":24},"end":{"line":722,"column":25}},"336":{"start":{"line":719,"column":28},"end":{"line":719,"column":64}},"337":{"start":{"line":720,"column":28},"end":{"line":720,"column":63}},"338":{"start":{"line":720,"column":51},"end":{"line":720,"column":61}},"339":{"start":{"line":721,"column":28},"end":{"line":721,"column":53}},"340":{"start":{"line":724,"column":24},"end":{"line":724,"column":58}},"341":{"start":{"line":725,"column":24},"end":{"line":725,"column":34}},"342":{"start":{"line":731,"column":8},"end":{"line":741,"column":9}},"343":{"start":{"line":731,"column":20},"end":{"line":731,"column":21}},"344":{"start":{"line":732,"column":12},"end":{"line":732,"column":44}},"345":{"start":{"line":733,"column":12},"end":{"line":733,"column":49}},"346":{"start":{"line":734,"column":12},"end":{"line":740,"column":13}},"347":{"start":{"line":734,"column":26},"end":{"line":734,"column":27}},"348":{"start":{"line":735,"column":16},"end":{"line":739,"column":17}},"349":{"start":{"line":736,"column":20},"end":{"line":736,"column":61}},"350":{"start":{"line":737,"column":20},"end":{"line":737,"column":94}},"351":{"start":{"line":738,"column":20},"end":{"line":738,"column":72}},"352":{"start":{"line":743,"column":8},"end":{"line":760,"column":9}},"353":{"start":{"line":743,"column":20},"end":{"line":743,"column":21}},"354":{"start":{"line":744,"column":12},"end":{"line":744,"column":44}},"355":{"start":{"line":745,"column":12},"end":{"line":745,"column":49}},"356":{"start":{"line":746,"column":12},"end":{"line":759,"column":13}},"357":{"start":{"line":746,"column":26},"end":{"line":746,"column":27}},"358":{"start":{"line":747,"column":16},"end":{"line":758,"column":17}},"359":{"start":{"line":748,"column":20},"end":{"line":748,"column":59}},"360":{"start":{"line":749,"column":20},"end":{"line":749,"column":58}},"361":{"start":{"line":750,"column":20},"end":{"line":750,"column":74}},"362":{"start":{"line":751,"column":20},"end":{"line":757,"column":21}},"363":{"start":{"line":752,"column":24},"end":{"line":752,"column":47}},"364":{"start":{"line":753,"column":24},"end":{"line":753,"column":54}},"365":{"start":{"line":754,"column":24},"end":{"line":754,"column":90}},"366":{"start":{"line":756,"column":24},"end":{"line":756,"column":72}},"367":{"start":{"line":761,"column":8},"end":{"line":761,"column":19}},"368":{"start":{"line":778,"column":26},"end":{"line":781,"column":9}},"369":{"start":{"line":783,"column":8},"end":{"line":788,"column":9}},"370":{"start":{"line":783,"column":70},"end":{"line":783,"column":95}},"371":{"start":{"line":784,"column":12},"end":{"line":784,"column":53}},"372":{"start":{"line":785,"column":15},"end":{"line":788,"column":9}},"373":{"start":{"line":785,"column":81},"end":{"line":785,"column":106}},"374":{"start":{"line":786,"column":12},"end":{"line":786,"column":68}},"375":{"start":{"line":787,"column":12},"end":{"line":787,"column":55}},"376":{"start":{"line":797,"column":34},"end":{"line":797,"column":47}},"377":{"start":{"line":799,"column":8},"end":{"line":799,"column":91}},"378":{"start":{"line":800,"column":8},"end":{"line":800,"column":59}},"379":{"start":{"line":802,"column":8},"end":{"line":802,"column":49}},"380":{"start":{"line":803,"column":8},"end":{"line":803,"column":61}},"381":{"start":{"line":803,"column":24},"end":{"line":803,"column":61}},"382":{"start":{"line":813,"column":20},"end":{"line":813,"column":24}},"383":{"start":{"line":840,"column":12},"end":{"line":856,"column":13}},"384":{"start":{"line":840,"column":25},"end":{"line":840,"column":26}},"385":{"start":{"line":841,"column":16},"end":{"line":841,"column":36}},"386":{"start":{"line":842,"column":16},"end":{"line":842,"column":40}},"387":{"start":{"line":843,"column":16},"end":{"line":843,"column":48}},"388":{"start":{"line":843,"column":39},"end":{"line":843,"column":48}},"389":{"start":{"line":844,"column":16},"end":{"line":844,"column":74}},"390":{"start":{"line":845,"column":16},"end":{"line":855,"column":17}},"391":{"start":{"line":847,"column":20},"end":{"line":847,"column":57}},"392":{"start":{"line":848,"column":20},"end":{"line":850,"column":21}},"393":{"start":{"line":849,"column":24},"end":{"line":849,"column":66}},"394":{"start":{"line":851,"column":20},"end":{"line":851,"column":60}},"395":{"start":{"line":854,"column":20},"end":{"line":854,"column":86}},"396":{"start":{"line":860,"column":8},"end":{"line":860,"column":44}},"397":{"start":{"line":861,"column":8},"end":{"line":861,"column":42}},"398":{"start":{"line":862,"column":8},"end":{"line":862,"column":42}},"399":{"start":{"line":863,"column":8},"end":{"line":863,"column":41}},"400":{"start":{"line":864,"column":8},"end":{"line":864,"column":42}},"401":{"start":{"line":867,"column":8},"end":{"line":867,"column":30}},"402":{"start":{"line":898,"column":8},"end":{"line":898,"column":52}},"403":{"start":{"line":901,"column":8},"end":{"line":901,"column":54}},"404":{"start":{"line":904,"column":8},"end":{"line":904,"column":53}},"405":{"start":{"line":907,"column":8},"end":{"line":907,"column":55}},"406":{"start":{"line":916,"column":13},"end":{"line":916,"column":17}},"407":{"start":{"line":923,"column":8},"end":{"line":923,"column":21}},"408":{"start":{"line":924,"column":8},"end":{"line":924,"column":28}},"409":{"start":{"line":935,"column":8},"end":{"line":935,"column":81}},"410":{"start":{"line":935,"column":39},"end":{"line":935,"column":81}},"411":{"start":{"line":936,"column":8},"end":{"line":936,"column":70}},"412":{"start":{"line":936,"column":32},"end":{"line":936,"column":70}},"413":{"start":{"line":938,"column":8},"end":{"line":938,"column":91}},"414":{"start":{"line":938,"column":49},"end":{"line":938,"column":91}},"415":{"start":{"line":940,"column":8},"end":{"line":940,"column":41}},"416":{"start":{"line":942,"column":8},"end":{"line":942,"column":35}},"417":{"start":{"line":948,"column":0},"end":{"line":948,"column":36}}},"fnMap":{"0":{"name":"(anonymous_0)","decl":{"start":{"line":83,"column":4},"end":{"line":83,"column":5}},"loc":{"start":{"line":83,"column":15},"end":{"line":83,"column":66}},"line":83},"1":{"name":"(anonymous_1)","decl":{"start":{"line":84,"column":4},"end":{"line":84,"column":5}},"loc":{"start":{"line":84,"column":18},"end":{"line":87,"column":5}},"line":84},"2":{"name":"(anonymous_2)","decl":{"start":{"line":88,"column":4},"end":{"line":88,"column":5}},"loc":{"start":{"line":88,"column":14},"end":{"line":92,"column":5}},"line":88},"3":{"name":"(anonymous_3)","decl":{"start":{"line":93,"column":4},"end":{"line":93,"column":5}},"loc":{"start":{"line":93,"column":17},"end":{"line":97,"column":5}},"line":93},"4":{"name":"(anonymous_4)","decl":{"start":{"line":98,"column":4},"end":{"line":98,"column":5}},"loc":{"start":{"line":98,"column":15},"end":{"line":98,"column":36}},"line":98},"5":{"name":"(anonymous_5)","decl":{"start":{"line":99,"column":4},"end":{"line":99,"column":5}},"loc":{"start":{"line":99,"column":20},"end":{"line":99,"column":46}},"line":99},"6":{"name":"(anonymous_6)","decl":{"start":{"line":100,"column":4},"end":{"line":100,"column":5}},"loc":{"start":{"line":100,"column":13},"end":{"line":100,"column":37}},"line":100},"7":{"name":"(anonymous_7)","decl":{"start":{"line":101,"column":4},"end":{"line":101,"column":5}},"loc":{"start":{"line":101,"column":17},"end":{"line":101,"column":40}},"line":101},"8":{"name":"(anonymous_8)","decl":{"start":{"line":102,"column":4},"end":{"line":102,"column":5}},"loc":{"start":{"line":102,"column":20},"end":{"line":107,"column":5}},"line":102},"9":{"name":"(anonymous_9)","decl":{"start":{"line":108,"column":4},"end":{"line":108,"column":5}},"loc":{"start":{"line":108,"column":15},"end":{"line":108,"column":36}},"line":108},"10":{"name":"(anonymous_10)","decl":{"start":{"line":109,"column":4},"end":{"line":109,"column":5}},"loc":{"start":{"line":109,"column":18},"end":{"line":114,"column":5}},"line":109},"11":{"name":"(anonymous_11)","decl":{"start":{"line":115,"column":4},"end":{"line":115,"column":5}},"loc":{"start":{"line":115,"column":15},"end":{"line":115,"column":36}},"line":115},"12":{"name":"(anonymous_12)","decl":{"start":{"line":116,"column":4},"end":{"line":116,"column":5}},"loc":{"start":{"line":116,"column":18},"end":{"line":121,"column":5}},"line":116},"13":{"name":"(anonymous_13)","decl":{"start":{"line":122,"column":4},"end":{"line":122,"column":5}},"loc":{"start":{"line":122,"column":14},"end":{"line":122,"column":34}},"line":122},"14":{"name":"(anonymous_14)","decl":{"start":{"line":123,"column":4},"end":{"line":123,"column":5}},"loc":{"start":{"line":123,"column":17},"end":{"line":128,"column":5}},"line":123},"15":{"name":"(anonymous_15)","decl":{"start":{"line":129,"column":4},"end":{"line":129,"column":5}},"loc":{"start":{"line":129,"column":15},"end":{"line":129,"column":36}},"line":129},"16":{"name":"(anonymous_16)","decl":{"start":{"line":130,"column":4},"end":{"line":130,"column":5}},"loc":{"start":{"line":130,"column":18},"end":{"line":135,"column":5}},"line":130},"17":{"name":"(anonymous_17)","decl":{"start":{"line":136,"column":4},"end":{"line":136,"column":5}},"loc":{"start":{"line":136,"column":16},"end":{"line":136,"column":38}},"line":136},"18":{"name":"(anonymous_18)","decl":{"start":{"line":137,"column":4},"end":{"line":137,"column":5}},"loc":{"start":{"line":137,"column":19},"end":{"line":142,"column":5}},"line":137},"19":{"name":"(anonymous_19)","decl":{"start":{"line":143,"column":4},"end":{"line":143,"column":5}},"loc":{"start":{"line":143,"column":21},"end":{"line":146,"column":5}},"line":143},"20":{"name":"(anonymous_20)","decl":{"start":{"line":147,"column":4},"end":{"line":147,"column":5}},"loc":{"start":{"line":147,"column":21},"end":{"line":150,"column":5}},"line":147},"21":{"name":"(anonymous_21)","decl":{"start":{"line":154,"column":4},"end":{"line":154,"column":5}},"loc":{"start":{"line":154,"column":19},"end":{"line":154,"column":56}},"line":154},"22":{"name":"(anonymous_22)","decl":{"start":{"line":155,"column":4},"end":{"line":155,"column":5}},"loc":{"start":{"line":155,"column":21},"end":{"line":155,"column":60}},"line":155},"23":{"name":"(anonymous_23)","decl":{"start":{"line":156,"column":4},"end":{"line":156,"column":5}},"loc":{"start":{"line":156,"column":20},"end":{"line":156,"column":58}},"line":156},"24":{"name":"(anonymous_24)","decl":{"start":{"line":157,"column":4},"end":{"line":157,"column":5}},"loc":{"start":{"line":157,"column":22},"end":{"line":157,"column":62}},"line":157},"25":{"name":"(anonymous_25)","decl":{"start":{"line":164,"column":4},"end":{"line":164,"column":5}},"loc":{"start":{"line":164,"column":27},"end":{"line":177,"column":5}},"line":164},"26":{"name":"(anonymous_26)","decl":{"start":{"line":185,"column":4},"end":{"line":185,"column":5}},"loc":{"start":{"line":185,"column":12},"end":{"line":185,"column":25}},"line":185},"27":{"name":"(anonymous_27)","decl":{"start":{"line":191,"column":4},"end":{"line":191,"column":5}},"loc":{"start":{"line":191,"column":11},"end":{"line":234,"column":5}},"line":191},"28":{"name":"(anonymous_28)","decl":{"start":{"line":240,"column":4},"end":{"line":240,"column":5}},"loc":{"start":{"line":240,"column":19},"end":{"line":397,"column":5}},"line":240},"29":{"name":"__checkChangeFile","decl":{"start":{"line":248,"column":17},"end":{"line":248,"column":34}},"loc":{"start":{"line":248,"column":53},"end":{"line":262,"column":9}},"line":248},"30":{"name":"delEmptyDir","decl":{"start":{"line":333,"column":17},"end":{"line":333,"column":28}},"loc":{"start":{"line":333,"column":34},"end":{"line":368,"column":9}},"line":333},"31":{"name":"(anonymous_31)","decl":{"start":{"line":380,"column":21},"end":{"line":380,"column":22}},"loc":{"start":{"line":380,"column":31},"end":{"line":389,"column":9}},"line":380},"32":{"name":"(anonymous_32)","decl":{"start":{"line":384,"column":40},"end":{"line":384,"column":41}},"loc":{"start":{"line":384,"column":50},"end":{"line":384,"column":77}},"line":384},"33":{"name":"(anonymous_33)","decl":{"start":{"line":402,"column":4},"end":{"line":402,"column":5}},"loc":{"start":{"line":402,"column":18},"end":{"line":461,"column":5}},"line":402},"34":{"name":"(anonymous_34)","decl":{"start":{"line":469,"column":4},"end":{"line":469,"column":5}},"loc":{"start":{"line":469,"column":28},"end":{"line":476,"column":5}},"line":469},"35":{"name":"(anonymous_35)","decl":{"start":{"line":486,"column":4},"end":{"line":486,"column":5}},"loc":{"start":{"line":486,"column":68},"end":{"line":518,"column":5}},"line":486},"36":{"name":"(anonymous_36)","decl":{"start":{"line":526,"column":4},"end":{"line":526,"column":5}},"loc":{"start":{"line":526,"column":21},"end":{"line":627,"column":5}},"line":526},"37":{"name":"(anonymous_37)","decl":{"start":{"line":543,"column":31},"end":{"line":543,"column":32}},"loc":{"start":{"line":543,"column":50},"end":{"line":574,"column":13}},"line":543},"38":{"name":"(anonymous_38)","decl":{"start":{"line":582,"column":31},"end":{"line":582,"column":32}},"loc":{"start":{"line":582,"column":50},"end":{"line":613,"column":13}},"line":582},"39":{"name":"(anonymous_39)","decl":{"start":{"line":607,"column":36},"end":{"line":607,"column":37}},"loc":{"start":{"line":607,"column":43},"end":{"line":607,"column":53}},"line":607},"40":{"name":"(anonymous_40)","decl":{"start":{"line":633,"column":4},"end":{"line":633,"column":5}},"loc":{"start":{"line":633,"column":21},"end":{"line":762,"column":5}},"line":633},"41":{"name":"(anonymous_41)","decl":{"start":{"line":647,"column":39},"end":{"line":647,"column":40}},"loc":{"start":{"line":647,"column":58},"end":{"line":656,"column":21}},"line":647},"42":{"name":"(anonymous_42)","decl":{"start":{"line":664,"column":39},"end":{"line":664,"column":40}},"loc":{"start":{"line":664,"column":58},"end":{"line":693,"column":21}},"line":664},"43":{"name":"(anonymous_43)","decl":{"start":{"line":701,"column":39},"end":{"line":701,"column":40}},"loc":{"start":{"line":701,"column":58},"end":{"line":726,"column":21}},"line":701},"44":{"name":"(anonymous_44)","decl":{"start":{"line":720,"column":44},"end":{"line":720,"column":45}},"loc":{"start":{"line":720,"column":51},"end":{"line":720,"column":61}},"line":720},"45":{"name":"(anonymous_45)","decl":{"start":{"line":777,"column":4},"end":{"line":777,"column":5}},"loc":{"start":{"line":777,"column":34},"end":{"line":789,"column":5}},"line":777},"46":{"name":"(anonymous_46)","decl":{"start":{"line":783,"column":63},"end":{"line":783,"column":64}},"loc":{"start":{"line":783,"column":70},"end":{"line":783,"column":95}},"line":783},"47":{"name":"(anonymous_47)","decl":{"start":{"line":785,"column":74},"end":{"line":785,"column":75}},"loc":{"start":{"line":785,"column":81},"end":{"line":785,"column":106}},"line":785},"48":{"name":"(anonymous_48)","decl":{"start":{"line":795,"column":4},"end":{"line":795,"column":5}},"loc":{"start":{"line":795,"column":30},"end":{"line":804,"column":5}},"line":795},"49":{"name":"(anonymous_49)","decl":{"start":{"line":810,"column":4},"end":{"line":810,"column":5}},"loc":{"start":{"line":810,"column":25},"end":{"line":869,"column":5}},"line":810},"50":{"name":"__copySource","decl":{"start":{"line":836,"column":17},"end":{"line":836,"column":29}},"loc":{"start":{"line":836,"column":47},"end":{"line":857,"column":9}},"line":836},"51":{"name":"(anonymous_51)","decl":{"start":{"line":897,"column":4},"end":{"line":897,"column":5}},"loc":{"start":{"line":897,"column":28},"end":{"line":899,"column":5}},"line":897},"52":{"name":"(anonymous_52)","decl":{"start":{"line":900,"column":4},"end":{"line":900,"column":5}},"loc":{"start":{"line":900,"column":30},"end":{"line":902,"column":5}},"line":900},"53":{"name":"(anonymous_53)","decl":{"start":{"line":903,"column":4},"end":{"line":903,"column":5}},"loc":{"start":{"line":903,"column":29},"end":{"line":905,"column":5}},"line":903},"54":{"name":"(anonymous_54)","decl":{"start":{"line":906,"column":4},"end":{"line":906,"column":5}},"loc":{"start":{"line":906,"column":31},"end":{"line":908,"column":5}},"line":906},"55":{"name":"(anonymous_55)","decl":{"start":{"line":922,"column":4},"end":{"line":922,"column":5}},"loc":{"start":{"line":922,"column":23},"end":{"line":925,"column":5}},"line":922},"56":{"name":"(anonymous_56)","decl":{"start":{"line":933,"column":4},"end":{"line":933,"column":5}},"loc":{"start":{"line":933,"column":25},"end":{"line":943,"column":5}},"line":933}},"branchMap":{"0":{"loc":{"start":{"line":83,"column":24},"end":{"line":83,"column":63}},"type":"cond-expr","locations":[{"start":{"line":83,"column":46},"end":{"line":83,"column":50}},{"start":{"line":83,"column":53},"end":{"line":83,"column":63}}],"line":83},"1":{"loc":{"start":{"line":85,"column":8},"end":{"line":86,"column":61}},"type":"if","locations":[{"start":{"line":85,"column":8},"end":{"line":86,"column":61}},{"start":{"line":86,"column":13},"end":{"line":86,"column":61}}],"line":85},"2":{"loc":{"start":{"line":90,"column":8},"end":{"line":90,"column":72}},"type":"if","locations":[{"start":{"line":90,"column":8},"end":{"line":90,"column":72}},{"start":{},"end":{}}],"line":90},"3":{"loc":{"start":{"line":94,"column":8},"end":{"line":96,"column":67}},"type":"if","locations":[{"start":{"line":94,"column":8},"end":{"line":96,"column":67}},{"start":{"line":96,"column":15},"end":{"line":96,"column":67}}],"line":94},"4":{"loc":{"start":{"line":94,"column":12},"end":{"line":94,"column":57}},"type":"binary-expr","locations":[{"start":{"line":94,"column":12},"end":{"line":94,"column":33}},{"start":{"line":94,"column":37},"end":{"line":94,"column":57}}],"line":94},"5":{"loc":{"start":{"line":96,"column":15},"end":{"line":96,"column":67}},"type":"if","locations":[{"start":{"line":96,"column":15},"end":{"line":96,"column":67}},{"start":{},"end":{}}],"line":96},"6":{"loc":{"start":{"line":103,"column":8},"end":{"line":106,"column":78}},"type":"if","locations":[{"start":{"line":103,"column":8},"end":{"line":106,"column":78}},{"start":{"line":106,"column":15},"end":{"line":106,"column":78}}],"line":103},"7":{"loc":{"start":{"line":103,"column":12},"end":{"line":103,"column":78}},"type":"binary-expr","locations":[{"start":{"line":103,"column":12},"end":{"line":103,"column":45}},{"start":{"line":103,"column":49},"end":{"line":103,"column":78}}],"line":103},"8":{"loc":{"start":{"line":110,"column":8},"end":{"line":113,"column":76}},"type":"if","locations":[{"start":{"line":110,"column":8},"end":{"line":113,"column":76}},{"start":{"line":113,"column":15},"end":{"line":113,"column":76}}],"line":110},"9":{"loc":{"start":{"line":110,"column":12},"end":{"line":110,"column":76}},"type":"binary-expr","locations":[{"start":{"line":110,"column":12},"end":{"line":110,"column":45}},{"start":{"line":110,"column":49},"end":{"line":110,"column":76}}],"line":110},"10":{"loc":{"start":{"line":117,"column":8},"end":{"line":120,"column":68}},"type":"if","locations":[{"start":{"line":117,"column":8},"end":{"line":120,"column":68}},{"start":{"line":120,"column":15},"end":{"line":120,"column":68}}],"line":117},"11":{"loc":{"start":{"line":124,"column":8},"end":{"line":127,"column":68}},"type":"if","locations":[{"start":{"line":124,"column":8},"end":{"line":127,"column":68}},{"start":{"line":127,"column":15},"end":{"line":127,"column":68}}],"line":124},"12":{"loc":{"start":{"line":131,"column":8},"end":{"line":134,"column":68}},"type":"if","locations":[{"start":{"line":131,"column":8},"end":{"line":134,"column":68}},{"start":{"line":134,"column":15},"end":{"line":134,"column":68}}],"line":131},"13":{"loc":{"start":{"line":138,"column":8},"end":{"line":141,"column":70}},"type":"if","locations":[{"start":{"line":138,"column":8},"end":{"line":141,"column":70}},{"start":{"line":141,"column":15},"end":{"line":141,"column":70}}],"line":138},"14":{"loc":{"start":{"line":144,"column":8},"end":{"line":144,"column":80}},"type":"if","locations":[{"start":{"line":144,"column":8},"end":{"line":144,"column":80}},{"start":{},"end":{}}],"line":144},"15":{"loc":{"start":{"line":148,"column":8},"end":{"line":148,"column":80}},"type":"if","locations":[{"start":{"line":148,"column":8},"end":{"line":148,"column":80}},{"start":{},"end":{}}],"line":148},"16":{"loc":{"start":{"line":165,"column":8},"end":{"line":165,"column":32}},"type":"if","locations":[{"start":{"line":165,"column":8},"end":{"line":165,"column":32}},{"start":{},"end":{}}],"line":165},"17":{"loc":{"start":{"line":166,"column":8},"end":{"line":166,"column":36}},"type":"if","locations":[{"start":{"line":166,"column":8},"end":{"line":166,"column":36}},{"start":{},"end":{}}],"line":166},"18":{"loc":{"start":{"line":222,"column":8},"end":{"line":230,"column":9}},"type":"if","locations":[{"start":{"line":222,"column":8},"end":{"line":230,"column":9}},{"start":{},"end":{}}],"line":222},"19":{"loc":{"start":{"line":223,"column":12},"end":{"line":229,"column":13}},"type":"if","locations":[{"start":{"line":223,"column":12},"end":{"line":229,"column":13}},{"start":{},"end":{}}],"line":223},"20":{"loc":{"start":{"line":226,"column":16},"end":{"line":226,"column":83}},"type":"if","locations":[{"start":{"line":226,"column":16},"end":{"line":226,"column":83}},{"start":{},"end":{}}],"line":226},"21":{"loc":{"start":{"line":227,"column":16},"end":{"line":227,"column":89}},"type":"if","locations":[{"start":{"line":227,"column":16},"end":{"line":227,"column":89}},{"start":{},"end":{}}],"line":227},"22":{"loc":{"start":{"line":228,"column":16},"end":{"line":228,"column":86}},"type":"if","locations":[{"start":{"line":228,"column":16},"end":{"line":228,"column":86}},{"start":{},"end":{}}],"line":228},"23":{"loc":{"start":{"line":240,"column":10},"end":{"line":240,"column":17}},"type":"default-arg","locations":[{"start":{"line":240,"column":16},"end":{"line":240,"column":17}}],"line":240},"24":{"loc":{"start":{"line":252,"column":12},"end":{"line":253,"column":30}},"type":"if","locations":[{"start":{"line":252,"column":12},"end":{"line":253,"column":30}},{"start":{"line":253,"column":17},"end":{"line":253,"column":30}}],"line":252},"25":{"loc":{"start":{"line":255,"column":12},"end":{"line":256,"column":30}},"type":"if","locations":[{"start":{"line":255,"column":12},"end":{"line":256,"column":30}},{"start":{"line":256,"column":17},"end":{"line":256,"column":30}}],"line":255},"26":{"loc":{"start":{"line":259,"column":12},"end":{"line":259,"column":49}},"type":"if","locations":[{"start":{"line":259,"column":12},"end":{"line":259,"column":49}},{"start":{},"end":{}}],"line":259},"27":{"loc":{"start":{"line":276,"column":12},"end":{"line":283,"column":13}},"type":"if","locations":[{"start":{"line":276,"column":12},"end":{"line":283,"column":13}},{"start":{"line":278,"column":19},"end":{"line":283,"column":13}}],"line":276},"28":{"loc":{"start":{"line":277,"column":16},"end":{"line":277,"column":69}},"type":"if","locations":[{"start":{"line":277,"column":16},"end":{"line":277,"column":69}},{"start":{},"end":{}}],"line":277},"29":{"loc":{"start":{"line":278,"column":19},"end":{"line":283,"column":13}},"type":"if","locations":[{"start":{"line":278,"column":19},"end":{"line":283,"column":13}},{"start":{"line":281,"column":19},"end":{"line":283,"column":13}}],"line":278},"30":{"loc":{"start":{"line":281,"column":19},"end":{"line":283,"column":13}},"type":"if","locations":[{"start":{"line":281,"column":19},"end":{"line":283,"column":13}},{"start":{},"end":{}}],"line":281},"31":{"loc":{"start":{"line":281,"column":23},"end":{"line":281,"column":72}},"type":"binary-expr","locations":[{"start":{"line":281,"column":23},"end":{"line":281,"column":46}},{"start":{"line":281,"column":50},"end":{"line":281,"column":72}}],"line":281},"32":{"loc":{"start":{"line":286,"column":12},"end":{"line":286,"column":54}},"type":"if","locations":[{"start":{"line":286,"column":12},"end":{"line":286,"column":54}},{"start":{},"end":{}}],"line":286},"33":{"loc":{"start":{"line":302,"column":12},"end":{"line":309,"column":13}},"type":"if","locations":[{"start":{"line":302,"column":12},"end":{"line":309,"column":13}},{"start":{"line":304,"column":19},"end":{"line":309,"column":13}}],"line":302},"34":{"loc":{"start":{"line":303,"column":16},"end":{"line":303,"column":69}},"type":"if","locations":[{"start":{"line":303,"column":16},"end":{"line":303,"column":69}},{"start":{},"end":{}}],"line":303},"35":{"loc":{"start":{"line":304,"column":19},"end":{"line":309,"column":13}},"type":"if","locations":[{"start":{"line":304,"column":19},"end":{"line":309,"column":13}},{"start":{"line":307,"column":19},"end":{"line":309,"column":13}}],"line":304},"36":{"loc":{"start":{"line":307,"column":19},"end":{"line":309,"column":13}},"type":"if","locations":[{"start":{"line":307,"column":19},"end":{"line":309,"column":13}},{"start":{},"end":{}}],"line":307},"37":{"loc":{"start":{"line":307,"column":23},"end":{"line":307,"column":72}},"type":"binary-expr","locations":[{"start":{"line":307,"column":23},"end":{"line":307,"column":46}},{"start":{"line":307,"column":50},"end":{"line":307,"column":72}}],"line":307},"38":{"loc":{"start":{"line":314,"column":12},"end":{"line":314,"column":54}},"type":"if","locations":[{"start":{"line":314,"column":12},"end":{"line":314,"column":54}},{"start":{},"end":{}}],"line":314},"39":{"loc":{"start":{"line":320,"column":8},"end":{"line":320,"column":77}},"type":"if","locations":[{"start":{"line":320,"column":8},"end":{"line":320,"column":77}},{"start":{},"end":{}}],"line":320},"40":{"loc":{"start":{"line":324,"column":8},"end":{"line":327,"column":35}},"type":"if","locations":[{"start":{"line":324,"column":8},"end":{"line":327,"column":35}},{"start":{"line":327,"column":13},"end":{"line":327,"column":35}}],"line":324},"41":{"loc":{"start":{"line":324,"column":12},"end":{"line":326,"column":40}},"type":"binary-expr","locations":[{"start":{"line":324,"column":12},"end":{"line":324,"column":49}},{"start":{"line":325,"column":16},"end":{"line":325,"column":55}},{"start":{"line":326,"column":16},"end":{"line":326,"column":40}}],"line":324},"42":{"loc":{"start":{"line":337,"column":16},"end":{"line":337,"column":48}},"type":"if","locations":[{"start":{"line":337,"column":16},"end":{"line":337,"column":48}},{"start":{},"end":{}}],"line":337},"43":{"loc":{"start":{"line":340,"column":16},"end":{"line":345,"column":17}},"type":"if","locations":[{"start":{"line":340,"column":16},"end":{"line":345,"column":17}},{"start":{},"end":{}}],"line":340},"44":{"loc":{"start":{"line":343,"column":20},"end":{"line":343,"column":65}},"type":"if","locations":[{"start":{"line":343,"column":20},"end":{"line":343,"column":65}},{"start":{},"end":{}}],"line":343},"45":{"loc":{"start":{"line":349,"column":20},"end":{"line":352,"column":21}},"type":"if","locations":[{"start":{"line":349,"column":20},"end":{"line":352,"column":21}},{"start":{},"end":{}}],"line":349},"46":{"loc":{"start":{"line":355,"column":16},"end":{"line":363,"column":17}},"type":"if","locations":[{"start":{"line":355,"column":16},"end":{"line":363,"column":17}},{"start":{},"end":{}}],"line":355},"47":{"loc":{"start":{"line":357,"column":20},"end":{"line":362,"column":21}},"type":"if","locations":[{"start":{"line":357,"column":20},"end":{"line":362,"column":21}},{"start":{},"end":{}}],"line":357},"48":{"loc":{"start":{"line":360,"column":24},"end":{"line":360,"column":68}},"type":"if","locations":[{"start":{"line":360,"column":24},"end":{"line":360,"column":68}},{"start":{},"end":{}}],"line":360},"49":{"loc":{"start":{"line":378,"column":12},"end":{"line":378,"column":111}},"type":"if","locations":[{"start":{"line":378,"column":12},"end":{"line":378,"column":111}},{"start":{},"end":{}}],"line":378},"50":{"loc":{"start":{"line":383,"column":12},"end":{"line":388,"column":13}},"type":"if","locations":[{"start":{"line":383,"column":12},"end":{"line":388,"column":13}},{"start":{},"end":{}}],"line":383},"51":{"loc":{"start":{"line":383,"column":16},"end":{"line":383,"column":78}},"type":"binary-expr","locations":[{"start":{"line":383,"column":16},"end":{"line":383,"column":44}},{"start":{"line":383,"column":48},"end":{"line":383,"column":78}}],"line":383},"52":{"loc":{"start":{"line":418,"column":8},"end":{"line":418,"column":57}},"type":"if","locations":[{"start":{"line":418,"column":8},"end":{"line":418,"column":57}},{"start":{},"end":{}}],"line":418},"53":{"loc":{"start":{"line":486,"column":21},"end":{"line":486,"column":32}},"type":"default-arg","locations":[{"start":{"line":486,"column":30},"end":{"line":486,"column":32}}],"line":486},"54":{"loc":{"start":{"line":486,"column":34},"end":{"line":486,"column":45}},"type":"default-arg","locations":[{"start":{"line":486,"column":43},"end":{"line":486,"column":45}}],"line":486},"55":{"loc":{"start":{"line":486,"column":47},"end":{"line":486,"column":56}},"type":"default-arg","locations":[{"start":{"line":486,"column":54},"end":{"line":486,"column":56}}],"line":486},"56":{"loc":{"start":{"line":486,"column":58},"end":{"line":486,"column":66}},"type":"default-arg","locations":[{"start":{"line":486,"column":64},"end":{"line":486,"column":66}}],"line":486},"57":{"loc":{"start":{"line":492,"column":8},"end":{"line":497,"column":9}},"type":"if","locations":[{"start":{"line":492,"column":8},"end":{"line":497,"column":9}},{"start":{"line":495,"column":15},"end":{"line":497,"column":9}}],"line":492},"58":{"loc":{"start":{"line":492,"column":12},"end":{"line":492,"column":53}},"type":"binary-expr","locations":[{"start":{"line":492,"column":12},"end":{"line":492,"column":35}},{"start":{"line":492,"column":39},"end":{"line":492,"column":53}}],"line":492},"59":{"loc":{"start":{"line":494,"column":20},"end":{"line":494,"column":45}},"type":"binary-expr","locations":[{"start":{"line":494,"column":20},"end":{"line":494,"column":37}},{"start":{"line":494,"column":41},"end":{"line":494,"column":45}}],"line":494},"60":{"loc":{"start":{"line":495,"column":15},"end":{"line":497,"column":9}},"type":"if","locations":[{"start":{"line":495,"column":15},"end":{"line":497,"column":9}},{"start":{},"end":{}}],"line":495},"61":{"loc":{"start":{"line":505,"column":8},"end":{"line":507,"column":9}},"type":"if","locations":[{"start":{"line":505,"column":8},"end":{"line":507,"column":9}},{"start":{},"end":{}}],"line":505},"62":{"loc":{"start":{"line":551,"column":20},"end":{"line":551,"column":74}},"type":"if","locations":[{"start":{"line":551,"column":20},"end":{"line":551,"column":74}},{"start":{},"end":{}}],"line":551},"63":{"loc":{"start":{"line":558,"column":16},"end":{"line":564,"column":17}},"type":"if","locations":[{"start":{"line":558,"column":16},"end":{"line":564,"column":17}},{"start":{},"end":{}}],"line":558},"64":{"loc":{"start":{"line":558,"column":20},"end":{"line":558,"column":89}},"type":"binary-expr","locations":[{"start":{"line":558,"column":20},"end":{"line":558,"column":57}},{"start":{"line":558,"column":61},"end":{"line":558,"column":89}}],"line":558},"65":{"loc":{"start":{"line":573,"column":23},"end":{"line":573,"column":60}},"type":"cond-expr","locations":[{"start":{"line":573,"column":41},"end":{"line":573,"column":43}},{"start":{"line":573,"column":46},"end":{"line":573,"column":60}}],"line":573},"66":{"loc":{"start":{"line":589,"column":20},"end":{"line":589,"column":74}},"type":"if","locations":[{"start":{"line":589,"column":20},"end":{"line":589,"column":74}},{"start":{},"end":{}}],"line":589},"67":{"loc":{"start":{"line":604,"column":16},"end":{"line":609,"column":17}},"type":"if","locations":[{"start":{"line":604,"column":16},"end":{"line":609,"column":17}},{"start":{},"end":{}}],"line":604},"68":{"loc":{"start":{"line":644,"column":16},"end":{"line":657,"column":17}},"type":"if","locations":[{"start":{"line":644,"column":16},"end":{"line":657,"column":17}},{"start":{},"end":{}}],"line":644},"69":{"loc":{"start":{"line":652,"column":28},"end":{"line":652,"column":82}},"type":"if","locations":[{"start":{"line":652,"column":28},"end":{"line":652,"column":82}},{"start":{},"end":{}}],"line":652},"70":{"loc":{"start":{"line":661,"column":16},"end":{"line":694,"column":17}},"type":"if","locations":[{"start":{"line":661,"column":16},"end":{"line":694,"column":17}},{"start":{},"end":{}}],"line":661},"71":{"loc":{"start":{"line":672,"column":28},"end":{"line":672,"column":82}},"type":"if","locations":[{"start":{"line":672,"column":28},"end":{"line":672,"column":82}},{"start":{},"end":{}}],"line":672},"72":{"loc":{"start":{"line":679,"column":24},"end":{"line":685,"column":25}},"type":"if","locations":[{"start":{"line":679,"column":24},"end":{"line":685,"column":25}},{"start":{},"end":{}}],"line":679},"73":{"loc":{"start":{"line":679,"column":28},"end":{"line":679,"column":97}},"type":"binary-expr","locations":[{"start":{"line":679,"column":28},"end":{"line":679,"column":65}},{"start":{"line":679,"column":69},"end":{"line":679,"column":97}}],"line":679},"74":{"loc":{"start":{"line":692,"column":31},"end":{"line":692,"column":68}},"type":"cond-expr","locations":[{"start":{"line":692,"column":49},"end":{"line":692,"column":51}},{"start":{"line":692,"column":54},"end":{"line":692,"column":68}}],"line":692},"75":{"loc":{"start":{"line":698,"column":16},"end":{"line":727,"column":17}},"type":"if","locations":[{"start":{"line":698,"column":16},"end":{"line":727,"column":17}},{"start":{},"end":{}}],"line":698},"76":{"loc":{"start":{"line":709,"column":28},"end":{"line":709,"column":82}},"type":"if","locations":[{"start":{"line":709,"column":28},"end":{"line":709,"column":82}},{"start":{},"end":{}}],"line":709},"77":{"loc":{"start":{"line":717,"column":24},"end":{"line":722,"column":25}},"type":"if","locations":[{"start":{"line":717,"column":24},"end":{"line":722,"column":25}},{"start":{},"end":{}}],"line":717},"78":{"loc":{"start":{"line":735,"column":16},"end":{"line":739,"column":17}},"type":"if","locations":[{"start":{"line":735,"column":16},"end":{"line":739,"column":17}},{"start":{},"end":{}}],"line":735},"79":{"loc":{"start":{"line":747,"column":16},"end":{"line":758,"column":17}},"type":"if","locations":[{"start":{"line":747,"column":16},"end":{"line":758,"column":17}},{"start":{},"end":{}}],"line":747},"80":{"loc":{"start":{"line":751,"column":20},"end":{"line":757,"column":21}},"type":"if","locations":[{"start":{"line":751,"column":20},"end":{"line":757,"column":21}},{"start":{"line":755,"column":27},"end":{"line":757,"column":21}}],"line":751},"81":{"loc":{"start":{"line":783,"column":8},"end":{"line":788,"column":9}},"type":"if","locations":[{"start":{"line":783,"column":8},"end":{"line":788,"column":9}},{"start":{"line":785,"column":15},"end":{"line":788,"column":9}}],"line":783},"82":{"loc":{"start":{"line":783,"column":12},"end":{"line":783,"column":96}},"type":"binary-expr","locations":[{"start":{"line":783,"column":12},"end":{"line":783,"column":28}},{"start":{"line":783,"column":32},"end":{"line":783,"column":96}}],"line":783},"83":{"loc":{"start":{"line":785,"column":15},"end":{"line":788,"column":9}},"type":"if","locations":[{"start":{"line":785,"column":15},"end":{"line":788,"column":9}},{"start":{},"end":{}}],"line":785},"84":{"loc":{"start":{"line":785,"column":19},"end":{"line":785,"column":107}},"type":"binary-expr","locations":[{"start":{"line":785,"column":19},"end":{"line":785,"column":37}},{"start":{"line":785,"column":41},"end":{"line":785,"column":107}}],"line":785},"85":{"loc":{"start":{"line":799,"column":19},"end":{"line":799,"column":90}},"type":"cond-expr","locations":[{"start":{"line":799,"column":31},"end":{"line":799,"column":56}},{"start":{"line":799,"column":59},"end":{"line":799,"column":90}}],"line":799},"86":{"loc":{"start":{"line":803,"column":8},"end":{"line":803,"column":61}},"type":"if","locations":[{"start":{"line":803,"column":8},"end":{"line":803,"column":61}},{"start":{},"end":{}}],"line":803},"87":{"loc":{"start":{"line":843,"column":16},"end":{"line":843,"column":48}},"type":"if","locations":[{"start":{"line":843,"column":16},"end":{"line":843,"column":48}},{"start":{},"end":{}}],"line":843},"88":{"loc":{"start":{"line":845,"column":16},"end":{"line":855,"column":17}},"type":"if","locations":[{"start":{"line":845,"column":16},"end":{"line":855,"column":17}},{"start":{},"end":{}}],"line":845},"89":{"loc":{"start":{"line":845,"column":20},"end":{"line":845,"column":69}},"type":"binary-expr","locations":[{"start":{"line":845,"column":20},"end":{"line":845,"column":37}},{"start":{"line":845,"column":41},"end":{"line":845,"column":69}}],"line":845},"90":{"loc":{"start":{"line":848,"column":20},"end":{"line":850,"column":21}},"type":"if","locations":[{"start":{"line":848,"column":20},"end":{"line":850,"column":21}},{"start":{},"end":{}}],"line":848},"91":{"loc":{"start":{"line":935,"column":8},"end":{"line":935,"column":81}},"type":"if","locations":[{"start":{"line":935,"column":8},"end":{"line":935,"column":81}},{"start":{},"end":{}}],"line":935},"92":{"loc":{"start":{"line":936,"column":8},"end":{"line":936,"column":70}},"type":"if","locations":[{"start":{"line":936,"column":8},"end":{"line":936,"column":70}},{"start":{},"end":{}}],"line":936},"93":{"loc":{"start":{"line":938,"column":8},"end":{"line":938,"column":91}},"type":"if","locations":[{"start":{"line":938,"column":8},"end":{"line":938,"column":91}},{"start":{},"end":{}}],"line":938}},"s":{"0":7,"1":7,"2":7,"3":7,"4":7,"5":7,"6":7,"7":20,"8":20,"9":20,"10":20,"11":20,"12":20,"13":20,"14":20,"15":20,"16":20,"17":20,"18":20,"19":20,"20":20,"21":20,"22":20,"23":20,"24":20,"25":20,"26":20,"27":20,"28":20,"29":20,"30":20,"31":20,"32":226,"33":2,"34":2,"35":0,"36":689,"37":689,"38":0,"39":689,"40":26,"41":0,"42":26,"43":26,"44":80,"45":72,"46":6,"47":79,"48":3,"49":2,"50":2,"51":1,"52":78,"53":3,"54":2,"55":2,"56":1,"57":144,"58":6,"59":4,"60":4,"61":2,"62":84,"63":5,"64":3,"65":3,"66":2,"67":180,"68":6,"69":4,"70":4,"71":2,"72":142,"73":3,"74":2,"75":2,"76":1,"77":75,"78":9,"79":75,"80":75,"81":9,"82":75,"83":0,"84":0,"85":0,"86":0,"87":20,"88":17,"89":20,"90":0,"91":20,"92":20,"93":20,"94":20,"95":20,"96":20,"97":20,"98":20,"99":20,"100":20,"101":2,"102":20,"103":20,"104":20,"105":20,"106":20,"107":20,"108":20,"109":18,"110":11,"111":11,"112":11,"113":11,"114":11,"115":11,"116":11,"117":20,"118":10,"119":10,"120":10,"121":10,"122":10,"123":10,"124":10,"125":30,"126":30,"127":0,"128":30,"129":30,"130":0,"131":30,"132":19,"133":11,"134":10,"135":10,"136":9,"137":9,"138":9,"139":3,"140":3,"141":6,"142":3,"143":3,"144":3,"145":9,"146":9,"147":7,"148":10,"149":10,"150":10,"151":48,"152":48,"153":48,"154":24,"155":24,"156":24,"157":16,"158":8,"159":8,"160":48,"161":48,"162":27,"163":10,"164":10,"165":6,"166":10,"167":6,"168":4,"169":35,"170":35,"171":35,"172":4,"173":31,"174":31,"175":11,"176":11,"177":0,"178":11,"179":20,"180":20,"181":24,"182":24,"183":17,"184":17,"185":20,"186":15,"187":15,"188":13,"189":13,"190":0,"191":13,"192":0,"193":10,"194":70,"195":70,"196":10,"197":34,"198":18,"199":71,"200":18,"201":18,"202":18,"203":10,"204":10,"205":10,"206":10,"207":10,"208":10,"209":7,"210":7,"211":7,"212":0,"213":7,"214":7,"215":11,"216":7,"217":7,"218":5,"219":5,"220":7,"221":7,"222":2,"223":15,"224":15,"225":10,"226":10,"227":5,"228":5,"229":15,"230":0,"231":15,"232":9,"233":9,"234":9,"235":9,"236":25,"237":25,"238":9,"239":9,"240":15,"241":15,"242":15,"243":15,"244":17,"245":17,"246":17,"247":17,"248":62,"249":46,"250":17,"251":3,"252":3,"253":3,"254":3,"255":3,"256":17,"257":17,"258":9,"259":9,"260":16,"261":16,"262":16,"263":16,"264":6,"265":6,"266":6,"267":31,"268":25,"269":6,"270":3,"271":3,"272":6,"273":3,"274":6,"275":6,"276":9,"277":9,"278":8,"279":8,"280":9,"281":9,"282":8,"283":8,"284":9,"285":9,"286":9,"287":9,"288":9,"289":1,"290":1,"291":1,"292":1,"293":3,"294":3,"295":3,"296":3,"297":2,"298":2,"299":2,"300":4,"301":2,"302":2,"303":2,"304":1,"305":1,"306":3,"307":3,"308":3,"309":3,"310":2,"311":2,"312":2,"313":2,"314":5,"315":3,"316":2,"317":1,"318":1,"319":1,"320":1,"321":1,"322":2,"323":2,"324":1,"325":1,"326":2,"327":2,"328":2,"329":2,"330":2,"331":2,"332":2,"333":10,"334":8,"335":2,"336":1,"337":1,"338":2,"339":1,"340":2,"341":2,"342":9,"343":9,"344":1,"345":1,"346":1,"347":1,"348":1,"349":1,"350":1,"351":1,"352":9,"353":9,"354":1,"355":1,"356":1,"357":1,"358":1,"359":1,"360":1,"361":1,"362":1,"363":1,"364":1,"365":1,"366":0,"367":9,"368":56,"369":56,"370":15,"371":6,"372":50,"373":253,"374":45,"375":45,"376":12,"377":12,"378":12,"379":12,"380":12,"381":0,"382":1,"383":5,"384":5,"385":10,"386":10,"387":10,"388":0,"389":10,"390":10,"391":6,"392":6,"393":0,"394":6,"395":6,"396":1,"397":1,"398":1,"399":1,"400":1,"401":1,"402":20,"403":20,"404":7,"405":7,"406":20,"407":20,"408":20,"409":2,"410":0,"411":2,"412":0,"413":2,"414":0,"415":2,"416":2,"417":7},"f":{"0":226,"1":2,"2":689,"3":26,"4":80,"5":72,"6":6,"7":79,"8":3,"9":78,"10":3,"11":144,"12":6,"13":84,"14":5,"15":180,"16":6,"17":142,"18":3,"19":75,"20":75,"21":0,"22":0,"23":0,"24":0,"25":20,"26":7,"27":20,"28":10,"29":30,"30":35,"31":34,"32":71,"33":7,"34":2,"35":15,"36":9,"37":17,"38":6,"39":6,"40":9,"41":2,"42":2,"43":2,"44":2,"45":56,"46":15,"47":253,"48":12,"49":1,"50":5,"51":20,"52":20,"53":7,"54":7,"55":20,"56":2},"b":{"0":[171,55],"1":[2,0],"2":[0,689],"3":[0,26],"4":[26,0],"5":[26,0],"6":[2,1],"7":[3,3],"8":[2,1],"9":[3,3],"10":[4,2],"11":[3,2],"12":[4,2],"13":[2,1],"14":[9,66],"15":[9,66],"16":[17,3],"17":[0,20],"18":[18,2],"19":[11,7],"20":[11,0],"21":[11,0],"22":[11,0],"23":[4],"24":[30,0],"25":[30,0],"26":[19,11],"27":[3,6],"28":[3,0],"29":[3,3],"30":[3,0],"31":[3,0],"32":[7,2],"33":[24,24],"34":[24,0],"35":[16,8],"36":[8,0],"37":[8,0],"38":[27,21],"39":[6,4],"40":[6,4],"41":[10,9,6],"42":[4,31],"43":[11,20],"44":[0,11],"45":[17,7],"46":[15,5],"47":[13,2],"48":[0,13],"49":[70,0],"50":[18,16],"51":[34,18],"52":[0,7],"53":[0],"54":[0],"55":[0],"56":[4],"57":[10,5],"58":[15,10],"59":[10,0],"60":[5,0],"61":[0,15],"62":[46,16],"63":[3,14],"64":[17,3],"65":[3,14],"66":[25,6],"67":[3,3],"68":[3,0],"69":[2,2],"70":[3,0],"71":[3,2],"72":[1,1],"73":[2,1],"74":[1,1],"75":[2,0],"76":[8,2],"77":[1,1],"78":[1,0],"79":[1,0],"80":[1,0],"81":[6,50],"82":[56,6],"83":[45,5],"84":[50,50],"85":[0,12],"86":[0,12],"87":[0,10],"88":[6,4],"89":[10,10],"90":[0,6],"91":[0,2],"92":[0,2],"93":[0,2]},"_coverageSchema":"1a1c01bbd47fc00a2c39e90264f33305004495a9","hash":"ebcce98256d3a80aaa58586800e4d45d2960fa84"}
,"/Users/kimneo/PJ-Git/AutoTemplate#v01/src/page-group.js": {"path":"/Users/kimneo/PJ-Git/AutoTemplate#v01/src/page-group.js","statementMap":{"0":{"start":{"line":1,"column":50},"end":{"line":1,"column":65}},"1":{"start":{"line":2,"column":50},"end":{"line":2,"column":71}},"2":{"start":{"line":10,"column":15},"end":{"line":10,"column":19}},"3":{"start":{"line":11,"column":12},"end":{"line":11,"column":14}},"4":{"start":{"line":15,"column":16},"end":{"line":15,"column":20}},"5":{"start":{"line":16,"column":13},"end":{"line":16,"column":15}},"6":{"start":{"line":20,"column":14},"end":{"line":20,"column":16}},"7":{"start":{"line":21,"column":14},"end":{"line":21,"column":16}},"8":{"start":{"line":22,"column":14},"end":{"line":22,"column":16}},"9":{"start":{"line":26,"column":19},"end":{"line":26,"column":38}},"10":{"start":{"line":28,"column":8},"end":{"line":28,"column":75}},"11":{"start":{"line":28,"column":33},"end":{"line":28,"column":75}},"12":{"start":{"line":29,"column":8},"end":{"line":29,"column":27}},"13":{"start":{"line":31,"column":19},"end":{"line":31,"column":38}},"14":{"start":{"line":33,"column":8},"end":{"line":33,"column":80}},"15":{"start":{"line":33,"column":37},"end":{"line":33,"column":80}},"16":{"start":{"line":34,"column":8},"end":{"line":34,"column":27}},"17":{"start":{"line":36,"column":19},"end":{"line":36,"column":38}},"18":{"start":{"line":38,"column":8},"end":{"line":38,"column":80}},"19":{"start":{"line":38,"column":37},"end":{"line":38,"column":80}},"20":{"start":{"line":39,"column":8},"end":{"line":39,"column":27}},"21":{"start":{"line":43,"column":8},"end":{"line":43,"column":34}},"22":{"start":{"line":44,"column":8},"end":{"line":44,"column":27}},"23":{"start":{"line":53,"column":18},"end":{"line":53,"column":20}},"24":{"start":{"line":56,"column":8},"end":{"line":57,"column":27}},"25":{"start":{"line":56,"column":32},"end":{"line":56,"column":47}},"26":{"start":{"line":57,"column":13},"end":{"line":57,"column":27}},"27":{"start":{"line":59,"column":8},"end":{"line":59,"column":43}},"28":{"start":{"line":59,"column":21},"end":{"line":59,"column":43}},"29":{"start":{"line":61,"column":8},"end":{"line":81,"column":9}},"30":{"start":{"line":61,"column":21},"end":{"line":61,"column":22}},"31":{"start":{"line":63,"column":12},"end":{"line":63,"column":29}},"32":{"start":{"line":64,"column":12},"end":{"line":64,"column":36}},"33":{"start":{"line":65,"column":12},"end":{"line":65,"column":47}},"34":{"start":{"line":66,"column":12},"end":{"line":66,"column":53}},"35":{"start":{"line":68,"column":12},"end":{"line":70,"column":13}},"36":{"start":{"line":69,"column":16},"end":{"line":69,"column":62}},"37":{"start":{"line":72,"column":12},"end":{"line":74,"column":13}},"38":{"start":{"line":73,"column":16},"end":{"line":73,"column":38}},"39":{"start":{"line":76,"column":12},"end":{"line":80,"column":15}},"40":{"start":{"line":84,"column":8},"end":{"line":86,"column":9}},"41":{"start":{"line":84,"column":21},"end":{"line":84,"column":22}},"42":{"start":{"line":85,"column":12},"end":{"line":85,"column":67}},"43":{"start":{"line":85,"column":47},"end":{"line":85,"column":67}},"44":{"start":{"line":93,"column":21},"end":{"line":93,"column":40}},"45":{"start":{"line":97,"column":8},"end":{"line":97,"column":47}},"46":{"start":{"line":98,"column":8},"end":{"line":98,"column":47}},"47":{"start":{"line":99,"column":8},"end":{"line":99,"column":45}},"48":{"start":{"line":100,"column":8},"end":{"line":100,"column":32}},"49":{"start":{"line":106,"column":8},"end":{"line":119,"column":9}},"50":{"start":{"line":106,"column":21},"end":{"line":106,"column":22}},"51":{"start":{"line":107,"column":12},"end":{"line":107,"column":34}},"52":{"start":{"line":108,"column":12},"end":{"line":108,"column":27}},"53":{"start":{"line":109,"column":12},"end":{"line":109,"column":50}},"54":{"start":{"line":110,"column":12},"end":{"line":110,"column":49}},"55":{"start":{"line":111,"column":12},"end":{"line":111,"column":73}},"56":{"start":{"line":113,"column":12},"end":{"line":113,"column":70}},"57":{"start":{"line":115,"column":12},"end":{"line":115,"column":70}},"58":{"start":{"line":116,"column":12},"end":{"line":116,"column":37}},"59":{"start":{"line":127,"column":8},"end":{"line":130,"column":9}},"60":{"start":{"line":127,"column":21},"end":{"line":127,"column":22}},"61":{"start":{"line":128,"column":12},"end":{"line":128,"column":32}},"62":{"start":{"line":129,"column":12},"end":{"line":129,"column":56}},"63":{"start":{"line":132,"column":8},"end":{"line":132,"column":37}},"64":{"start":{"line":134,"column":8},"end":{"line":134,"column":57}},"65":{"start":{"line":135,"column":8},"end":{"line":135,"column":62}},"66":{"start":{"line":136,"column":8},"end":{"line":136,"column":73}},"67":{"start":{"line":137,"column":8},"end":{"line":137,"column":23}},"68":{"start":{"line":165,"column":13},"end":{"line":165,"column":17}},"69":{"start":{"line":167,"column":19},"end":{"line":167,"column":44}},"70":{"start":{"line":174,"column":8},"end":{"line":174,"column":21}},"71":{"start":{"line":175,"column":8},"end":{"line":175,"column":28}},"72":{"start":{"line":177,"column":8},"end":{"line":177,"column":28}},"73":{"start":{"line":229,"column":17},"end":{"line":229,"column":21}},"74":{"start":{"line":230,"column":27},"end":{"line":230,"column":29}},"75":{"start":{"line":233,"column":8},"end":{"line":239,"column":9}},"76":{"start":{"line":234,"column":12},"end":{"line":234,"column":30}},"77":{"start":{"line":235,"column":12},"end":{"line":235,"column":24}},"78":{"start":{"line":237,"column":12},"end":{"line":237,"column":24}},"79":{"start":{"line":241,"column":8},"end":{"line":249,"column":9}},"80":{"start":{"line":245,"column":12},"end":{"line":245,"column":23}},"81":{"start":{"line":248,"column":12},"end":{"line":248,"column":26}},"82":{"start":{"line":253,"column":8},"end":{"line":255,"column":9}},"83":{"start":{"line":254,"column":12},"end":{"line":254,"column":59}},"84":{"start":{"line":256,"column":8},"end":{"line":258,"column":9}},"85":{"start":{"line":257,"column":12},"end":{"line":257,"column":65}},"86":{"start":{"line":259,"column":8},"end":{"line":261,"column":9}},"87":{"start":{"line":260,"column":12},"end":{"line":260,"column":68}},"88":{"start":{"line":264,"column":8},"end":{"line":269,"column":11}},"89":{"start":{"line":265,"column":12},"end":{"line":268,"column":13}},"90":{"start":{"line":267,"column":16},"end":{"line":267,"column":67}},"91":{"start":{"line":271,"column":8},"end":{"line":274,"column":9}},"92":{"start":{"line":272,"column":12},"end":{"line":272,"column":51}},"93":{"start":{"line":273,"column":12},"end":{"line":273,"column":34}},"94":{"start":{"line":280,"column":8},"end":{"line":280,"column":29}},"95":{"start":{"line":293,"column":8},"end":{"line":293,"column":113}},"96":{"start":{"line":293,"column":58},"end":{"line":293,"column":113}},"97":{"start":{"line":296,"column":8},"end":{"line":299,"column":9}},"98":{"start":{"line":296,"column":21},"end":{"line":296,"column":22}},"99":{"start":{"line":297,"column":12},"end":{"l
[...]
ne":437},"33":{"loc":{"start":{"line":460,"column":14},"end":{"line":460,"column":52}},"type":"cond-expr","locations":[{"start":{"line":460,"column":31},"end":{"line":460,"column":46}},{"start":{"line":460,"column":49},"end":{"line":460,"column":52}}],"line":460},"34":{"loc":{"start":{"line":481,"column":16},"end":{"line":485,"column":17}},"type":"if","locations":[{"start":{"line":481,"column":16},"end":{"line":485,"column":17}},{"start":{"line":483,"column":23},"end":{"line":485,"column":17}}],"line":481}},"s":{"0":7,"1":7,"2":7,"3":7,"4":7,"5":7,"6":7,"7":143,"8":143,"9":143,"10":143,"11":143,"12":143,"13":143,"14":4,"15":4,"16":272,"17":272,"18":272,"19":39,"20":91,"21":37,"22":0,"23":0,"24":0,"25":143,"26":143,"27":4,"28":4,"29":4,"30":0,"31":0,"32":0,"33":0,"34":0,"35":75,"36":75,"37":75,"38":75,"39":75,"40":75,"41":75,"42":75,"43":75,"44":75,"45":75,"46":75,"47":75,"48":0,"49":75,"50":0,"51":75,"52":0,"53":75,"54":75,"55":75,"56":50,"57":50,"58":11,"59":50,"60":50,"61":50,"62":50,"63":0,"64":50,"65":50,"66":75,"67":75,"68":50,"69":50,"70":16,"71":16,"72":6,"73":16,"74":1,"75":1,"76":1,"77":1,"78":1,"79":1,"80":1,"81":1,"82":0,"83":50,"84":15,"85":35,"86":1,"87":1,"88":50,"89":75,"90":75,"91":50,"92":60,"93":60,"94":60,"95":60,"96":60,"97":60,"98":135,"99":135,"100":135,"101":135,"102":4,"103":4,"104":131,"105":135,"106":37,"107":8,"108":98,"109":135,"110":0,"111":135,"112":0,"113":135,"114":0,"115":135,"116":60,"117":180,"118":0,"119":135,"120":135,"121":37,"122":135,"123":135,"124":135,"125":39,"126":11,"127":11,"128":27,"129":27,"130":60,"131":60,"132":60,"133":60,"134":60,"135":60,"136":20,"137":40,"138":60,"139":60,"140":72,"141":72,"142":72,"143":106,"144":106,"145":106,"146":106,"147":106,"148":8,"149":8,"150":98,"151":0,"152":0,"153":0,"154":0,"155":106,"156":106,"157":106,"158":106,"159":106,"160":106,"161":39,"162":39,"163":270,"164":387,"165":0,"166":0,"167":0,"168":8,"169":7,"170":7},"f":{"0":4,"1":4,"2":272,"3":39,"4":91,"5":37,"6":0,"7":0,"8":0,"9":143,"10":4,"11":0,"12":0,"13":0,"14":0,"15":75,"16":0,"17":0,"18":0,"19":50,"20":16,"21":1,"22":75,"23":75,"24":50,"25":60,"26":135,"27":8,"28":180,"29":11,"30":60,"31":106,"32":0,"33":106,"34":39,"35":270,"36":387,"37":0,"38":8},"b":{"0":[68,204],"1":[86,5],"2":[0],"3":[11],"4":[11],"5":[50,25],"6":[11,39],"7":[50,0],"8":[50,0],"9":[50,10],"10":[0,50],"11":[6,10],"12":[1,0],"13":[15,35],"14":[1,34],"15":[37],"16":[37],"17":[4,131],"18":[37,98],"19":[0,135],"20":[135,135],"21":[0,135],"22":[135,135],"23":[0,135],"24":[135,98],"25":[60,75],"26":[0,180],"27":[180,180,180,0],"28":[37,98],"29":[39,96],"30":[20,40],"31":[8,98],"32":[0,0],"33":[42,64],"34":[0,0]},"_coverageSchema":"1a1c01bbd47fc00a2c39e90264f33305004495a9","hash":"8f8e6ccc5e1a01461c50a5c3f3bcb82f2705a4a8"}
,"/Users/kimneo/PJ-Git/AutoTemplate#v01/src/source-template.js": {"path":"/Users/kimneo/PJ-Git/AutoTemplate#v01/src/source-template.js","statementMap":{"0":{"start":{"line":1,"column":34},"end":{"line":1,"column":49}},"1":{"start":{"line":2,"column":34},"end":{"line":2,"column":49}},"2":{"start":{"line":3,"column":34},"end":{"line":3,"column":55}},"3":{"start":{"line":19,"column":15},"end":{"line":19,"column":19}},"4":{"start":{"line":20,"column":14},"end":{"line":20,"column":18}},"5":{"start":{"line":24,"column":16},"end":{"line":24,"column":20}},"6":{"start":{"line":25,"column":11},"end":{"line":25,"column":15}},"7":{"start":{"line":29,"column":11},"end":{"line":29,"column":13}},"8":{"start":{"line":30,"column":12},"end":{"line":30,"column":14}},"9":{"start":{"line":31,"column":13},"end":{"line":31,"column":15}},"10":{"start":{"line":32,"column":15},"end":{"line":32,"column":17}},"11":{"start":{"line":34,"column":16},"end":{"line":34,"column":20}},"12":{"start":{"line":38,"column":16},"end":{"line":38,"column":33}},"13":{"start":{"line":39,"column":17},"end":{"line":39,"column":35}},"14":{"start":{"line":40,"column":18},"end":{"line":40,"column":37}},"15":{"start":{"line":49,"column":21},"end":{"line":49,"column":65}},"16":{"start":{"line":50,"column":20},"end":{"line":50,"column":58}},"17":{"start":{"line":51,"column":19},"end":{"line":51,"column":97}},"18":{"start":{"line":52,"column":20},"end":{"line":52,"column":41}},"19":{"start":{"line":53,"column":21},"end":{"line":53,"column":101}},"20":{"start":{"line":54,"column":22},"end":{"line":54,"column":67}},"21":{"start":{"line":55,"column":17},"end":{"line":55,"column":53}},"22":{"start":{"line":56,"column":21},"end":{"line":56,"column":91}},"23":{"start":{"line":57,"column":21},"end":{"line":57,"column":43}},"24":{"start":{"line":74,"column":8},"end":{"line":74,"column":34}},"25":{"start":{"line":75,"column":8},"end":{"line":75,"column":24}},"26":{"start":{"line":76,"column":8},"end":{"line":76,"column":26}},"27":{"start":{"line":77,"column":8},"end":{"line":77,"column":28}},"28":{"start":{"line":78,"column":8},"end":{"line":78,"column":53}},"29":{"start":{"line":83,"column":8},"end":{"line":83,"column":45}},"30":{"start":{"line":84,"column":8},"end":{"line":84,"column":62}},"31":{"start":{"line":85,"column":8},"end":{"line":85,"column":34}},"32":{"start":{"line":91,"column":18},"end":{"line":105,"column":9}},"33":{"start":{"line":126,"column":8},"end":{"line":126,"column":19}},"34":{"start":{"line":135,"column":11},"end":{"line":135,"column":15}},"35":{"start":{"line":136,"column":13},"end":{"line":136,"column":17}},"36":{"start":{"line":144,"column":8},"end":{"line":144,"column":21}},"37":{"start":{"line":145,"column":8},"end":{"line":145,"column":25}},"38":{"start":{"line":146,"column":8},"end":{"line":146,"column":28}},"39":{"start":{"line":211,"column":8},"end":{"line":214,"column":27}},"40":{"start":{"line":212,"column":12},"end":{"line":212,"column":30}},"41":{"start":{"line":213,"column":12},"end":{"line":213,"column":24}},"42":{"start":{"line":214,"column":15},"end":{"line":214,"column":27}},"43":{"start":{"line":216,"column":8},"end":{"line":221,"column":31}},"44":{"start":{"line":220,"column":12},"end":{"line":220,"column":34}},"45":{"start":{"line":221,"column":15},"end":{"line":221,"column":31}},"46":{"start":{"line":225,"column":8},"end":{"line":227,"column":9}},"47":{"start":{"line":226,"column":12},"end":{"line":226,"column":59}},"48":{"start":{"line":228,"column":8},"end":{"line":230,"column":9}},"49":{"start":{"line":229,"column":12},"end":{"line":229,"column":67}},"50":{"start":{"line":232,"column":8},"end":{"line":236,"column":9}},"51":{"start":{"line":233,"column":12},"end":{"line":233,"column":77}},"52":{"start":{"line":234,"column":15},"end":{"line":236,"column":9}},"53":{"start":{"line":235,"column":12},"end":{"line":235,"column":62}},"54":{"start":{"line":248,"column":8},"end":{"line":248,"column":82}},"55":{"start":{"line":249,"column":8},"end":{"line":249,"column":33}},"56":{"start":{"line":251,"column":8},"end":{"line":251,"column":33}},"57":{"start":{"line":262,"column":8},"end":{"line":266,"column":9}},"58":{"start":{"line":262,"column":21},"end":{"line":262,"column":22}},"59":{"start":{"line":265,"column":12},"end":{"line":265,"column":36}},"60":{"start":{"line":276,"column":22},"end":{"line":276,"column":26}},"61":{"start":{"line":277,"column":20},"end":{"line":277,"column":28}},"62":{"start":{"line":278,"column":21},"end":{"line":278,"column":37}},"63":{"start":{"line":279,"column":25},"end":{"line":279,"column":57}},"64":{"start":{"line":280,"column":24},"end":{"line":280,"column":50}},"65":{"start":{"line":281,"column":22},"end":{"line":281,"column":24}},"66":{"start":{"line":284,"column":8},"end":{"line":304,"column":9}},"67":{"start":{"line":284,"column":21},"end":{"line":284,"column":22}},"68":{"start":{"line":285,"column":12},"end":{"line":285,"column":55}},"69":{"start":{"line":286,"column":12},"end":{"line":286,"column":46}},"70":{"start":{"line":287,"column":12},"end":{"line":303,"column":15}},"71":{"start":{"line":288,"column":16},"end":{"line":288,"column":73}},"72":{"start":{"line":289,"column":16},"end":{"line":289,"column":50}},"73":{"start":{"line":290,"column":16},"end":{"line":290,"column":39}},"74":{"start":{"line":292,"column":16},"end":{"line":292,"column":47}},"75":{"start":{"line":294,"column":16},"end":{"line":301,"column":17}},"76":{"start":{"line":297,"column":20},"end":{"line":297,"column":109}},"77":{"start":{"line":298,"column":20},"end":{"line":298,"column":49}},"78":{"start":{"line":300,"column":20},"end":{"line":300,"column":60}},"79":{"start":{"line":316,"column":25},"end":{"line":316,"column":57}},"80":{"start":{"line":319,"column":8},"end":{"line":319,"column":44}},"81":{"start":{"line":320,"column":8},"end":{"line":320,"column":38}},"82":{"start":{"line":321,"column":8},"end":{"line":321,"column":43}},"83":{"start":{"line":322,"column":8},"end":{"line":322,"column":52}},"84":{"start":{"line":323,"column":8},"end":{"line":323,"column":30}},"85":{"start":{"line":334,"column":8},"end":{"line":345,"column":10}},"86":{"start":{"line":335,"column":30},"end":{"line":335,"column":56}},"87":{"start":{"line":337,"column":16},"end":{"line":341,"column":17}},"88":{"start":{"line":338,"column":20},"end":{"line":338,"column":61}},"89":{"start":{"line":340,"column":20},"end":{"line":340,"column":70}},"90":{"start":{"line":349,"column":8},"end":{"line":349,"column":34}},"91":{"start":{"line":353,"column":0},"end":{"line":353,"column":40}},"92":{"start":{"line":354,"column":0},"end":{"line":354,"column":48}}},"fnMap":{"0":{"name":"(anonymous_0)","decl":{"start":{"line":38,"column":4},"end":{"line":38,"column":5}},"loc":{"start":{"line":38,"column":14},"end":{"line":38,"column":35}},"line":38},"1":{"name":"(anonymous_1)","decl":{"start":{"line":39,"column":4},"end":{"line":39,"column":5}},"loc":{"start":{"line":39,"column":15},"end":{"line":39,"column":37}},"line":39},"2":{"name":"(anonymous_2)","decl":{"start":{"line":40,"column":4},"end":{"line":40,"column":5}},"loc":{"start":{"line":40,"column":16},"end":{"line":40,"column":39}},"line":40},"3":{"name":"(anonymous_3)","decl":{"start":{"line":49,"column":4},"end":{"line":49,"column":5}},"loc":{"start":{"line":49,"column":19},"end":{"line":49,"column":67}},"line":49},"4":{"name":"(anonymous_4)","decl":{"start":{"line":50,"column":4},"end":{"line":50,"column":5}},"loc":{"start":{"line":50,"column":18},"end":{"line":50,"column":60}},"line":50},"5":{"name":"(anonymous_5)","decl":{"start":{"line":51,"column":4},"end":{"line":51,"column":5}},"loc":{"start":{"line":51,"column":17},"end":{"line":51,"column":99}},"line":51},"6":{"name":"(anonymous_6)","decl":{"start":{"line":52,"column":4},"end":{"line":52,"column":5}},"loc":{"start":{"line":52,"column":18},"end":{"line":52,"column":43}},"line":52},"7":{"name":"(anonymous_7)","decl":{"start":{"line":53,"column":4},"end":{"line":53,"column":5}},"loc":{"start":{"line":53,"column":19},"end":{"line":53,"column":103}},"line":53},"8":{"name":"(anonymous_8)","decl":{"start":{"line":54,"column":4},"end":{"line":54,"column":5}},"loc":{"start":{"line":54,"column":20},"end":{"line":54,"column":69}},"line":54},"9":{"name":"(anonymous_9)","decl":{"start":{"line":55,"column":4},"end":{"line":55,"column":5}},"loc":{"start":{"line":55,"column":15},"end":{"line":55,"column":55}},"line":55},"10":{"name":"(anonymous_10)","decl":{"start":{"line":56,"column":4},"end":{"line":56,"column":5}},"loc":{"start":{"line":56,"column":19},"end":{"line":56,"column":93}},"line":56},"11":{"name":"(anonymous_11)","decl":{"start":{"line":57,"column":4},"end":{"line":57,"column":5}},"loc":{"start":{"line":57,"column":19},"end":{"line":57,"column":45}},"line":57},"12":{"name":"(anonymous_12)","decl":{"start":{"line":68,"column":4},"end":{"line":68,"column":5}},"loc":{"start":{"line":68,"column":61},"end":{"line":88,"column":5}},"line":68},"13":{"name":"(anonymous_13)","decl":{"start":{"line":90,"column":4},"end":{"line":90,"column":5}},"loc":{"start":{"line":90,"column":16},"end":{"line":127,"column":5}},"line":90},"14":{"name":"(anonymous_14)","decl":{"start":{"line":143,"column":4},"end":{"line":143,"column":5}},"loc":{"start":{"line":143,"column":29},"end":{"line":147,"column":5}},"line":143},"15":{"name":"(anonymous_15)","decl":{"start":{"line":202,"column":4},"end":{"line":202,"column":5}},"loc":{"start":{"line":202,"column":60},"end":{"line":252,"column":5}},"line":202},"16":{"name":"(anonymous_16)","decl":{"start":{"line":258,"column":4},"end":{"line":258,"column":5}},"loc":{"start":{"line":258,"column":30},"end":{"line":267,"column":5}},"line":258},"17":{"name":"(anonymous_17)","decl":{"start":{"line":274,"column":4},"end":{"line":274,"column":5}},"loc":{"start":{"line":274,"column":26},"end":{"line":305,"column":5}},"line":274},"18":{"name":"(anonymous_18)","decl":{"start":{"line":287,"column":28},"end":{"line":287,"column":29}},"loc":{"start":{"line":287,"column":35},"end":{"line":303,"column":13}},"line":287},"19":{"name":"(anonymous_19)","decl":{"start":{"line":314,"column":4},"end":{"line":314,"column":5}},"loc":{"start":{"line":314,"column":24},"end":{"line":324,"column":5}},"line":314},"20":{"name":"(anonymous_20)","decl":{"start":{"line":333,"column":4},"end":{"line":333,"column":5}},"loc":{"start":{"line":333,"column":28},"end":{"line":346,"column":5}},"line":333},"21":{"name":"(anonymous_21)","decl":{"start":{"line":335,"column":17},"end":{"line":335,"column":18}},"loc":{"start":{"line":335,"column":28},"end":{"line":335,"column":58}},"line":335},"22":{"name":"(anonymous_22)","decl":{"start":{"line":336,"column":17},"end":{"line":336,"column":18}},"loc":{"start":{"line":336,"column":31},"end":{"line":342,"column":13}},"line":336},"23":{"name":"(anonymous_23)","decl":{"start":{"line":348,"column":4},"end":{"line":348,"column":5}},"loc":{"start":{"line":348,"column":27},"end":{"line":350,"column":5}},"line":348}},"branchMap":{"0":{"loc":{"start":{"line":51,"column":26},"end":{"line":51,"column":96}},"type":"cond-expr","locations":[{"start":{"line":51,"column":64},"end":{"line":51,"column":66}},{"start":{"line":51,"column":69},"end":{"line":51,"column":96}}],"line":51},"1":{"loc":{"start":{"line":53,"column":28},"end":{"line":53,"column":100}},"type":"cond-expr","locations":[{"start":{"line":53,"column":49},"end":{"line":53,"column":61}},{"start":{"line":53,"column":64},"end":{"line":53,"column":100}}],"line":53},"2":{"loc":{"start":{"line":56,"column":28},"end":{"line":56,"column":90}},"type":"cond-expr","locations":[{"start":{"line":56,"column":54},"end":{"line":56,"column":83}},{"start":{"line":56,"column":86},"end":{"line":56,"column":90}}],"line":56},"3":{"loc":{"start":{"line":68,"column":44},"end":{"line":68,"column":59}},"type":"default-arg","locations":[{"start":{"line":68,"column":55},"end":{"line":68,"column":59}}],"line":68},"4":{"loc":{"start":{"line":202,"column":20},"end":{"line":202,"column":35}},"type":"default-arg","locations":[{"start":{"line":202,"column":31},"end":{"line":202,"column":35}}],"line":202},"5":{"loc":{"start":{"line":202,"column":37},"end":{"line":202,"column":58}},"type":"default-arg","locations":[{"start":{"line":202,"column":43},"end":{"line":202,"column":58}}],"line":202},"6":{"loc":{"start":{"line":211,"column":8},"end":{"line":214,"column":27}},"type":"if","locations":[{"start":{"line":211,"column":8},"end":{"line":214,"column":27}},{"start":{"line":214,"column":15},"end":{"line":214,"column":27}}],"line":211},"7":{"loc":{"start":{"line":216,"column":8},"end":{"line":221,"column":31}},"type":"if","locations":[{"start":{"line":216,"column":8},"end":{"line":221,"column":31}},{"start":{"line":221,"column":15},"end":{"line":221,"column":31}}],"line":216},"8":{"loc":{"start":{"line":225,"column":8},"end":{"line":227,"column":9}},"type":"if","locations":[{"start":{"line":225,"column":8},"end":{"line":227,"column":9}},{"start":{},"end":{}}],"line":225},"9":{"loc":{"start":{"line":225,"column":12},"end":{"line":225,"column":59}},"type":"binary-expr","locations":[{"start":{"line":225,"column":12},"end":{"line":225,"column":37}},{"start":{"line":225,"column":41},"end":{"line":225,"column":59}}],"line":225},"10":{"loc":{"start":{"line":228,"column":8},"end":{"line":230,"column":9}},"type":"if","locations":[{"start":{"line":228,"column":8},"end":{"line":230,"column":9}},{"start":{},"end":{}}],"line":228},"11":{"loc":{"start":{"line":228,"column":12},"end":{"line":228,"column":62}},"type":"binary-expr","locations":[{"start":{"line":228,"column":12},"end":{"line":228,"column":42}},{"start":{"line":228,"column":46},"end":{"line":228,"column":62}}],"line":228},"12":{"loc":{"start":{"line":232,"column":8},"end":{"line":236,"column":9}},"type":"if","locations":[{"start":{"line":232,"column":8},"end":{"line":236,"column":9}},{"start":{"line":234,"column":15},"end":{"line":236,"column":9}}],"line":232},"13":{"loc":{"start":{"line":232,"column":12},"end":{"line":232,"column":99}},"type":"binary-expr","locations":[{"start":{"line":232,"column":12},"end":{"line":232,"column":32}},{"start":{"line":232,"column":36},"end":{"line":232,"column":99}}],"line":232},"14":{"loc":{"start":{"line":232,"column":38},"end":{"line":232,"column":98}},"type":"binary-expr","locations":[{"start":{"line":232,"column":38},"end":{"line":232,"column":67}},{"start":{"line":232,"column":71},"end":{"line":232,"column":98}}],"line":232},"15":{"loc":{"start":{"line":234,"column":15},"end":{"line":236,"column":9}},"type":"if","locations":[{"start":{"line":234,"column":15},"end":{"line":236,"column":9}},{"start":{},"end":{}}],"line":234},"16":{"loc":{"start":{"line":234,"column":19},"end":{"line":234,"column":77}},"type":"binary-expr","locations":[{"start":{"line":234,"column":19},"end":{"line":234,"column":41}},{"start":{"line":234,"column":45},"end":{"line":234,"column":77}}],"line":234},"17":{"loc":{"start":{"line":294,"column":16},"end":{"line":301,"column":17}},"type":"if","locations":[{"start":{"line":294,"column":16},"end":{"line":301,"column":17}},{"start":{"line":299,"column":23},"end":{"line":301,"column":17}}],"line":294},"18":{"loc":{"start":{"line":322,"column":14},"end":{"line":322,"column":51}},"type":"cond-expr","locations":[{"start":{"line":322,"column":31},"end":{"line":322,"column":45}},{"start":{"line":322,"column":48},"end":{"line":322,"column":51}}],"line":322},"19":{"loc":{"start":{"line":337,"column":16},"end":{"line":341,"column":17}},"type":"if","locations":[{"start":{"line":337,"column":16},"end":{"line":341,"column":17}},{"start":{"line":339,"column":23},"end":{"line":341,"column":17}}],"line":337},"20":{"loc":{"start":{"line":337,"column":20},"end":{"line":337,"column":75}},"type":"binary-expr","locations":[{"start":{"line":337,"column":20},"end":{"line":337,"column":49}},{"start":{"line":337,"column":53},"end":{"line":337,"column":75}}],"line":337}},"s":{"0":7,"1":7,"2":7,"3":185,"4":185,"5":185,"6":185,"7":185,"8":185,"9":185,"10":185,"11":185,"12":6,"13":6,"14":72,"15":6,"16":306,"17":27,"18":415,"19":16,"20":284,"21":6,"22":16,"23":16,"24":185,"25":185,"26":185,"27":185,"28":185,"29":185,"30":185,"31":185,"32":6,"33":6,"34":40,"35":40,"36":40,"37":40,"38":40,"39":38,"40":4,"41":4,"42":34,"43":38,"44":4,"45":34,"46":38,"47":0,"48":38,"49":0,"50":38,"51":0,"52":38,"53":0,"54":38,"55":38,"56":38,"57":4,"58":4,"59":4,"60":40,"61":40,"62":40,"63":40,"64":40,"65":40,"66":40,"67":40,"68":52,"69":52,"70":52,"71":38,"72":38,"73":38,"74":38,"75":38,"76":4,"77":4,"78":34,"79":38,"80":38,"81":38,"82":38,"83":38,"84":38,"85":76,"86":94,"87":0,"88":0,"89":0,"90":4,"91":7,"92":7},"f":{"0":6,"1":6,"2":72,"3":6,"4":306,"5":27,"6":415,"7":16,"8":284,"9":6,"10":16,"11":16,"12":185,"13":6,"14":40,"15":38,"16":4,"17":40,"18":38,"19":38,"20":76,"21":94,"22":0,"23":4},"b":{"0":[14,13],"1":[11,5],"2":[16,0],"3":[0],"4":[4],"5":[4],"6":[4,34],"7":[4,34],"8":[0,38],"9":[38,38],"10":[0,38],"11":[38,38],"12":[0,38],"13":[38,19],"14":[19,19],"15":[0,38],"16":[38,19],"17":[4,34],"18":[0,38],"19":[0,0],"20":[0,0]},"_coverageSchema":"1a1c01bbd47fc00a2c39e90264f33305004495a9","hash":"e9fb0fc6b7e711eedf8933af76d927c24eb9d3b7"}
}
