{"/Users/logic/PJ-Git/AutoTemplate#v01/src/auto-task.js": {"path":"/Users/logic/PJ-Git/AutoTemplate#v01/src/auto-task.js","statementMap":{"0":{"start":{"line":1,"column":26},"end":{"line":1,"column":39}},"1":{"start":{"line":2,"column":26},"end":{"line":2,"column":41}},"2":{"start":{"line":3,"column":26},"end":{"line":3,"column":47}},"3":{"start":{"line":16,"column":12},"end":{"line":16,"column":16}},"4":{"start":{"line":18,"column":13},"end":{"line":18,"column":15}},"5":{"start":{"line":19,"column":11},"end":{"line":21,"column":5}},"6":{"start":{"line":26,"column":23},"end":{"line":26,"column":27}},"7":{"start":{"line":30,"column":13},"end":{"line":30,"column":17}},"8":{"start":{"line":31,"column":11},"end":{"line":31,"column":15}},"9":{"start":{"line":32,"column":13},"end":{"line":32,"column":37}},"10":{"start":{"line":45,"column":18},"end":{"line":45,"column":36}},"11":{"start":{"line":47,"column":8},"end":{"line":47,"column":81}},"12":{"start":{"line":47,"column":38},"end":{"line":47,"column":81}},"13":{"start":{"line":48,"column":8},"end":{"line":48,"column":31}},"14":{"start":{"line":49,"column":8},"end":{"line":49,"column":26}},"15":{"start":{"line":70,"column":8},"end":{"line":72,"column":9}},"16":{"start":{"line":71,"column":12},"end":{"line":71,"column":60}},"17":{"start":{"line":73,"column":8},"end":{"line":73,"column":36}},"18":{"start":{"line":75,"column":8},"end":{"line":77,"column":9}},"19":{"start":{"line":76,"column":12},"end":{"line":76,"column":49}},"20":{"start":{"line":78,"column":8},"end":{"line":78,"column":34}},"21":{"start":{"line":80,"column":8},"end":{"line":80,"column":31}},"22":{"start":{"line":82,"column":8},"end":{"line":82,"column":30}},"23":{"start":{"line":90,"column":8},"end":{"line":92,"column":9}},"24":{"start":{"line":91,"column":12},"end":{"line":91,"column":71}},"25":{"start":{"line":93,"column":8},"end":{"line":93,"column":30}},"26":{"start":{"line":103,"column":8},"end":{"line":103,"column":30}},"27":{"start":{"line":109,"column":8},"end":{"line":109,"column":30}},"28":{"start":{"line":112,"column":8},"end":{"line":112,"column":37}},"29":{"start":{"line":119,"column":8},"end":{"line":119,"column":32}},"30":{"start":{"line":123,"column":8},"end":{"line":123,"column":33}},"31":{"start":{"line":131,"column":8},"end":{"line":131,"column":30}},"32":{"start":{"line":135,"column":8},"end":{"line":135,"column":40}},"33":{"start":{"line":145,"column":26},"end":{"line":145,"column":66}},"34":{"start":{"line":149,"column":8},"end":{"line":149,"column":56}},"35":{"start":{"line":150,"column":30},"end":{"line":150,"column":48}},"36":{"start":{"line":154,"column":8},"end":{"line":154,"column":114}},"37":{"start":{"line":156,"column":8},"end":{"line":156,"column":38}},"38":{"start":{"line":157,"column":8},"end":{"line":157,"column":26}},"39":{"start":{"line":196,"column":0},"end":{"line":196,"column":28}}},"fnMap":{"0":{"name":"(anonymous_0)","decl":{"start":{"line":45,"column":4},"end":{"line":45,"column":5}},"loc":{"start":{"line":45,"column":16},"end":{"line":45,"column":38}},"line":45},"1":{"name":"(anonymous_1)","decl":{"start":{"line":46,"column":4},"end":{"line":46,"column":5}},"loc":{"start":{"line":46,"column":19},"end":{"line":50,"column":5}},"line":46},"2":{"name":"(anonymous_2)","decl":{"start":{"line":52,"column":4},"end":{"line":52,"column":5}},"loc":{"start":{"line":52,"column":18},"end":{"line":55,"column":5}},"line":52},"3":{"name":"(anonymous_3)","decl":{"start":{"line":69,"column":4},"end":{"line":69,"column":5}},"loc":{"start":{"line":69,"column":30},"end":{"line":83,"column":5}},"line":69},"4":{"name":"(anonymous_4)","decl":{"start":{"line":89,"column":4},"end":{"line":89,"column":5}},"loc":{"start":{"line":89,"column":25},"end":{"line":94,"column":5}},"line":89},"5":{"name":"(anonymous_5)","decl":{"start":{"line":99,"column":4},"end":{"line":99,"column":5}},"loc":{"start":{"line":99,"column":18},"end":{"line":113,"column":5}},"line":99},"6":{"name":"(anonymous_6)","decl":{"start":{"line":118,"column":4},"end":{"line":118,"column":5}},"loc":{"start":{"line":118,"column":23},"end":{"line":124,"column":5}},"line":118},"7":{"name":"(anonymous_7)","decl":{"start":{"line":130,"column":4},"end":{"line":130,"column":5}},"loc":{"start":{"line":130,"column":36},"end":{"line":136,"column":5}},"line":130}},"branchMap":{"0":{"loc":{"start":{"line":47,"column":8},"end":{"line":47,"column":81}},"type":"if","locations":[{"start":{"line":47,"column":8},"end":{"line":47,"column":81}},{"start":{},"end":{}}],"line":47},"1":{"loc":{"start":{"line":70,"column":8},"end":{"line":72,"column":9}},"type":"if","locations":[{"start":{"line":70,"column":8},"end":{"line":72,"column":9}},{"start":{},"end":{}}],"line":70},"2":{"loc":{"start":{"line":70,"column":12},"end":{"line":70,"column":55}},"type":"binary-expr","locations":[{"start":{"line":70,"column":12},"end":{"line":70,"column":35}},{"start":{"line":70,"column":39},"end":{"line":70,"column":55}}],"line":70},"3":{"loc":{"start":{"line":75,"column":8},"end":{"line":77,"column":9}},"type":"if","locations":[{"start":{"line":75,"column":8},"end":{"line":77,"column":9}},{"start":{},"end":{}}],"line":75},"4":{"loc":{"start":{"line":75,"column":12},"end":{"line":75,"column":57}},"type":"binary-expr","locations":[{"start":{"line":75,"column":12},"end":{"line":75,"column":37}},{"start":{"line":75,"column":41},"end":{"line":75,"column":57}}],"line":75},"5":{"loc":{"start":{"line":90,"column":8},"end":{"line":92,"column":9}},"type":"if","locations":[{"start":{"line":90,"column":8},"end":{"line":92,"column":9}},{"start":{},"end":{}}],"line":90},"6":{"loc":{"start":{"line":130,"column":13},"end":{"line":130,"column":34}},"type":"default-arg","locations":[{"start":{"line":130,"column":24},"end":{"line":130,"column":34}}],"line":130},"7":{"loc":{"start":{"line":154,"column":21},"end":{"line":154,"column":113}},"type":"cond-expr","locations":[{"start":{"line":154,"column":59},"end":{"line":154,"column":78}},{"start":{"line":154,"column":81},"end":{"line":154,"column":113}}],"line":154}},"s":{"0":9,"1":9,"2":9,"3":34,"4":34,"5":34,"6":9,"7":34,"8":34,"9":34,"10":33,"11":33,"12":1,"13":32,"14":32,"15":35,"16":1,"17":34,"18":34,"19":7,"20":34,"21":34,"22":33,"23":3,"24":1,"25":2,"26":20,"27":20,"28":20,"29":7,"30":7,"31":1,"32":1,"33":34,"34":34,"35":34,"36":34,"37":33,"38":33,"39":9},"f":{"0":33,"1":33,"2":34,"3":35,"4":3,"5":20,"6":7,"7":1},"b":{"0":[1,32],"1":[1,34],"2":[35,34],"3":[7,27],"4":[34,7],"5":[1,2],"6":[1],"7":[3,31]},"_coverageSchema":"1a1c01bbd47fc00a2c39e90264f33305004495a9","hash":"4e1e754c54ab0571a5c4a9db1f1cc07de0629d64"}
,"/Users/logic/PJ-Git/AutoTemplate#v01/src/auto-template.js": {"path":"/Users/logic/PJ-Git/AutoTemplate#v01/src/auto-template.js","statementMap":{"0":{"start":{"line":1,"column":46},"end":{"line":1,"column":59}},"1":{"start":{"line":2,"column":46},"end":{"line":2,"column":61}},"2":{"start":{"line":3,"column":46},"end":{"line":3,"column":61}},"3":{"start":{"line":4,"column":46},"end":{"line":4,"column":67}},"4":{"start":{"line":5,"column":46},"end":{"line":5,"column":74}},"5":{"start":{"line":6,"column":46},"end":{"line":6,"column":73}},"6":{"start":{"line":7,"column":46},"end":{"line":7,"column":69}},"7":{"start":{"line":15,"column":11},"end":{"line":23,"column":5}},"8":{"start":{"line":24,"column":10},"end":{"line":32,"column":5}},"9":{"start":{"line":33,"column":16},"end":{"line":39,"column":5}},"10":{"start":{"line":40,"column":11},"end":{"line":46,"column":5}},"11":{"start":{"line":47,"column":11},"end":{"line":49,"column":5}},"12":{"start":{"line":50,"column":22},"end":{"line":50,"column":28}},"13":{"start":{"line":51,"column":22},"end":{"line":51,"column":26}},"14":{"start":{"line":52,"column":22},"end":{"line":52,"column":27}},"15":{"start":{"line":53,"column":22},"end":{"line":53,"column":26}},"16":{"start":{"line":54,"column":22},"end":{"line":54,"column":26}},"17":{"start":{"line":58,"column":12},"end":{"line":58,"column":16}},"18":{"start":{"line":59,"column":17},"end":{"line":63,"column":5}},"19":{"start":{"line":64,"column":21},"end":{"line":64,"column":23}},"20":{"start":{"line":68,"column":26},"end":{"line":68,"column":30}},"21":{"start":{"line":69,"column":26},"end":{"line":69,"column":28}},"22":{"start":{"line":70,"column":26},"end":{"line":70,"column":50}},"23":{"start":{"line":71,"column":26},"end":{"line":71,"column":30}},"24":{"start":{"line":72,"column":26},"end":{"line":72,"column":30}},"25":{"start":{"line":73,"column":26},"end":{"line":73,"column":30}},"26":{"start":{"line":74,"column":26},"end":{"line":74,"column":30}},"27":{"start":{"line":75,"column":26},"end":{"line":75,"column":30}},"28":{"start":{"line":76,"column":26},"end":{"line":76,"column":30}},"29":{"start":{"line":77,"column":26},"end":{"line":77,"column":30}},"30":{"start":{"line":78,"column":26},"end":{"line":78,"column":30}},"31":{"start":{"line":79,"column":26},"end":{"line":79,"column":30}},"32":{"start":{"line":83,"column":17},"end":{"line":83,"column":64}},"33":{"start":{"line":85,"column":8},"end":{"line":86,"column":61}},"34":{"start":{"line":85,"column":41},"end":{"line":85,"column":58}},"35":{"start":{"line":86,"column":13},"end":{"line":86,"column":61}},"36":{"start":{"line":89,"column":19},"end":{"line":89,"column":35}},"37":{"start":{"line":90,"column":8},"end":{"line":90,"column":72}},"38":{"start":{"line":90,"column":24},"end":{"line":90,"column":72}},"39":{"start":{"line":91,"column":8},"end":{"line":91,"column":35}},"40":{"start":{"line":94,"column":8},"end":{"line":96,"column":67}},"41":{"start":{"line":95,"column":12},"end":{"line":95,"column":62}},"42":{"start":{"line":96,"column":15},"end":{"line":96,"column":67}},"43":{"start":{"line":96,"column":47},"end":{"line":96,"column":67}},"44":{"start":{"line":98,"column":17},"end":{"line":98,"column":34}},"45":{"start":{"line":99,"column":22},"end":{"line":99,"column":44}},"46":{"start":{"line":100,"column":14},"end":{"line":100,"column":35}},"47":{"start":{"line":101,"column":19},"end":{"line":101,"column":38}},"48":{"start":{"line":103,"column":8},"end":{"line":106,"column":78}},"49":{"start":{"line":104,"column":12},"end":{"line":104,"column":33}},"50":{"start":{"line":105,"column":12},"end":{"line":105,"column":44}},"51":{"start":{"line":106,"column":15},"end":{"line":106,"column":78}},"52":{"start":{"line":108,"column":17},"end":{"line":108,"column":34}},"53":{"start":{"line":110,"column":8},"end":{"line":113,"column":76}},"54":{"start":{"line":111,"column":12},"end":{"line":111,"column":31}},"55":{"start":{"line":112,"column":12},"end":{"line":112,"column":42}},"56":{"start":{"line":113,"column":15},"end":{"line":113,"column":76}},"57":{"start":{"line":115,"column":17},"end":{"line":115,"column":34}},"58":{"start":{"line":117,"column":8},"end":{"line":120,"column":68}},"59":{"start":{"line":118,"column":12},"end":{"line":118,"column":31}},"60":{"start":{"line":119,"column":12},"end":{"line":119,"column":42}},"61":{"start":{"line":120,"column":15},"end":{"line":120,"column":68}},"62":{"start":{"line":122,"column":16},"end":{"line":122,"column":32}},"63":{"start":{"line":124,"column":8},"end":{"line":127,"column":68}},"64":{"start":{"line":125,"column":12},"end":{"line":125,"column":30}},"65":{"start":{"line":126,"column":12},"end":{"line":126,"column":41}},"66":{"start":{"line":127,"column":15},"end":{"line":127,"column":68}},"67":{"start":{"line":129,"column":17},"end":{"line":129,"column":34}},"68":{"start":{"line":131,"column":8},"end":{"line":134,"column":68}},"69":{"start":{"line":132,"column":12},"end":{"line":132,"column":31}},"70":{"start":{"line":133,"column":12},"end":{"line":133,"column":42}},"71":{"start":{"line":134,"column":15},"end":{"line":134,"column":68}},"72":{"start":{"line":136,"column":18},"end":{"line":136,"column":36}},"73":{"start":{"line":138,"column":8},"end":{"line":141,"column":70}},"74":{"start":{"line":139,"column":12},"end":{"line":139,"column":32}},"75":{"start":{"line":140,"column":12},"end":{"line":140,"column":43}},"76":{"start":{"line":141,"column":15},"end":{"line":141,"column":70}},"77":{"start":{"line":144,"column":8},"end":{"line":144,"column":80}},"78":{"start":{"line":144,"column":39},"end":{"line":144,"column":80}},"79":{"start":{"line":145,"column":8},"end":{"line":145,"column":32}},"80":{"start":{"line":148,"column":8},"end":{"line":148,"column":80}},"81":{"start":{"line":148,"column":39},"end":{"line":148,"column":80}},"82":{"start":{"line":149,"column":8},"end":{"line":149,"column":32}},"83":{"start":{"line":154,"column":21},"end":{"line":154,"column":54}},"84":{"start":{"line":155,"column":23},"end":{"line":155,"column":58}},"85":{"start":{"line":156,"column":22},"end":{"line":156,"column":56}},"86":{"start":{"line":157,"column":24},"end":{"line":157,"column":60}},"87":{"start":{"line":165,"column":8},"end":{"line":165,"column":32}},"88":{"start":{"line":165,"column":17},"end":{"line":165,"column":32}},"89":{"start":{"line":166,"column":8},"end":{"line":166,"column":36}},"90":{"start":{"line":166,"column":18},"end":{"line":166,"column":36}},"91":{"start":{"line":167,"column":8},"end":{"line":167,"column":56}},"92":{"start":{"line":168,"column":8},"end":{"line":168,"column":56}},"93":{"start":{"line":169,"column":8},"end":{"line":169,"column":73}},"94":{"start":{"line":170,"column":8},"end":{"line":170,"column":71}},"95":{"start":{"line":171,"column":8},"end":{"line":171,"column":70}},"96":{"start":{"line":172,"column":8},"end":{"line":172,"column":69}},"97":{"start":{"line":173,"column":8},"end":{"line":173,"column":70}},"98":{"start":{"line":196,"column":8},"end":{"line":196,"column":39}},"99":{"start":{"line":199,"column":8},"end":{"line":201,"column":9}},"100":{"start":{"line":199,"column":21},"end":{"line":199,"column":22}},"101":{"start":{"line":200,"column":12},"end":{"line":200,"column":37}},"102":{"start":{"line":211,"column":8},"end":{"line":211,"column":46}},"103":{"start":{"line":212,"column":8},"end":{"line":212,"column":42}},"104":{"start":{"line":213,"column":8},"end":{"line":213,"column":42}},"105":{"start":{"line":214,"column":8},"end":{"line":214,"column":40}},"106":{"start":{"line":215,"column":8},"end":{"line":215,"column":42}},"107":{"start":{"line":219,"column":8},"end":{"line":219,"column":41}},"108":{"start":{"line":222,"column":8},"end":{"line":230,"column":9}},"109":{"start":{"line":223,"column":12},"end":{"line":229,"column":13}},"110":{"start":{"line":225,"column":16},"end":{"line":225,"column":102}},"111":{"start":{"line":226,"column":16},"end":{"line":226,"column":83}},"112":{"start":{"line":226,"column":37},"end":{"line":226,"column":83}},"113":{"start":{"line":227,"column":16},"end":{"line":227,"column":89}},"114":{"start":{"line":227,"column":39},"end":{"line":227,"column":89}},"115":{"start":{"line":228,"column":16},"end":{"line":228,"column":86}},"116":{"start":{"line":228,"column":40},"end":{"line":228,"column":86}},"117":{"start":{"line":233,"column":8},"end":{"line":233,"column":21}},"118":{"start":{"line":241,"column":22},"end":{"line":241,"column":26}},"119":{"start":{"line":242,"column":26},"end":{"line":242,"column":62}},"120":{"start":{"line":243,"column":26},"end":{"line":243,"column":65}},"121":{"start":{"line":244,"column":43},"end":{"line":244,"column":45}},"122":{"start":{"line":245,"column":26},"end":{"line":245,"column":28}},"123":{"start":{"line":245,"column":42},"end":{"line":245,"column":44}},"124":{"start":{"line":245,"column":57},"end":{"line":245,"column":59}},"125":{"start":{"line":252,"column":12},"end":{"line":253,"column":30}},"126":{"start":{"line":252,"column":39},"end":{"line":252,"column":82}},"127":{"start":{"line":253,"column":17},"end":{"line":253,"column":30}},"128":{"start":{"line":255,"column":12},"end":{"line":256,"column":30}},"129":{"start":{"line":255,"column":39},"end":{"line":255,"column":82}},"130":{"start":{"line":256,"column":17},"end":{"line":256,"column":30}},"131":{"start":{"line":259,"column":12},"end":{"line":259,"column":49}},"132":{"start":{"line":259,"column":37},"end":{"line":259,"column":49}},"133":{"start":{"line":261,"column":12},"end":{"line":261,"column":25}},"134":{"start":{"line":265,"column":8},"end":{"line":287,"column":9}},"135":{"start":{"line":265,"column":21},"end":{"line":265,"column":22}},"136":{"start":{"line":266,"column":12},"end":{"line":266,"column":76}},"137":{"start":{"line":267,"column":12},"end":{"line":267,"column":54}},"138":{"start":{"line":276,"column":12},"end":{"line":283,"column":13}},"139":{"start":{"line":277,"column":16},"end":{"line":277,"column":69}},"140":{"start":{"line":277,"column":45},"end":{"line":277,"column":69}},"141":{"start":{"line":278,"column":19},"end":{"line":283,"column":13}},"142":{"start":{"line":279,"column":16},"end":{"line":279,"column":40}},"143":{"start":{"line":281,"column":19},"end":{"line":283,"column":13}},"144":{"start":{"line":282,"column":16},"end":{"line":282,"column":62}},"145":{"start":{"line":285,"column":12},"end":{"line":285,"column":41}},"146":{"start":{"line":286,"column":12},"end":{"line":286,"column":54}},"147":{"start":{"line":286,"column":39},"end":{"line":286,"column":54}},"148":{"start":{"line":288,"column":8},"end":{"line":288,"column":47}},"149":{"start":{"line":291,"column":8},"end":{"line":315,"column":9}},"150":{"start":{"line":291,"column":21},"end":{"line":291,"column":22}},"151":{"start":{"line":292,"column":12},"end":{"line":292,"column":78}},"152":{"start":{"line":293,"column":12},"end":{"line":293,"column":56}},"153":{"start":{"line":302,"column":12},"end":{"line":309,"column":13}},"154":{"start":{"line":303,"column":16},"end":{"line":303,"column":69}},"155":{"start":{"line":303,"column":45},"end":{"line":303,"column":69}},"156":{"start":{"line":304,"column":19},"end":{"line":309,"column":13}},"157":{"start":{"line":305,"column":16},"end":{"line":305,"column":40}},"158":{"start":{"line":307,"column":19},"end":{"line":309,"column":13}},"159":{"start":{"line":308,"column":16},"end":{"line":308,"column":62}},"160":{"start":{"line":313,"column":12},"end":{"line":313,"column":41}},"161":{"start":{"line":314,"column":12},"end":{"line":314,"column":54}},"162":{"start":{"line":314,"column":39},"end":{"line":314,"column":54}},"163":{"start":{"line":317,"column":8},"end":{"line":317,"column":47}},"164":{"start":{"line":320,"column":8},"end":{"line":320,"column":77}},"165":{"start":{"line":320,"column":22},"end":{"line":320,"column":77}},"166":{"start":{"line":324,"column":8},"end":{"line":327,"column":35}},"167":{"start":{"line":326,"column":42},"end":{"line":326,"column":67}},"168":{"start":{"line":327,"column":13},"end":{"line":327,"column":35}},"169":{"start":{"line":334,"column":12},"end":{"line":367,"column":15}},"170":{"start":{"line":335,"column":57},"end":{"line":335,"column":62}},"171":{"start":{"line":337,"column":16},"end":{"line":337,"column":48}},"172":{"start":{"line":337,"column":41},"end":{"line":337,"column":48}},"173":{"start":{"line":339,"column":16},"end":{"line":339,"column":68}},"174":{"start":{"line":340,"column":16},"end":{"line":345,"column":17}},"175":{"start":{"line":342,"column":20},"end":{"line":342,"column":38}},"176":{"start":{"line":343,"column":20},"end":{"line":343,"column":65}},"177":{"start":{"line":343,"column":37},"end":{"line":343,"column":65}},"178":{"start":{"line":344,"column":20},"end":{"line":344,"column":27}},"179":{"start":{"line":347,"column":16},"end":{"line":353,"column":17}},"180":{"start":{"line":347,"column":29},"end":{"line":347,"column":30}},"181":{"start":{"line":348,"column":20},"end":{"line":348,"column":36}},"182":{"start":{"line":349,"column":20},"end":{"line":352,"column":21}},"183":{"start":{"line":350,"column":24},"end":{"line":350,"column":63}},"184":{"start":{"line":351,"column":24},"end":{"line":351,"column":43}},"185":{"start":{"line":355,"column":16},"end":{"line":363,"column":17}},"186":{"start":{"line":356,"column":20},"end":{"line":356,"column":72}},"187":{"start":{"line":357,"column":20},"end":{"line":362,"column":21}},"188":{"start":{"line":359,"column":24},"end":{"line":359,"column":42}},"189":{"start":{"line":360,"column":24},"end":{"line":360,"column":68}},"190":{"start":{"line":360,"column":40},"end":{"line":360,"column":68}},"191":{"start":{"line":361,"column":24},"end":{"line":361,"column":31}},"192":{"start":{"line":366,"column":18},"end":{"line":366,"column":58}},"193":{"start":{"line":377,"column":8},"end":{"line":379,"column":9}},"194":{"start":{"line":378,"column":12},"end":{"line":378,"column":111}},"195":{"start":{"line":378,"column":60},"end":{"line":378,"column":111}},"196":{"start":{"line":380,"column":8},"end":{"line":389,"column":11}},"197":{"start":{"line":383,"column":12},"end":{"line":388,"column":13}},"198":{"start":{"line":384,"column":16},"end":{"line":384,"column":80}},"199":{"start":{"line":384,"column":50},"end":{"line":384,"column":77}},"200":{"start":{"line":385,"column":16},"end":{"line":385,"column":62}},"201":{"start":{"line":386,"column":16},"end":{"line":386,"column":45}},"202":{"start":{"line":387,"column":16},"end":{"line":387,"column":56}},"203":{"start":{"line":391,"column":8},"end":{"line":391,"column":28}},"204":{"start":{"line":392,"column":8},"end":{"line":392,"column":26}},"205":{"start":{"line":393,"column":8},"end":{"line":393,"column":26}},"206":{"start":{"line":394,"column":8},"end":{"line":394,"column":25}},"207":{"start":{"line":395,"column":8},"end":{"line":395,"column":26}},"208":{"start":{"line":396,"column":8},"end":{"line":396,"column":27}},"209":{"start":{"line":404,"column":23},"end":{"line":404,"column":27}},"210":{"start":{"line":415,"column":8},"end":{"line":415,"column":40}},"211":{"start":{"line":418,"column":8},"end":{"line":418,"column":57}},"212":{"start":{"line":418,"column":41},"end":{"line":418,"column":57}},"213":{"start":{"line":421,"column":8},"end":{"line":423,"column":9}},"214":{"start":{"line":421,"column":21},"end":{"line":421,"column":22}},"215":{"start":{"line":422,"column":12},"end":{"line":422,"column":35}},"216":{"start":{"line":426,"column":8},"end":{"line":438,"column":9}},"217":{"start":{"line":426,"column":21},"end":{"line":426,"column":22}},"218":{"start":{"line":427,"column":12},"end":{"line":427,"column":46}},"219":{"start":{"line":437,"column":12},"end":{"line":437,"column":52}},"220":{"start":{"line":453,"column":8},"end":{"line":453,"column":30}},"221":{"start":{"line":456,"column":8},"end":{"line":456,"column":42}},"222":{"start":{"line":471,"column":8},"end":{"line":471,"column":44}},"223":{"start":{"line":484,"column":20},"end":{"line":484,"column":24}},"224":{"start":{"line":488,"column":8},"end":{"line":493,"column":9}},"225":{"start":{"line":489,"column":12},"end":{"line":489,"column":24}},"226":{"start":{"line":490,"column":12},"end":{"line":490,"column":46}},"227":{"start":{"line":491,"column":15},"end":{"line":493,"column":9}},"228":{"start":{"line":492,"column":12},"end":{"line":492,"column":24}},"229":{"start":{"line":501,"column":8},"end":{"line":503,"column":9}},"230":{"start":{"line":502,"column":12},"end":{"line":502,"column":55}},"231":{"start":{"line":505,"column":8},"end":{"line":513,"column":11}},"232":{"start":{"line":524,"column":22},"end":{"line":524,"column":26}},"233":{"start":{"line":525,"column":18},"end":{"line":525,"column":52}},"234":{"start":{"line":529,"column":8},"end":{"line":532,"column":9}},"235":{"start":{"line":529,"column":21},"end":{"line":529,"column":22}},"236":{"start":{"line":530,"column":12},"end":{"line":530,"column":39}},"237":{"start":{"line":531,"column":12},"end":{"line":531,"column":55}},"238":{"start":{"line":534,"column":8},"end":{"line":571,"column":9}},"239":{"start":{"line":534,"column":21},"end":{"line":534,"column":22}},"240":{"start":{"line":535,"column":12},"end":{"line":535,"column":44}},"241":{"start":{"line":536,"column":12},"end":{"line":536,"column":39}},"242":{"start":{"line":537,"column":12},"end":{"line":537,"column":67}},"243":{"start":{"line":539,"column":12},"end":{"line":570,"column":13}},"244":{"start":{"line":541,"column":32},"end":{"line":541,"column":34}},"245":{"start":{"line":542,"column":33},"end":{"line":542,"column":46}},"246":{"start":{"line":544,"column":29},"end":{"line":544,"column":34}},"247":{"start":{"line":546,"column":16},"end":{"line":548,"column":17}},"248":{"start":{"line":547,"column":20},"end":{"line":547,"column":74}},"249":{"start":{"line":547,"column":45},"end":{"line":547,"column":74}},"250":{"start":{"line":554,"column":16},"end":{"line":560,"column":17}},"251":{"start":{"line":555,"column":20},"end":{"line":555,"column":34}},"252":{"start":{"line":556,"column":20},"end":{"line":556,"column":48}},"253":{"start":{"line":557,"column":20},"end":{"line":557,"column":64}},"254":{"start":{"line":558,"column":20},"end":{"line":558,"column":65}},"255":{"start":{"line":559,"column":20},"end":{"line":559,"column":92}},"256":{"start":{"line":568,"column":16},"end":{"line":568,"column":65}},"257":{"start":{"line":569,"column":16},"end":{"line":569,"column":61}},"258":{"start":{"line":573,"column":8},"end":{"line":610,"column":9}},"259":{"start":{"line":573,"column":21},"end":{"line":573,"column":22}},"260":{"start":{"line":574,"column":12},"end":{"line":574,"column":44}},"261":{"start":{"line":575,"column":12},"end":{"line":575,"column":40}},"262":{"start":{"line":576,"column":12},"end":{"line":576,"column":68}},"263":{"start":{"line":578,"column":12},"end":{"line":609,"column":13}},"264":{"start":{"line":580,"column":32},"end":{"line":580,"column":34}},"265":{"start":{"line":581,"column":30},"end":{"line":581,"column":44}},"266":{"start":{"line":584,"column":16},"end":{"line":586,"column":17}},"267":{"start":{"line":585,"column":20},"end":{"line":585,"column":74}},"268":{"start":{"line":585,"column":45},"end":{"line":585,"column":74}},"269":{"start":{"line":600,"column":16},"end":{"line":605,"column":17}},"270":{"start":{"line":602,"column":20},"end":{"line":602,"column":56}},"271":{"start":{"line":603,"column":20},"end":{"line":603,"column":55}},"272":{"start":{"line":603,"column":43},"end":{"line":603,"column":53}},"273":{"start":{"line":604,"column":20},"end":{"line":604,"column":45}},"274":{"start":{"line":607,"column":16},"end":{"line":607,"column":41}},"275":{"start":{"line":608,"column":16},"end":{"line":608,"column":26}},"276":{"start":{"line":613,"column":8},"end":{"line":616,"column":9}},"277":{"start":{"line":613,"column":21},"end":{"line":613,"column":22}},"278":{"start":{"line":614,"column":12},"end":{"line":614,"column":41}},"279":{"start":{"line":615,"column":12},"end":{"line":615,"column":59}},"280":{"start":{"line":618,"column":8},"end":{"line":621,"column":9}},"281":{"start":{"line":618,"column":21},"end":{"line":618,"column":22}},"282":{"start":{"line":619,"column":12},"end":{"line":619,"column":39}},"283":{"start":{"line":620,"column":12},"end":{"line":620,"column":55}},"284":{"start":{"line":622,"column":8},"end":{"line":622,"column":19}},"285":{"start":{"line":631,"column":22},"end":{"line":631,"column":26}},"286":{"start":{"line":632,"column":18},"end":{"line":632,"column":52}},"287":{"start":{"line":635,"column":8},"end":{"line":725,"column":9}},"288":{"start":{"line":635,"column":20},"end":{"line":635,"column":21}},"289":{"start":{"line":636,"column":12},"end":{"line":636,"column":44}},"290":{"start":{"line":637,"column":12},"end":{"line":637,"column":49}},"291":{"start":{"line":639,"column":12},"end":{"line":654,"column":13}},"292":{"start":{"line":639,"column":26},"end":{"line":639,"column":27}},"293":{"start":{"line":640,"column":16},"end":{"line":653,"column":17}},"294":{"start":{"line":641,"column":20},"end":{"line":641,"column":59}},"295":{"start":{"line":642,"column":20},"end":{"line":642,"column":92}},"296":{"start":{"line":643,"column":20},"end":{"line":652,"column":21}},"297":{"start":{"line":644,"column":40},"end":{"line":644,"column":42}},"298":{"start":{"line":645,"column":41},"end":{"line":645,"column":61}},"299":{"start":{"line":647,"column":24},"end":{"line":649,"column":25}},"300":{"start":{"line":648,"column":28},"end":{"line":648,"column":82}},"301":{"start":{"line":648,"column":53},"end":{"line":648,"column":82}},"302":{"start":{"line":650,"column":24},"end":{"line":650,"column":72}},"303":{"start":{"line":651,"column":24},"end":{"line":651,"column":46}},"304":{"start":{"line":656,"column":12},"end":{"line":691,"column":13}},"305":{"start":{"line":656,"column":26},"end":{"line":656,"column":27}},"306":{"start":{"line":657,"column":16},"end":{"line":690,"column":17}},"307":{"start":{"line":658,"column":20},"end":{"line":658,"column":59}},"308":{"start":{"line":659,"column":20},"end":{"line":659,"column":135}},"309":{"start":{"line":660,"column":20},"end":{"line":689,"column":21}},"310":{"start":{"line":662,"column":40},"end":{"line":662,"column":42}},"311":{"start":{"line":663,"column":41},"end":{"line":663,"column":61}},"312":{"start":{"line":665,"column":37},"end":{"line":665,"column":42}},"313":{"start":{"line":667,"column":24},"end":{"line":669,"column":25}},"314":{"start":{"line":668,"column":28},"end":{"line":668,"column":82}},"315":{"start":{"line":668,"column":53},"end":{"line":668,"column":82}},"316":{"start":{"line":675,"column":24},"end":{"line":681,"column":25}},"317":{"start":{"line":676,"column":28},"end":{"line":676,"column":42}},"318":{"start":{"line":677,"column":28},"end":{"line":677,"column":56}},"319":{"start":{"line":678,"column":28},"end":{"line":678,"column":72}},"320":{"start":{"line":679,"column":28},"end":{"line":679,"column":73}},"321":{"start":{"line":680,"column":28},"end":{"line":680,"column":100}},"322":{"start":{"line":687,"column":24},"end":{"line":687,"column":73}},"323":{"start":{"line":688,"column":24},"end":{"line":688,"column":69}},"324":{"start":{"line":693,"column":12},"end":{"line":724,"column":13}},"325":{"start":{"line":693,"column":26},"end":{"line":693,"column":27}},"326":{"start":{"line":694,"column":16},"end":{"line":723,"column":17}},"327":{"start":{"line":695,"column":20},"end":{"line":695,"column":59}},"328":{"start":{"line":696,"column":20},"end":{"line":696,"column":137}},"329":{"start":{"line":697,"column":20},"end":{"line":722,"column":21}},"330":{"start":{"line":699,"column":40},"end":{"line":699,"column":42}},"331":{"start":{"line":700,"column":40},"end":{"line":700,"column":61}},"332":{"start":{"line":704,"column":24},"end":{"line":706,"column":25}},"333":{"start":{"line":705,"column":28},"end":{"line":705,"column":82}},"334":{"start":{"line":705,"column":53},"end":{"line":705,"column":82}},"335":{"start":{"line":713,"column":24},"end":{"line":718,"column":25}},"336":{"start":{"line":715,"column":28},"end":{"line":715,"column":64}},"337":{"start":{"line":716,"column":28},"end":{"line":716,"column":63}},"338":{"start":{"line":716,"column":51},"end":{"line":716,"column":61}},"339":{"start":{"line":717,"column":28},"end":{"line":717,"column":53}},"340":{"start":{"line":720,"column":24},"end":{"line":720,"column":58}},"341":{"start":{"line":721,"column":24},"end":{"line":721,"column":34}},"342":{"start":{"line":727,"column":8},"end":{"line":737,"column":9}},"343":{"start":{"line":727,"column":20},"end":{"line":727,"column":21}},"344":{"start":{"line":728,"column":12},"end":{"line":728,"column":44}},"345":{"start":{"line":729,"column":12},"end":{"line":729,"column":49}},"346":{"start":{"line":730,"column":12},"end":{"line":736,"column":13}},"347":{"start":{"line":730,"column":26},"end":{"line":730,"column":27}},"348":{"start":{"line":731,"column":16},"end":{"line":735,"column":17}},"349":{"start":{"line":732,"column":20},"end":{"line":732,"column":61}},"350":{"start":{"line":733,"column":20},"end":{"line":733,"column":94}},"351":{"start":{"line":734,"column":20},"end":{"line":734,"column":72}},"352":{"start":{"line":739,"column":8},"end":{"line":756,"column":9}},"353":{"start":{"line":739,"column":20},"end":{"line":739,"column":21}},"354":{"start":{"line":740,"column":12},"end":{"line":740,"column":44}},"355":{"start":{"line":741,"column":12},"end":{"line":741,"column":49}},"356":{"start":{"line":742,"column":12},"end":{"line":755,"column":13}},"357":{"start":{"line":742,"column":26},"end":{"line":742,"column":27}},"358":{"start":{"line":743,"column":16},"end":{"line":754,"column":17}},"359":{"start":{"line":744,"column":20},"end":{"line":744,"column":59}},"360":{"start":{"line":745,"column":20},"end":{"line":745,"column":58}},"361":{"start":{"line":746,"column":20},"end":{"line":746,"column":74}},"362":{"start":{"line":747,"column":20},"end":{"line":753,"column":21}},"363":{"start":{"line":748,"column":24},"end":{"line":748,"column":47}},"364":{"start":{"line":749,"column":24},"end":{"line":749,"column":54}},"365":{"start":{"line":750,"column":24},"end":{"line":750,"column":90}},"366":{"start":{"line":752,"column":24},"end":{"line":752,"column":72}},"367":{"start":{"line":757,"column":8},"end":{"line":757,"column":19}},"368":{"start":{"line":774,"column":26},"end":{"line":777,"column":9}},"369":{"start":{"line":779,"column":8},"end":{"line":784,"column":9}},"370":{"start":{"line":779,"column":70},"end":{"line":779,"column":95}},"371":{"start":{"line":780,"column":12},"end":{"line":780,"column":53}},"372":{"start":{"line":781,"column":15},"end":{"line":784,"column":9}},"373":{"start":{"line":781,"column":81},"end":{"line":781,"column":106}},"374":{"start":{"line":782,"column":12},"end":{"line":782,"column":68}},"375":{"start":{"line":783,"column":12},"end":{"line":783,"column":55}},"376":{"start":{"line":793,"column":34},"end":{"line":793,"column":47}},"377":{"start":{"line":795,"column":8},"end":{"line":795,"column":91}},"378":{"start":{"line":796,"column":8},"end":{"line":796,"column":59}},"379":{"start":{"line":798,"column":8},"end":{"line":798,"column":49}},"380":{"start":{"line":799,"column":8},"end":{"line":799,"column":61}},"381":{"start":{"line":799,"column":24},"end":{"line":799,"column":61}},"382":{"start":{"line":809,"column":20},"end":{"line":809,"column":24}},"383":{"start":{"line":836,"column":12},"end":{"line":852,"column":13}},"384":{"start":{"line":836,"column":25},"end":{"line":836,"column":26}},"385":{"start":{"line":837,"column":16},"end":{"line":837,"column":36}},"386":{"start":{"line":838,"column":16},"end":{"line":838,"column":40}},"387":{"start":{"line":839,"column":16},"end":{"line":839,"column":48}},"388":{"start":{"line":839,"column":39},"end":{"line":839,"column":48}},"389":{"start":{"line":840,"column":16},"end":{"line":840,"column":74}},"390":{"start":{"line":841,"column":16},"end":{"line":851,"column":17}},"391":{"start":{"line":843,"column":20},"end":{"line":843,"column":57}},"392":{"start":{"line":844,"column":20},"end":{"line":846,"column":21}},"393":{"start":{"line":845,"column":24},"end":{"line":845,"column":66}},"394":{"start":{"line":847,"column":20},"end":{"line":847,"column":60}},"395":{"start":{"line":850,"column":20},"end":{"line":850,"column":86}},"396":{"start":{"line":856,"column":8},"end":{"line":856,"column":44}},"397":{"start":{"line":857,"column":8},"end":{"line":857,"column":42}},"398":{"start":{"line":858,"column":8},"end":{"line":858,"column":42}},"399":{"start":{"line":859,"column":8},"end":{"line":859,"column":41}},"400":{"start":{"line":860,"column":8},"end":{"line":860,"column":42}},"401":{"start":{"line":863,"column":8},"end":{"line":863,"column":30}},"402":{"start":{"line":894,"column":8},"end":{"line":894,"column":52}},"403":{"start":{"line":897,"column":8},"end":{"line":897,"column":54}},"404":{"start":{"line":900,"column":8},"end":{"line":900,"column":53}},"405":{"start":{"line":903,"column":8},"end":{"line":903,"column":55}},"406":{"start":{"line":912,"column":13},"end":{"line":912,"column":17}},"407":{"start":{"line":919,"column":8},"end":{"line":919,"column":21}},"408":{"start":{"line":920,"column":8},"end":{"line":920,"column":28}},"409":{"start":{"line":931,"column":8},"end":{"line":931,"column":81}},"410":{"start":{"line":931,"column":39},"end":{"line":931,"column":81}},"411":{"start":{"line":932,"column":8},"end":{"line":932,"column":70}},"412":{"start":{"line":932,"column":32},"end":{"line":932,"column":70}},"413":{"start":{"line":934,"column":8},"end":{"line":934,"column":91}},"414":{"start":{"line":934,"column":49},"end":{"line":934,"column":91}},"415":{"start":{"line":936,"column":8},"end":{"line":936,"column":41}},"416":{"start":{"line":938,"column":8},"end":{"line":938,"column":35}},"417":{"start":{"line":944,"column":0},"end":{"line":944,"column":36}}},"fnMap":{"0":{"name":"(anonymous_0)","decl":{"start":{"line":83,"column":4},"end":{"line":83,"column":5}},"loc":{"start":{"line":83,"column":15},"end":{"line":83,"column":66}},"line":83},"1":{"name":"(anonymous_1)","decl":{"start":{"line":84,"column":4},"end":{"line":84,"column":5}},"loc":{"start":{"line":84,"column":18},"end":{"line":87,"column":5}},"line":84},"2":{"name":"(anonymous_2)","decl":{"start":{"line":88,"column":4},"end":{"line":88,"column":5}},"loc":{"start":{"line":88,"column":14},"end":{"line":92,"column":5}},"line":88},"3":{"name":"(anonymous_3)","decl":{"start":{"line":93,"column":4},"end":{"line":93,"column":5}},"loc":{"start":{"line":93,"column":17},"end":{"line":97,"column":5}},"line":93},"4":{"name":"(anonymous_4)","decl":{"start":{"line":98,"column":4},"end":{"line":98,"column":5}},"loc":{"start":{"line":98,"column":15},"end":{"line":98,"column":36}},"line":98},"5":{"name":"(anonymous_5)","decl":{"start":{"line":99,"column":4},"end":{"line":99,"column":5}},"loc":{"start":{"line":99,"column":20},"end":{"line":99,"column":46}},"line":99},"6":{"name":"(anonymous_6)","decl":{"start":{"line":100,"column":4},"end":{"line":100,"column":5}},"loc":{"start":{"line":100,"column":13},"end":{"line":100,"column":37}},"line":100},"7":{"name":"(anonymous_7)","decl":{"start":{"line":101,"column":4},"end":{"line":101,"column":5}},"loc":{"start":{"line":101,"column":17},"end":{"line":101,"column":40}},"line":101},"8":{"name":"(anonymous_8)","decl":{"start":{"line":102,"column":4},"end":{"line":102,"column":5}},"loc":{"start":{"line":102,"column":20},"end":{"line":107,"column":5}},"line":102},"9":{"name":"(anonymous_9)","decl":{"start":{"line":108,"column":4},"end":{"line":108,"column":5}},"loc":{"start":{"line":108,"column":15},"end":{"line":108,"column":36}},"line":108},"10":{"name":"(anonymous_10)","decl":{"start":{"line":109,"column":4},"end":{"line":109,"column":5}},"loc":{"start":{"line":109,"column":18},"end":{"line":114,"column":5}},"line":109},"11":{"name":"(anonymous_11)","decl":{"start":{"line":115,"column":4},"end":{"line":115,"column":5}},"loc":{"start":{"line":115,"column":15},"end":{"line":115,"column":36}},"line":115},"12":{"name":"(anonymous_12)","decl":{"start":{"line":116,"column":4},"end":{"line":116,"column":5}},"loc":{"start":{"line":116,"column":18},"end":{"line":121,"column":5}},"line":116},"13":{"name":"(anonymous_13)","decl":{"start":{"line":122,"column":4},"end":{"line":122,"column":5}},"loc":{"start":{"line":122,"column":14},"end":{"line":122,"column":34}},"line":122},"14":{"name":"(anonymous_14)","decl":{"start":{"line":123,"column":4},"end":{"line":123,"column":5}},"loc":{"start":{"line":123,"column":17},"end":{"line":128,"column":5}},"line":123},"15":{"name":"(anonymous_15)","decl":{"start":{"line":129,"column":4},"end":{"line":129,"column":5}},"loc":{"start":{"line":129,"column":15},"end":{"line":129,"column":36}},"line":129},"16":{"name":"(anonymous_16)","decl":{"start":{"line":130,"column":4},"end":{"line":130,"column":5}},"loc":{"start":{"line":130,"column":18},"end":{"line":135,"column":5}},"line":130},"17":{"name":"(anonymous_17)","decl":{"start":{"line":136,"column":4},"end":{"line":136,"column":5}},"loc":{"start":{"line":136,"column":16},"end":{"line":136,"column":38}},"line":136},"18":{"name":"(anonymous_18)","decl":{"start":{"line":137,"column":4},"end":{"line":137,"column":5}},"loc":{"start":{"line":137,"column":19},"end":{"line":142,"column":5}},"line":137},"19":{"name":"(anonymous_19)","decl":{"start":{"line":143,"column":4},"end":{"line":143,"column":5}},"loc":{"start":{"line":143,"column":21},"end":{"line":146,"column":5}},"line":143},"20":{"name":"(anonymous_20)","decl":{"start":{"line":147,"column":4},"end":{"line":147,"column":5}},"loc":{"start":{"line":147,"column":21},"end":{"line":150,"column":5}},"line":147},"21":{"name":"(anonymous_21)","decl":{"start":{"line":154,"column":4},"end":{"line":154,"column":5}},"loc":{"start":{"line":154,"column":19},"end":{"line":154,"column":56}},"line":154},"22":{"name":"(anonymous_22)","decl":{"start":{"line":155,"column":4},"end":{"line":155,"column":5}},"loc":{"start":{"line":155,"column":21},"end":{"line":155,"column":60}},"line":155},"23":{"name":"(anonymous_23)","decl":{"start":{"line":156,"column":4},"end":{"line":156,"column":5}},"loc":{"start":{"line":156,"column":20},"end":{"line":156,"column":58}},"line":156},"24":{"name":"(anonymous_24)","decl":{"start":{"line":157,"column":4},"end":{"line":157,"column":5}},"loc":{"start":{"line":157,"column":22},"end":{"line":157,"column":62}},"line":157},"25":{"name":"(anonymous_25)","decl":{"start":{"line":164,"column":4},"end":{"line":164,"column":5}},"loc":{"start":{"line":164,"column":27},"end":{"line":177,"column":5}},"line":164},"26":{"name":"(anonymous_26)","decl":{"start":{"line":185,"column":4},"end":{"line":185,"column":5}},"loc":{"start":{"line":185,"column":12},"end":{"line":185,"column":25}},"line":185},"27":{"name":"(anonymous_27)","decl":{"start":{"line":191,"column":4},"end":{"line":191,"column":5}},"loc":{"start":{"line":191,"column":11},"end":{"line":234,"column":5}},"line":191},"28":{"name":"(anonymous_28)","decl":{"start":{"line":240,"column":4},"end":{"line":240,"column":5}},"loc":{"start":{"line":240,"column":19},"end":{"line":397,"column":5}},"line":240},"29":{"name":"__checkChangeFile","decl":{"start":{"line":248,"column":17},"end":{"line":248,"column":34}},"loc":{"start":{"line":248,"column":53},"end":{"line":262,"column":9}},"line":248},"30":{"name":"delEmptyDir","decl":{"start":{"line":333,"column":17},"end":{"line":333,"column":28}},"loc":{"start":{"line":333,"column":34},"end":{"line":368,"column":9}},"line":333},"31":{"name":"(anonymous_31)","decl":{"start":{"line":380,"column":21},"end":{"line":380,"column":22}},"loc":{"start":{"line":380,"column":31},"end":{"line":389,"column":9}},"line":380},"32":{"name":"(anonymous_32)","decl":{"start":{"line":384,"column":40},"end":{"line":384,"column":41}},"loc":{"start":{"line":384,"column":50},"end":{"line":384,"column":77}},"line":384},"33":{"name":"(anonymous_33)","decl":{"start":{"line":402,"column":4},"end":{"line":402,"column":5}},"loc":{"start":{"line":402,"column":18},"end":{"line":457,"column":5}},"line":402},"34":{"name":"(anonymous_34)","decl":{"start":{"line":465,"column":4},"end":{"line":465,"column":5}},"loc":{"start":{"line":465,"column":28},"end":{"line":472,"column":5}},"line":465},"35":{"name":"(anonymous_35)","decl":{"start":{"line":482,"column":4},"end":{"line":482,"column":5}},"loc":{"start":{"line":482,"column":68},"end":{"line":514,"column":5}},"line":482},"36":{"name":"(anonymous_36)","decl":{"start":{"line":522,"column":4},"end":{"line":522,"column":5}},"loc":{"start":{"line":522,"column":21},"end":{"line":623,"column":5}},"line":522},"37":{"name":"(anonymous_37)","decl":{"start":{"line":539,"column":31},"end":{"line":539,"column":32}},"loc":{"start":{"line":539,"column":50},"end":{"line":570,"column":13}},"line":539},"38":{"name":"(anonymous_38)","decl":{"start":{"line":578,"column":31},"end":{"line":578,"column":32}},"loc":{"start":{"line":578,"column":50},"end":{"line":609,"column":13}},"line":578},"39":{"name":"(anonymous_39)","decl":{"start":{"line":603,"column":36},"end":{"line":603,"column":37}},"loc":{"start":{"line":603,"column":43},"end":{"line":603,"column":53}},"line":603},"40":{"name":"(anonymous_40)","decl":{"start":{"line":629,"column":4},"end":{"line":629,"column":5}},"loc":{"start":{"line":629,"column":21},"end":{"line":758,"column":5}},"line":629},"41":{"name":"(anonymous_41)","decl":{"start":{"line":643,"column":39},"end":{"line":643,"column":40}},"loc":{"start":{"line":643,"column":58},"end":{"line":652,"column":21}},"line":643},"42":{"name":"(anonymous_42)","decl":{"start":{"line":660,"column":39},"end":{"line":660,"column":40}},"loc":{"start":{"line":660,"column":58},"end":{"line":689,"column":21}},"line":660},"43":{"name":"(anonymous_43)","decl":{"start":{"line":697,"column":39},"end":{"line":697,"column":40}},"loc":{"start":{"line":697,"column":58},"end":{"line":722,"column":21}},"line":697},"44":{"name":"(anonymous_44)","decl":{"start":{"line":716,"column":44},"end":{"line":716,"column":45}},"loc":{"start":{"line":716,"column":51},"end":{"line":716,"column":61}},"line":716},"45":{"name":"(anonymous_45)","decl":{"start":{"line":773,"column":4},"end":{"line":773,"column":5}},"loc":{"start":{"line":773,"column":34},"end":{"line":785,"column":5}},"line":773},"46":{"name":"(anonymous_46)","decl":{"start":{"line":779,"column":63},"end":{"line":779,"column":64}},"loc":{"start":{"line":779,"column":70},"end":{"line":779,"column":95}},"line":779},"47":{"name":"(anonymous_47)","decl":{"start":{"line":781,"column":74},"end":{"line":781,"column":75}},"loc":{"start":{"line":781,"column":81},"end":{"line":781,"column":106}},"line":781},"48":{"name":"(anonymous_48)","decl":{"start":{"line":791,"column":4},"end":{"line":791,"column":5}},"loc":{"start":{"line":791,"column":30},"end":{"line":800,"column":5}},"line":791},"49":{"name":"(anonymous_49)","decl":{"start":{"line":806,"column":4},"end":{"line":806,"column":5}},"loc":{"start":{"line":806,"column":25},"end":{"line":865,"column":5}},"line":806},"50":{"name":"__copySource","decl":{"start":{"line":832,"column":17},"end":{"line":832,"column":29}},"loc":{"start":{"line":832,"column":47},"end":{"line":853,"column":9}},"line":832},"51":{"name":"(anonymous_51)","decl":{"start":{"line":893,"column":4},"end":{"line":893,"column":5}},"loc":{"start":{"line":893,"column":28},"end":{"line":895,"column":5}},"line":893},"52":{"name":"(anonymous_52)","decl":{"start":{"line":896,"column":4},"end":{"line":896,"column":5}},"loc":{"start":{"line":896,"column":30},"end":{"line":898,"column":5}},"line":896},"53":{"name":"(anonymous_53)","decl":{"start":{"line":899,"column":4},"end":{"line":899,"column":5}},"loc":{"start":{"line":899,"column":29},"end":{"line":901,"column":5}},"line":899},"54":{"name":"(anonymous_54)","decl":{"start":{"line":902,"column":4},"end":{"line":902,"column":5}},"loc":{"start":{"line":902,"column":31},"end":{"line":904,"column":5}},"line":902},"55":{"name":"(anonymous_55)","decl":{"start":{"line":918,"column":4},"end":{"line":918,"column":5}},"loc":{"start":{"line":918,"column":23},"end":{"line":921,"column":5}},"line":918},"56":{"name":"(anonymous_56)","decl":{"start":{"line":929,"column":4},"end":{"line":929,"column":5}},"loc":{"start":{"line":929,"column":25},"end":{"line":939,"column":5}},"line":929}},"branchMap":{"0":{"loc":{"start":{"line":83,"column":24},"end":{"line":83,"column":63}},"type":"cond-expr","locations":[{"start":{"line":83,"column":46},"end":{"line":83,"column":50}},{"start":{"line":83,"column":53},"end":{"line":83,"column":63}}],"line":83},"1":{"loc":{"start":{"line":85,"column":8},"end":{"line":86,"column":61}},"type":"if","locations":[{"start":{"line":85,"column":8},"end":{"line":86,"column":61}},{"start":{"line":86,"column":13},"end":{"line":86,"column":61}}],"line":85},"2":{"loc":{"start":{"line":90,"column":8},"end":{"line":90,"column":72}},"type":"if","locations":[{"start":{"line":90,"column":8},"end":{"line":90,"column":72}},{"start":{},"end":{}}],"line":90},"3":{"loc":{"start":{"line":94,"column":8},"end":{"line":96,"column":67}},"type":"if","locations":[{"start":{"line":94,"column":8},"end":{"line":96,"column":67}},{"start":{"line":96,"column":15},"end":{"line":96,"column":67}}],"line":94},"4":{"loc":{"start":{"line":94,"column":12},"end":{"line":94,"column":57}},"type":"binary-expr","locations":[{"start":{"line":94,"column":12},"end":{"line":94,"column":33}},{"start":{"line":94,"column":37},"end":{"line":94,"column":57}}],"line":94},"5":{"loc":{"start":{"line":96,"column":15},"end":{"line":96,"column":67}},"type":"if","locations":[{"start":{"line":96,"column":15},"end":{"line":96,"column":67}},{"start":{},"end":{}}],"line":96},"6":{"loc":{"start":{"line":103,"column":8},"end":{"line":106,"column":78}},"type":"if","locations":[{"start":{"line":103,"column":8},"end":{"line":106,"column":78}},{"start":{"line":106,"column":15},"end":{"line":106,"column":78}}],"line":103},"7":{"loc":{"start":{"line":103,"column":12},"end":{"line":103,"column":78}},"type":"binary-expr","locations":[{"start":{"line":103,"column":12},"end":{"line":103,"column":45}},{"start":{"line":103,"column":49},"end":{"line":103,"column":78}}],"line":103},"8":{"loc":{"start":{"line":110,"column":8},"end":{"line":113,"column":76}},"type":"if","locations":[{"start":{"line":110,"column":8},"end":{"line":113,"column":76}},{"start":{"line":113,"column":15},"end":{"line":113,"column":76}}],"line":110},"9":{"loc":{"start":{"line":110,"column":12},"end":{"line":110,"column":76}},"type":"binary-expr","locations":[{"start":{"line":110,"column":12},"end":{"line":110,"column":45}},{"start":{"line":110,"column":49},"end":{"line":110,"column":76}}],"line":110},"10":{"loc":{"start":{"line":117,"column":8},"end":{"line":120,"column":68}},"type":"if","locations":[{"start":{"line":117,"column":8},"end":{"line":120,"column":68}},{"start":{"line":120,"column":15},"end":{"line":120,"column":68}}],"line":117},"11":{"loc":{"start":{"line":124,"column":8},"end":{"line":127,"column":68}},"type":"if","locations":[{"start":{"line":124,"column":8},"end":{"line":127,"column":68}},{"start":{"line":127,"column":15},"end":{"line":127,"column":68}}],"line":124},"12":{"loc":{"start":{"line":131,"column":8},"end":{"line":134,"column":68}},"type":"if","locations":[{"start":{"line":131,"column":8},"end":{"line":134,"column":68}},{"start":{"line":134,"column":15},"end":{"line":134,"column":68}}],"line":131},"13":{"loc":{"start":{"line":138,"column":8},"end":{"line":141,"column":70}},"type":"if","locations":[{"start":{"line":138,"column":8},"end":{"line":141,"column":70}},{"start":{"line":141,"column":15},"end":{"line":141,"column":70}}],"line":138},"14":{"loc":{"start":{"line":144,"column":8},"end":{"line":144,"column":80}},"type":"if","locations":[{"start":{"line":144,"column":8},"end":{"line":144,"column":80}},{"start":{},"end":{}}],"line":144},"15":{"loc":{"start":{"line":148,"column":8},"end":{"line":148,"column":80}},"type":"if","locations":[{"start":{"line":148,"column":8},"end":{"line":148,"column":80}},{"start":{},"end":{}}],"line":148},"16":{"loc":{"start":{"line":165,"column":8},"end":{"line":165,"column":32}},"type":"if","locations":[{"start":{"line":165,"column":8},"end":{"line":165,"column":32}},{"start":{},"end":{}}],"line":165},"17":{"loc":{"start":{"line":166,"column":8},"end":{"line":166,"column":36}},"type":"if","locations":[{"start":{"line":166,"column":8},"end":{"line":166,"column":36}},{"start":{},"end":{}}],"line":166},"18":{"loc":{"start":{"line":222,"column":8},"end":{"line":230,"column":9}},"type":"if","locations":[{"start":{"line":222,"column":8},"end":{"line":230,"column":9}},{"start":{},"end":{}}],"line":222},"19":{"loc":{"start":{"line":223,"column":12},"end":{"line":229,"column":13}},"type":"if","locations":[{"start":{"line":223,"column":12},"end":{"line":229,"column":13}},{"start":{},"end":{}}],"line":223},"20":{"loc":{"start":{"line":226,"column":16},"end":{"line":226,"column":83}},"type":"if","locations":[{"start":{"line":226,"column":16},"end":{"line":226,"column":83}},{"start":{},"end":{}}],"line":226},"21":{"loc":{"start":{"line":227,"column":16},"end":{"line":227,"column":89}},"type":"if","locations":[{"start":{"line":227,"column":16},"end":{"line":227,"column":89}},{"start":{},"end":{}}],"line":227},"22":{"loc":{"start":{"line":228,"column":16},"end":{"line":228,"column":86}},"type":"if","locations":[{"start":{"line":228,"column":16},"end":{"line":228,"column":86}},{"start":{},"end":{}}],"line":228},"23":{"loc":{"start":{"line":240,"column":10},"end":{"line":240,"column":17}},"type":"default-arg","locations":[{"start":{"line":240,"column":16},"end":{"line":240,"column":17}}],"line":240},"24":{"loc":{"start":{"line":252,"column":12},"end":{"line":253,"column":30}},"type":"if","locations":[{"start":{"line":252,"column":12},"end":{"line":253,"column":30}},{"start":{"line":253,"column":17},"end":{"line":253,"column":30}}],"line":252},"25":{"loc":{"start":{"line":255,"column":12},"end":{"line":256,"column":30}},"type":"if","locations":[{"start":{"line":255,"column":12},"end":{"line":256,"column":30}},{"start":{"line":256,"column":17},"end":{"line":256,"column":30}}],"line":255},"26":{"loc":{"start":{"line":259,"column":12},"end":{"line":259,"column":49}},"type":"if","locations":[{"start":{"line":259,"column":12},"end":{"line":259,"column":49}},{"start":{},"end":{}}],"line":259},"27":{"loc":{"start":{"line":276,"column":12},"end":{"line":283,"column":13}},"type":"if","locations":[{"start":{"line":276,"column":12},"end":{"line":283,"column":13}},{"start":{"line":278,"column":19},"end":{"line":283,"column":13}}],"line":276},"28":{"loc":{"start":{"line":277,"column":16},"end":{"line":277,"column":69}},"type":"if","locations":[{"start":{"line":277,"column":16},"end":{"line":277,"column":69}},{"start":{},"end":{}}],"line":277},"29":{"loc":{"start":{"line":278,"column":19},"end":{"line":283,"column":13}},"type":"if","locations":[{"start":{"line":278,"column":19},"end":{"line":283,"column":13}},{"start":{"line":281,"column":19},"end":{"line":283,"column":13}}],"line":278},"30":{"loc":{"start":{"line":281,"column":19},"end":{"line":283,"column":13}},"type":"if","locations":[{"start":{"line":281,"column":19},"end":{"line":283,"column":13}},{"start":{},"end":{}}],"line":281},"31":{"loc":{"start":{"line":281,"column":23},"end":{"line":281,"column":72}},"type":"binary-expr","locations":[{"start":{"line":281,"column":23},"end":{"line":281,"column":46}},{"start":{"line":281,"column":50},"end":{"line":281,"column":72}}],"line":281},"32":{"loc":{"start":{"line":286,"column":12},"end":{"line":286,"column":54}},"type":"if","locations":[{"start":{"line":286,"column":12},"end":{"line":286,"column":54}},{"start":{},"end":{}}],"line":286},"33":{"loc":{"start":{"line":302,"column":12},"end":{"line":309,"column":13}},"type":"if","locations":[{"start":{"line":302,"column":12},"end":{"line":309,"column":13}},{"start":{"line":304,"column":19},"end":{"line":309,"column":13}}],"line":302},"34":{"loc":{"start":{"line":303,"column":16},"end":{"line":303,"column":69}},"type":"if","locations":[{"start":{"line":303,"column":16},"end":{"line":303,"column":69}},{"start":{},"end":{}}],"line":303},"35":{"loc":{"start":{"line":304,"column":19},"end":{"line":309,"column":13}},"type":"if","locations":[{"start":{"line":304,"column":19},"end":{"line":309,"column":13}},{"start":{"line":307,"column":19},"end":{"line":309,"column":13}}],"line":304},"36":{"loc":{"start":{"line":307,"column":19},"end":{"line":309,"column":13}},"type":"if","locations":[{"start":{"line":307,"column":19},"end":{"line":309,"column":13}},{"start":{},"end":{}}],"line":307},"37":{"loc":{"start":{"line":307,"column":23},"end":{"line":307,"column":72}},"type":"binary-expr","locations":[{"start":{"line":307,"column":23},"end":{"line":307,"column":46}},{"start":{"line":307,"column":50},"end":{"line":307,"column":72}}],"line":307},"38":{"loc":{"start":{"line":314,"column":12},"end":{"line":314,"column":54}},"type":"if","locations":[{"start":{"line":314,"column":12},"end":{"line":314,"column":54}},{"start":{},"end":{}}],"line":314},"39":{"loc":{"start":{"line":320,"column":8},"end":{"line":320,"column":77}},"type":"if","locations":[{"start":{"line":320,"column":8},"end":{"line":320,"column":77}},{"start":{},"end":{}}],"line":320},"40":{"loc":{"start":{"line":324,"column":8},"end":{"line":327,"column":35}},"type":"if","locations":[{"start":{"line":324,"column":8},"end":{"line":327,"column":35}},{"start":{"line":327,"column":13},"end":{"line":327,"column":35}}],"line":324},"41":{"loc":{"start":{"line":324,"column":12},"end":{"line":326,"column":40}},"type":"binary-expr","locations":[{"start":{"line":324,"column":12},"end":{"line":324,"column":49}},{"start":{"line":325,"column":16},"end":{"line":325,"column":55}},{"start":{"line":326,"column":16},"end":{"line":326,"column":40}}],"line":324},"42":{"loc":{"start":{"line":337,"column":16},"end":{"line":337,"column":48}},"type":"if","locations":[{"start":{"line":337,"column":16},"end":{"line":337,"column":48}},{"start":{},"end":{}}],"line":337},"43":{"loc":{"start":{"line":340,"column":16},"end":{"line":345,"column":17}},"type":"if","locations":[{"start":{"line":340,"column":16},"end":{"line":345,"column":17}},{"start":{},"end":{}}],"line":340},"44":{"loc":{"start":{"line":343,"column":20},"end":{"line":343,"column":65}},"type":"if","locations":[{"start":{"line":343,"column":20},"end":{"line":343,"column":65}},{"start":{},"end":{}}],"line":343},"45":{"loc":{"start":{"line":349,"column":20},"end":{"line":352,"column":21}},"type":"if","locations":[{"start":{"line":349,"column":20},"end":{"line":352,"column":21}},{"start":{},"end":{}}],"line":349},"46":{"loc":{"start":{"line":355,"column":16},"end":{"line":363,"column":17}},"type":"if","locations":[{"start":{"line":355,"column":16},"end":{"line":363,"column":17}},{"start":{},"end":{}}],"line":355},"47":{"loc":{"start":{"line":357,"column":20},"end":{"line":362,"column":21}},"type":"if","locations":[{"start":{"line":357,"column":20},"end":{"line":362,"column":21}},{"start":{},"end":{}}],"line":357},"48":{"loc":{"start":{"line":360,"column":24},"end":{"line":360,"column":68}},"type":"if","locations":[{"start":{"line":360,"column":24},"end":{"line":360,"column":68}},{"start":{},"end":{}}],"line":360},"49":{"loc":{"start":{"line":378,"column":12},"end":{"line":378,"column":111}},"type":"if","locations":[{"start":{"line":378,"column":12},"end":{"line":378,"column":111}},{"start":{},"end":{}}],"line":378},"50":{"loc":{"start":{"line":383,"column":12},"end":{"line":388,"column":13}},"type":"if","locations":[{"start":{"line":383,"column":12},"end":{"line":388,"column":13}},{"start":{},"end":{}}],"line":383},"51":{"loc":{"start":{"line":383,"column":16},"end":{"line":383,"column":78}},"type":"binary-expr","locations":[{"start":{"line":383,"column":16},"end":{"line":383,"column":44}},{"start":{"line":383,"column":48},"end":{"line":383,"column":78}}],"line":383},"52":{"loc":{"start":{"line":418,"column":8},"end":{"line":418,"column":57}},"type":"if","locations":[{"start":{"line":418,"column":8},"end":{"line":418,"column":57}},{"start":{},"end":{}}],"line":418},"53":{"loc":{"start":{"line":482,"column":21},"end":{"line":482,"column":32}},"type":"default-arg","locations":[{"start":{"line":482,"column":30},"end":{"line":482,"column":32}}],"line":482},"54":{"loc":{"start":{"line":482,"column":34},"end":{"line":482,"column":45}},"type":"default-arg","locations":[{"start":{"line":482,"column":43},"end":{"line":482,"column":45}}],"line":482},"55":{"loc":{"start":{"line":482,"column":47},"end":{"line":482,"column":56}},"type":"default-arg","locations":[{"start":{"line":482,"column":54},"end":{"line":482,"column":56}}],"line":482},"56":{"loc":{"start":{"line":482,"column":58},"end":{"line":482,"column":66}},"type":"default-arg","locations":[{"start":{"line":482,"column":64},"end":{"line":482,"column":66}}],"line":482},"57":{"loc":{"start":{"line":488,"column":8},"end":{"line":493,"column":9}},"type":"if","locations":[{"start":{"line":488,"column":8},"end":{"line":493,"column":9}},{"start":{"line":491,"column":15},"end":{"line":493,"column":9}}],"line":488},"58":{"loc":{"start":{"line":488,"column":12},"end":{"line":488,"column":53}},"type":"binary-expr","locations":[{"start":{"line":488,"column":12},"end":{"line":488,"column":35}},{"start":{"line":488,"column":39},"end":{"line":488,"column":53}}],"line":488},"59":{"loc":{"start":{"line":490,"column":20},"end":{"line":490,"column":45}},"type":"binary-expr","locations":[{"start":{"line":490,"column":20},"end":{"line":490,"column":37}},{"start":{"line":490,"column":41},"end":{"line":490,"column":45}}],"line":490},"60":{"loc":{"start":{"line":491,"column":15},"end":{"line":493,"column":9}},"type":"if","locations":[{"start":{"line":491,"column":15},"end":{"line":493,"column":9}},{"start":{},"end":{}}],"line":491},"61":{"loc":{"start":{"line":501,"column":8},"end":{"line":503,"column":9}},"type":"if","locations":[{"start":{"line":501,"column":8},"end":{"line":503,"column":9}},{"start":{},"end":{}}],"line":501},"62":{"loc":{"start":{"line":547,"column":20},"end":{"line":547,"column":74}},"type":"if","locations":[{"start":{"line":547,"column":20},"end":{"line":547,"column":74}},{"start":{},"end":{}}],"line":547},"63":{"loc":{"start":{"line":554,"column":16},"end":{"line":560,"column":17}},"type":"if","locations":[{"start":{"line":554,"column":16},"end":{"line":560,"column":17}},{"start":{},"end":{}}],"line":554},"64":{"loc":{"start":{"line":554,"column":20},"end":{"line":554,"column":89}},"type":"binary-expr","locations":[{"start":{"line":554,"column":20},"end":{"line":554,"column":57}},{"start":{"line":554,"column":61},"end":{"line":554,"column":89}}],"line":554},"65":{"loc":{"start":{"line":569,"column":23},"end":{"line":569,"column":60}},"type":"cond-expr","locations":[{"start":{"line":569,"column":41},"end":{"line":569,"column":43}},{"start":{"line":569,"column":46},"end":{"line":569,"column":60}}],"line":569},"66":{"loc":{"start":{"line":585,"column":20},"end":{"line":585,"column":74}},"type":"if","locations":[{"start":{"line":585,"column":20},"end":{"line":585,"column":74}},{"start":{},"end":{}}],"line":585},"67":{"loc":{"start":{"line":600,"column":16},"end":{"line":605,"column":17}},"type":"if","locations":[{"start":{"line":600,"column":16},"end":{"line":605,"column":17}},{"start":{},"end":{}}],"line":600},"68":{"loc":{"start":{"line":640,"column":16},"end":{"line":653,"column":17}},"type":"if","locations":[{"start":{"line":640,"column":16},"end":{"line":653,"column":17}},{"start":{},"end":{}}],"line":640},"69":{"loc":{"start":{"line":648,"column":28},"end":{"line":648,"column":82}},"type":"if","locations":[{"start":{"line":648,"column":28},"end":{"line":648,"column":82}},{"start":{},"end":{}}],"line":648},"70":{"loc":{"start":{"line":657,"column":16},"end":{"line":690,"column":17}},"type":"if","locations":[{"start":{"line":657,"column":16},"end":{"line":690,"column":17}},{"start":{},"end":{}}],"line":657},"71":{"loc":{"start":{"line":668,"column":28},"end":{"line":668,"column":82}},"type":"if","locations":[{"start":{"line":668,"column":28},"end":{"line":668,"column":82}},{"start":{},"end":{}}],"line":668},"72":{"loc":{"start":{"line":675,"column":24},"end":{"line":681,"column":25}},"type":"if","locations":[{"start":{"line":675,"column":24},"end":{"line":681,"column":25}},{"start":{},"end":{}}],"line":675},"73":{"loc":{"start":{"line":675,"column":28},"end":{"line":675,"column":97}},"type":"binary-expr","locations":[{"start":{"line":675,"column":28},"end":{"line":675,"column":65}},{"start":{"line":675,"column":69},"end":{"line":675,"column":97}}],"line":675},"74":{"loc":{"start":{"line":688,"column":31},"end":{"line":688,"column":68}},"type":"cond-expr","locations":[{"start":{"line":688,"column":49},"end":{"line":688,"column":51}},{"start":{"line":688,"column":54},"end":{"line":688,"column":68}}],"line":688},"75":{"loc":{"start":{"line":694,"column":16},"end":{"line":723,"column":17}},"type":"if","locations":[{"start":{"line":694,"column":16},"end":{"line":723,"column":17}},{"start":{},"end":{}}],"line":694},"76":{"loc":{"start":{"line":705,"column":28},"end":{"line":705,"column":82}},"type":"if","locations":[{"start":{"line":705,"column":28},"end":{"line":705,"column":82}},{"start":{},"end":{}}],"line":705},"77":{"loc":{"start":{"line":713,"column":24},"end":{"line":718,"column":25}},"type":"if","locations":[{"start":{"line":713,"column":24},"end":{"line":718,"column":25}},{"start":{},"end":{}}],"line":713},"78":{"loc":{"start":{"line":731,"column":16},"end":{"line":735,"column":17}},"type":"if","locations":[{"start":{"line":731,"column":16},"end":{"line":735,"column":17}},{"start":{},"end":{}}],"line":731},"79":{"loc":{"start":{"line":743,"column":16},"end":{"line":754,"column":17}},"type":"if","locations":[{"start":{"line":743,"column":16},"end":{"line":754,"column":17}},{"start":{},"end":{}}],"line":743},"80":{"loc":{"start":{"line":747,"column":20},"end":{"line":753,"column":21}},"type":"if","locations":[{"start":{"line":747,"column":20},"end":{"line":753,"column":21}},{"start":{"line":751,"column":27},"end":{"line":753,"column":21}}],"line":747},"81":{"loc":{"start":{"line":779,"column":8},"end":{"line":784,"column":9}},"type":"if","locations":[{"start":{"line":779,"column":8},"end":{"line":784,"column":9}},{"start":{"line":781,"column":15},"end":{"line":784,"column":9}}],"line":779},"82":{"loc":{"start":{"line":779,"column":12},"end":{"line":779,"column":96}},"type":"binary-expr","locations":[{"start":{"line":779,"column":12},"end":{"line":779,"column":28}},{"start":{"line":779,"column":32},"end":{"line":779,"column":96}}],"line":779},"83":{"loc":{"start":{"line":781,"column":15},"end":{"line":784,"column":9}},"type":"if","locations":[{"start":{"line":781,"column":15},"end":{"line":784,"column":9}},{"start":{},"end":{}}],"line":781},"84":{"loc":{"start":{"line":781,"column":19},"end":{"line":781,"column":107}},"type":"binary-expr","locations":[{"start":{"line":781,"column":19},"end":{"line":781,"column":37}},{"start":{"line":781,"column":41},"end":{"line":781,"column":107}}],"line":781},"85":{"loc":{"start":{"line":795,"column":19},"end":{"line":795,"column":90}},"type":"cond-expr","locations":[{"start":{"line":795,"column":31},"end":{"line":795,"column":56}},{"start":{"line":795,"column":59},"end":{"line":795,"column":90}}],"line":795},"86":{"loc":{"start":{"line":799,"column":8},"end":{"line":799,"column":61}},"type":"if","locations":[{"start":{"line":799,"column":8},"end":{"line":799,"column":61}},{"start":{},"end":{}}],"line":799},"87":{"loc":{"start":{"line":839,"column":16},"end":{"line":839,"column":48}},"type":"if","locations":[{"start":{"line":839,"column":16},"end":{"line":839,"column":48}},{"start":{},"end":{}}],"line":839},"88":{"loc":{"start":{"line":841,"column":16},"end":{"line":851,"column":17}},"type":"if","locations":[{"start":{"line":841,"column":16},"end":{"line":851,"column":17}},{"start":{},"end":{}}],"line":841},"89":{"loc":{"start":{"line":841,"column":20},"end":{"line":841,"column":69}},"type":"binary-expr","locations":[{"start":{"line":841,"column":20},"end":{"line":841,"column":37}},{"start":{"line":841,"column":41},"end":{"line":841,"column":69}}],"line":841},"90":{"loc":{"start":{"line":844,"column":20},"end":{"line":846,"column":21}},"type":"if","locations":[{"start":{"line":844,"column":20},"end":{"line":846,"column":21}},{"start":{},"end":{}}],"line":844},"91":{"loc":{"start":{"line":931,"column":8},"end":{"line":931,"column":81}},"type":"if","locations":[{"start":{"line":931,"column":8},"end":{"line":931,"column":81}},{"start":{},"end":{}}],"line":931},"92":{"loc":{"start":{"line":932,"column":8},"end":{"line":932,"column":70}},"type":"if","locations":[{"start":{"line":932,"column":8},"end":{"line":932,"column":70}},{"start":{},"end":{}}],"line":932},"93":{"loc":{"start":{"line":934,"column":8},"end":{"line":934,"column":91}},"type":"if","locations":[{"start":{"line":934,"column":8},"end":{"line":934,"column":91}},{"start":{},"end":{}}],"line":934}},"s":{"0":19,"1":19,"2":19,"3":19,"4":19,"5":19,"6":19,"7":37,"8":37,"9":37,"10":37,"11":37,"12":37,"13":37,"14":37,"15":37,"16":37,"17":37,"18":37,"19":37,"20":37,"21":37,"22":37,"23":37,"24":37,"25":37,"26":37,"27":37,"28":37,"29":37,"30":37,"31":37,"32":314,"33":6,"34":3,"35":3,"36":1010,"37":1010,"38":0,"39":1010,"40":47,"41":1,"42":46,"43":46,"44":148,"45":112,"46":9,"47":127,"48":3,"49":2,"50":2,"51":1,"52":126,"53":3,"54":2,"55":2,"56":1,"57":222,"58":6,"59":4,"60":4,"61":2,"62":132,"63":5,"64":3,"65":3,"66":2,"67":326,"68":5,"69":3,"70":3,"71":2,"72":289,"73":3,"74":2,"75":2,"76":1,"77":99,"78":14,"79":99,"80":99,"81":14,"82":99,"83":2,"84":2,"85":2,"86":2,"87":37,"88":32,"89":37,"90":0,"91":37,"92":37,"93":37,"94":37,"95":37,"96":37,"97":37,"98":37,"99":37,"100":37,"101":3,"102":37,"103":37,"104":37,"105":37,"106":37,"107":37,"108":37,"109":34,"110":15,"111":15,"112":15,"113":15,"114":15,"115":15,"116":15,"117":37,"118":20,"119":20,"120":20,"121":20,"122":20,"123":20,"124":20,"125":30,"126":30,"127":0,"128":30,"129":30,"130":0,"131":30,"132":19,"133":11,"134":20,"135":20,"136":6,"137":6,"138":6,"139":0,"140":0,"141":6,"142":3,"143":3,"144":3,"145":6,"146":6,"147":4,"148":20,"149":20,"150":20,"151":67,"152":67,"153":67,"154":43,"155":43,"156":24,"157":16,"158":8,"159":8,"160":67,"161":67,"162":39,"163":20,"164":20,"165":16,"166":20,"167":12,"168":8,"169":49,"170":49,"171":49,"172":9,"173":40,"174":40,"175":15,"176":15,"177":0,"178":15,"179":25,"180":25,"181":32,"182":32,"183":22,"184":22,"185":25,"186":19,"187":19,"188":17,"189":17,"190":0,"191":17,"192":0,"193":20,"194":140,"195":140,"196":20,"197":43,"198":27,"199":106,"200":27,"201":27,"202":27,"203":20,"204":20,"205":20,"206":20,"207":20,"208":20,"209":9,"210":9,"211":9,"212":0,"213":9,"214":9,"215":14,"216":9,"217":9,"218":6,"219":6,"220":9,"221":9,"222":3,"223":34,"224":34,"225":15,"226":15,"227":19,"228":19,"229":34,"230":0,"231":34,"232":14,"233":14,"234":14,"235":14,"236":38,"237":38,"238":14,"239":14,"240":28,"241":28,"242":28,"243":28,"244":20,"245":20,"246":20,"247":20,"248":62,"249":43,"250":20,"251":3,"252":3,"253":3,"254":3,"255":3,"256":20,"257":20,"258":14,"259":14,"260":25,"261":25,"262":25,"263":25,"264":6,"265":6,"266":6,"267":30,"268":24,"269":6,"270":3,"271":3,"272":6,"273":3,"274":6,"275":6,"276":14,"277":14,"278":13,"279":13,"280":14,"281":14,"282":13,"283":13,"284":14,"285":14,"286":14,"287":14,"288":14,"289":1,"290":1,"291":1,"292":1,"293":3,"294":3,"295":3,"296":3,"297":2,"298":2,"299":2,"300":4,"301":2,"302":2,"303":2,"304":1,"305":1,"306":3,"307":3,"308":3,"309":3,"310":2,"311":2,"312":2,"313":2,"314":5,"315":3,"316":2,"317":1,"318":1,"319":1,"320":1,"321":1,"322":2,"323":2,"324":1,"325":1,"326":2,"327":2,"328":2,"329":2,"330":2,"331":2,"332":2,"333":10,"334":8,"335":2,"336":1,"337":1,"338":2,"339":1,"340":2,"341":2,"342":14,"343":14,"344":1,"345":1,"346":1,"347":1,"348":1,"349":1,"350":1,"351":1,"352":14,"353":14,"354":1,"355":1,"356":1,"357":1,"358":1,"359":1,"360":1,"361":1,"362":1,"363":1,"364":1,"365":1,"366":0,"367":14,"368":70,"369":70,"370":15,"371":6,"372":64,"373":304,"374":62,"375":62,"376":23,"377":23,"378":23,"379":23,"380":23,"381":0,"382":1,"383":5,"384":5,"385":10,"386":10,"387":10,"388":0,"389":10,"390":10,"391":6,"392":6,"393":0,"394":6,"395":6,"396":1,"397":1,"398":1,"399":1,"400":1,"401":1,"402":37,"403":37,"404":9,"405":9,"406":37,"407":37,"408":37,"409":3,"410":0,"411":3,"412":0,"413":3,"414":0,"415":3,"416":3,"417":19},"f":{"0":314,"1":6,"2":1010,"3":47,"4":148,"5":112,"6":9,"7":127,"8":3,"9":126,"10":3,"11":222,"12":6,"13":132,"14":5,"15":326,"16":5,"17":289,"18":3,"19":99,"20":99,"21":2,"22":2,"23":2,"24":2,"25":37,"26":8,"27":37,"28":20,"29":30,"30":49,"31":43,"32":106,"33":9,"34":3,"35":34,"36":14,"37":20,"38":6,"39":6,"40":14,"41":2,"42":2,"43":2,"44":2,"45":70,"46":15,"47":304,"48":23,"49":1,"50":5,"51":37,"52":37,"53":9,"54":9,"55":37,"56":3},"b":{"0":[258,56],"1":[3,3],"2":[0,1010],"3":[1,46],"4":[47,1],"5":[46,0],"6":[2,1],"7":[3,3],"8":[2,1],"9":[3,3],"10":[4,2],"11":[3,2],"12":[3,2],"13":[2,1],"14":[14,85],"15":[14,85],"16":[32,5],"17":[0,37],"18":[34,3],"19":[15,19],"20":[15,0],"21":[15,0],"22":[15,0],"23":[4],"24":[30,0],"25":[30,0],"26":[19,11],"27":[0,6],"28":[0,0],"29":[3,3],"30":[3,0],"31":[3,0],"32":[4,2],"33":[43,24],"34":[43,0],"35":[16,8],"36":[8,0],"37":[8,0],"38":[39,28],"39":[16,4],"40":[12,8],"41":[20,19,16],"42":[9,40],"43":[15,25],"44":[0,15],"45":[22,10],"46":[19,6],"47":[17,2],"48":[0,17],"49":[140,0],"50":[27,16],"51":[43,27],"52":[0,9],"53":[0],"54":[0],"55":[0],"56":[6],"57":[15,19],"58":[34,15],"59":[15,0],"60":[19,0],"61":[0,34],"62":[43,19],"63":[3,17],"64":[20,3],"65":[3,17],"66":[24,6],"67":[3,3],"68":[3,0],"69":[2,2],"70":[3,0],"71":[3,2],"72":[1,1],"73":[2,1],"74":[1,1],"75":[2,0],"76":[8,2],"77":[1,1],"78":[1,0],"79":[1,0],"80":[1,0],"81":[6,64],"82":[70,6],"83":[62,2],"84":[64,64],"85":[0,23],"86":[0,23],"87":[0,10],"88":[6,4],"89":[10,10],"90":[0,6],"91":[0,3],"92":[0,3],"93":[0,3]},"_coverageSchema":"1a1c01bbd47fc00a2c39e90264f33305004495a9","hash":"40c3112e721cd5a8cec692dcf1dbac76c46bdedd"}
,"/Users/logic/PJ-Git/AutoTemplate#v01/src/page-group.js": {"path":"/Users/logic/PJ-Git/AutoTemplate#v01/src/page-group.js","statementMap":{"0":{"start":{"line":1,"column":50},"end":{"line":1,"column":65}},"1":{"start":{"line":2,"column":50},"end":{"line":2,"column":71}},"2":{"start":{"line":10,"column":15},"end":{"line":10,"column":19}},"3":{"start":{"line":11,"column":12},"end":{"line":11,"column":14}},"4":{"start":{"line":15,"column":16},"end":{"line":15,"column":20}},"5":{"start":{"line":16,"column":13},"end":{"line":16,"column":15}},"6":{"start":{"line":20,"column":14},"end":{"line":20,"column":16}},"7":{"start":{"line":21,"column":14},"end":{"line":21,"column":16}},"8":{"start":{"line":22,"column":14},"end":{"line":22,"column":16}},"9":{"start":{"line":26,"column":19},"end":{"line":26,"column":38}},"10":{"start":{"line":28,"column":8},"end":{"line":28,"column":75}},"11":{"start":{"line":28,"column":33},"end":{"line":28,"column":75}},"12":{"start":{"line":29,"column":8},"end":{"line":29,"column":27}},"13":{"start":{"line":31,"column":19},"end":{"line":31,"column":38}},"14":{"start":{"line":33,"column":8},"end":{"line":33,"column":80}},"15":{"start":{"line":33,"column":37},"end":{"line":33,"column":80}},"16":{"start":{"line":34,"column":8},"end":{"line":34,"column":27}},"17":{"start":{"line":36,"column":19},"end":{"line":36,"column":38}},"18":{"start":{"line":38,"column":8},"end":{"line":38,"column":80}},"19":{"start":{"line":38,"column":37},"end":{"line":38,"column":80}},"20":{"start":{"line":39,"column":8},"end":{"line":39,"column":27}},"21":{"start":{"line":43,"column":8},"end":{"line":43,"column":34}},"22":{"start":{"line":44,"column":8},"end":{"line":44,"column":27}},"23":{"start":{"line":53,"column":18},"end":{"line":53,"column":20}},"24":{"start":{"line":56,"column":8},"end":{"line":57,"column":27}},"25":{"start":{"line":56,"column":32},"end":{"line":56,"column":47}},"26":{"start":{"line":57,"column":13},"end":{"line":57,"column":27}},"27":{"start":{"line":59,"column":8},"end":{"line":59,"column":43}},"28":{"start":{"line":59,"column":21},"end":{"line":59,"column":43}},"29":{"start":{"line":61,"column":8},"end":{"line":81,"column":9}},"30":{"start":{"line":61,"column":21},"end":{"line":61,"column":22}},"31":{"start":{"line":63,"column":12},"end":{"line":63,"column":29}},"32":{"start":{"line":64,"column":12},"end":{"line":64,"column":36}},"33":{"start":{"line":65,"column":12},"end":{"line":65,"column":47}},"34":{"start":{"line":66,"column":12},"end":{"line":66,"column":53}},"35":{"start":{"line":68,"column":12},"end":{"line":70,"column":13}},"36":{"start":{"line":69,"column":16},"end":{"line":69,"column":62}},"37":{"start":{"line":72,"column":12},"end":{"line":74,"column":13}},"38":{"start":{"line":73,"column":16},"end":{"line":73,"column":38}},"39":{"start":{"line":76,"column":12},"end":{"line":80,"column":15}},"40":{"start":{"line":90,"column":8},"end":{"line":92,"column":9}},"41":{"start":{"line":90,"column":21},"end":{"line":90,"column":22}},"42":{"start":{"line":91,"column":12},"end":{"line":91,"column":79}},"43":{"start":{"line":91,"column":47},"end":{"line":91,"column":79}},"44":{"start":{"line":99,"column":8},"end":{"line":99,"column":25}},"45":{"start":{"line":104,"column":8},"end":{"line":104,"column":87}},"46":{"start":{"line":104,"column":38},"end":{"line":104,"column":87}},"47":{"start":{"line":106,"column":21},"end":{"line":106,"column":40}},"48":{"start":{"line":110,"column":8},"end":{"line":110,"column":47}},"49":{"start":{"line":111,"column":8},"end":{"line":111,"column":47}},"50":{"start":{"line":112,"column":8},"end":{"line":112,"column":45}},"51":{"start":{"line":113,"column":8},"end":{"line":113,"column":32}},"52":{"start":{"line":119,"column":8},"end":{"line":130,"column":9}},"53":{"start":{"line":119,"column":21},"end":{"line":119,"column":22}},"54":{"start":{"line":120,"column":12},"end":{"line":120,"column":34}},"55":{"start":{"line":121,"column":12},"end":{"line":121,"column":27}},"56":{"start":{"line":122,"column":12},"end":{"line":122,"column":50}},"57":{"start":{"line":123,"column":12},"end":{"line":123,"column":49}},"58":{"start":{"line":124,"column":12},"end":{"line":124,"column":73}},"59":{"start":{"line":126,"column":12},"end":{"line":126,"column":70}},"60":{"start":{"line":128,"column":12},"end":{"line":128,"column":70}},"61":{"start":{"line":129,"column":12},"end":{"line":129,"column":37}},"62":{"start":{"line":138,"column":8},"end":{"line":141,"column":9}},"63":{"start":{"line":138,"column":21},"end":{"line":138,"column":22}},"64":{"start":{"line":139,"column":12},"end":{"line":139,"column":32}},"65":{"start":{"line":140,"column":12},"end":{"line":140,"column":56}},"66":{"start":{"line":143,"column":8},"end":{"line":143,"column":37}},"67":{"start":{"line":145,"column":8},"end":{"line":145,"column":57}},"68":{"start":{"line":146,"column":8},"end":{"line":146,"column":62}},"69":{"start":{"line":147,"column":8},"end":{"line":147,"column":73}},"70":{"start":{"line":148,"column":8},"end":{"line":148,"column":23}},"71":{"start":{"line":159,"column":13},"end":{"line":159,"column":17}},"72":{"start":{"line":160,"column":18},"end":{"line":160,"column":43}},"73":{"start":{"line":161,"column":18},"end":{"line":161,"column":23}},"74":{"start":{"line":168,"column":8},"end":{"line":168,"column":21}},"75":{"start":{"line":169,"column":8},"end":{"line":169,"column":28}},"76":{"start":{"line":171,"column":8},"end":{"line":171,"column":28}},"77":{"start":{"line":182,"column":17},"end":{"line":182,"column":21}},"78":{"start":{"line":183,"column":27},"end":{"line":183,"column":29}},"79":{"start":{"line":186,"column":8},"end":{"line":192,"column":9}},"80":{"start":{"line":187,"column":12},"end":{"line":187,"column":30}},"81":{"start":{"line":188,"column":12},"end":{"line":188,"column":24}},"82":{"start":{"line":190,"column":12},"end":{"line":190,"column":24}},"83":{"start":{"line":194,"column":8},"end":{"line":202,"column":9}},"84":{"start":{"line":198,"column":12},"end":{"line":198,"column":23}},"85":{"start":{"line":201,"column":12},"end":{"line":201,"column":26}},"86":{"start":{"line":206,"column":8},"end":{"line":208,"column":9}},"87":{"start":{"line":207,"column":12},"end":{"line":207,"column":59}},"88":{"start":{"line":209,"column":8},"end":{"line":211,"column":9}},"89":{"start":{"line":210,"column":12},"end":{"line":210,"column":65}},"90":{"start":{"line":212,"column":8},"end":{"line":214,"column":9}},"91":{"start":{"line":213,"column":12},"end":{"line":213,"column":68}},"92":{"start":{"line":217,"column":8},"end":{"line":222,"column":11}},"93":{"start":{"line":218,"column":12},"end":{"line":221,"column":13}},"94":{"start":{"line":220,"column":16},"end":{"line":220,"column":70}},"95":{"start":{"line":224,"column":8},"end":{"line":227,"column":9}},"96":{"start":{"line":225,"column":12},"end":{"line":225,"column":51}},"97":{"start":{"line":226,"column":12},"end":{"line":226,"column":34}},"98":{"start":{"line":233,"column":8},"end":{"line"
[...]
,"52":99,"53":99,"54":99,"55":99,"56":99,"57":0,"58":99,"59":0,"60":99,"61":0,"62":99,"63":99,"64":99,"65":64,"66":64,"67":17,"68":64,"69":64,"70":64,"71":64,"72":0,"73":64,"74":64,"75":99,"76":99,"77":64,"78":64,"79":29,"80":29,"81":12,"82":29,"83":1,"84":1,"85":1,"86":1,"87":1,"88":1,"89":1,"90":1,"91":0,"92":64,"93":28,"94":36,"95":1,"96":1,"97":64,"98":99,"99":99,"100":64,"101":111,"102":111,"103":111,"104":111,"105":111,"106":111,"107":227,"108":227,"109":227,"110":227,"111":8,"112":8,"113":219,"114":227,"115":45,"116":15,"117":182,"118":227,"119":0,"120":227,"121":0,"122":227,"123":0,"124":227,"125":96,"126":288,"127":0,"128":227,"129":227,"130":45,"131":227,"132":227,"133":227,"134":70,"135":10,"136":10,"137":24,"138":24,"139":111,"140":111,"141":111,"142":111,"143":111,"144":111,"145":37,"146":74,"147":111,"148":111,"149":127,"150":127,"151":127,"152":193,"153":193,"154":193,"155":193,"156":193,"157":11,"158":11,"159":182,"160":0,"161":0,"162":0,"163":0,"164":70,"165":70,"166":23,"167":23,"168":193,"169":193,"170":193,"171":193,"172":193,"173":193,"174":70,"175":70,"176":454,"177":615,"178":2,"179":2,"180":0,"181":11,"182":19,"183":19},"f":{"0":18,"1":18,"2":385,"3":57,"4":136,"5":54,"6":3,"7":3,"8":3,"9":247,"10":18,"11":9,"12":0,"13":0,"14":0,"15":2,"16":99,"17":0,"18":0,"19":0,"20":64,"21":29,"22":1,"23":99,"24":99,"25":64,"26":111,"27":227,"28":15,"29":288,"30":10,"31":111,"32":193,"33":0,"34":70,"35":193,"36":70,"37":454,"38":615,"39":2,"40":11},"b":{"0":[145,240],"1":[124,12],"2":[0],"3":[9],"4":[9,0],"5":[9,0],"6":[9,0],"7":[16],"8":[14],"9":[64,35],"10":[17,47],"11":[64,0],"12":[64,0],"13":[64,2],"14":[0,64],"15":[12,17],"16":[1,0],"17":[28,36],"18":[1,35],"19":[45],"20":[45],"21":[8,219],"22":[45,182],"23":[0,227],"24":[227,227],"25":[0,227],"26":[227,227],"27":[0,227],"28":[227,182],"29":[96,131],"30":[0,288],"31":[288,288,288,0],"32":[45,182],"33":[70,157],"34":[37,74],"35":[11,182],"36":[0,0],"37":[23,47],"38":[71,122],"39":[2,0]},"_coverageSchema":"1a1c01bbd47fc00a2c39e90264f33305004495a9","hash":"210a7b7b706114de87b32af70a3a3dffca7c9ef6"}
,"/Users/logic/PJ-Git/AutoTemplate#v01/src/source-template.js": {"path":"/Users/logic/PJ-Git/AutoTemplate#v01/src/source-template.js","statementMap":{"0":{"start":{"line":1,"column":34},"end":{"line":1,"column":49}},"1":{"start":{"line":2,"column":34},"end":{"line":2,"column":49}},"2":{"start":{"line":3,"column":34},"end":{"line":3,"column":55}},"3":{"start":{"line":19,"column":15},"end":{"line":19,"column":19}},"4":{"start":{"line":20,"column":14},"end":{"line":20,"column":18}},"5":{"start":{"line":24,"column":16},"end":{"line":24,"column":20}},"6":{"start":{"line":25,"column":11},"end":{"line":25,"column":15}},"7":{"start":{"line":29,"column":11},"end":{"line":29,"column":13}},"8":{"start":{"line":30,"column":12},"end":{"line":30,"column":14}},"9":{"start":{"line":31,"column":13},"end":{"line":31,"column":15}},"10":{"start":{"line":32,"column":15},"end":{"line":32,"column":17}},"11":{"start":{"line":34,"column":16},"end":{"line":34,"column":20}},"12":{"start":{"line":38,"column":16},"end":{"line":38,"column":33}},"13":{"start":{"line":39,"column":17},"end":{"line":39,"column":35}},"14":{"start":{"line":40,"column":18},"end":{"line":40,"column":37}},"15":{"start":{"line":49,"column":21},"end":{"line":49,"column":65}},"16":{"start":{"line":50,"column":20},"end":{"line":50,"column":58}},"17":{"start":{"line":51,"column":19},"end":{"line":51,"column":97}},"18":{"start":{"line":52,"column":20},"end":{"line":52,"column":41}},"19":{"start":{"line":53,"column":21},"end":{"line":53,"column":101}},"20":{"start":{"line":54,"column":22},"end":{"line":54,"column":67}},"21":{"start":{"line":55,"column":17},"end":{"line":55,"column":53}},"22":{"start":{"line":56,"column":21},"end":{"line":56,"column":91}},"23":{"start":{"line":57,"column":21},"end":{"line":57,"column":43}},"24":{"start":{"line":74,"column":8},"end":{"line":74,"column":34}},"25":{"start":{"line":75,"column":8},"end":{"line":75,"column":24}},"26":{"start":{"line":76,"column":8},"end":{"line":76,"column":26}},"27":{"start":{"line":77,"column":8},"end":{"line":77,"column":28}},"28":{"start":{"line":78,"column":8},"end":{"line":78,"column":53}},"29":{"start":{"line":83,"column":8},"end":{"line":83,"column":45}},"30":{"start":{"line":84,"column":8},"end":{"line":84,"column":62}},"31":{"start":{"line":85,"column":8},"end":{"line":85,"column":34}},"32":{"start":{"line":91,"column":18},"end":{"line":105,"column":9}},"33":{"start":{"line":126,"column":8},"end":{"line":126,"column":19}},"34":{"start":{"line":130,"column":22},"end":{"line":130,"column":108}},"35":{"start":{"line":132,"column":8},"end":{"line":132,"column":40}},"36":{"start":{"line":133,"column":8},"end":{"line":133,"column":39}},"37":{"start":{"line":134,"column":8},"end":{"line":134,"column":41}},"38":{"start":{"line":135,"column":8},"end":{"line":135,"column":36}},"39":{"start":{"line":136,"column":8},"end":{"line":136,"column":21}},"40":{"start":{"line":145,"column":11},"end":{"line":145,"column":15}},"41":{"start":{"line":146,"column":13},"end":{"line":146,"column":17}},"42":{"start":{"line":154,"column":8},"end":{"line":154,"column":21}},"43":{"start":{"line":155,"column":8},"end":{"line":155,"column":25}},"44":{"start":{"line":156,"column":8},"end":{"line":156,"column":28}},"45":{"start":{"line":221,"column":8},"end":{"line":224,"column":27}},"46":{"start":{"line":222,"column":12},"end":{"line":222,"column":30}},"47":{"start":{"line":223,"column":12},"end":{"line":223,"column":24}},"48":{"start":{"line":224,"column":15},"end":{"line":224,"column":27}},"49":{"start":{"line":226,"column":8},"end":{"line":231,"column":31}},"50":{"start":{"line":230,"column":12},"end":{"line":230,"column":34}},"51":{"start":{"line":231,"column":15},"end":{"line":231,"column":31}},"52":{"start":{"line":235,"column":8},"end":{"line":237,"column":9}},"53":{"start":{"line":236,"column":12},"end":{"line":236,"column":59}},"54":{"start":{"line":238,"column":8},"end":{"line":240,"column":9}},"55":{"start":{"line":239,"column":12},"end":{"line":239,"column":67}},"56":{"start":{"line":242,"column":8},"end":{"line":246,"column":9}},"57":{"start":{"line":243,"column":12},"end":{"line":243,"column":77}},"58":{"start":{"line":244,"column":15},"end":{"line":246,"column":9}},"59":{"start":{"line":245,"column":12},"end":{"line":245,"column":62}},"60":{"start":{"line":258,"column":8},"end":{"line":258,"column":82}},"61":{"start":{"line":259,"column":8},"end":{"line":259,"column":33}},"62":{"start":{"line":261,"column":8},"end":{"line":261,"column":33}},"63":{"start":{"line":272,"column":8},"end":{"line":276,"column":9}},"64":{"start":{"line":272,"column":21},"end":{"line":272,"column":22}},"65":{"start":{"line":275,"column":12},"end":{"line":275,"column":36}},"66":{"start":{"line":286,"column":22},"end":{"line":286,"column":26}},"67":{"start":{"line":287,"column":20},"end":{"line":287,"column":28}},"68":{"start":{"line":288,"column":21},"end":{"line":288,"column":37}},"69":{"start":{"line":289,"column":25},"end":{"line":289,"column":57}},"70":{"start":{"line":290,"column":24},"end":{"line":290,"column":50}},"71":{"start":{"line":291,"column":22},"end":{"line":291,"column":24}},"72":{"start":{"line":294,"column":8},"end":{"line":314,"column":9}},"73":{"start":{"line":294,"column":21},"end":{"line":294,"column":22}},"74":{"start":{"line":295,"column":12},"end":{"line":295,"column":55}},"75":{"start":{"line":296,"column":12},"end":{"line":296,"column":46}},"76":{"start":{"line":297,"column":12},"end":{"line":313,"column":15}},"77":{"start":{"line":298,"column":16},"end":{"line":298,"column":73}},"78":{"start":{"line":299,"column":16},"end":{"line":299,"column":50}},"79":{"start":{"line":300,"column":16},"end":{"line":300,"column":39}},"80":{"start":{"line":302,"column":16},"end":{"line":302,"column":47}},"81":{"start":{"line":304,"column":16},"end":{"line":311,"column":17}},"82":{"start":{"line":307,"column":20},"end":{"line":307,"column":109}},"83":{"start":{"line":308,"column":20},"end":{"line":308,"column":49}},"84":{"start":{"line":310,"column":20},"end":{"line":310,"column":60}},"85":{"start":{"line":326,"column":25},"end":{"line":326,"column":57}},"86":{"start":{"line":329,"column":8},"end":{"line":329,"column":44}},"87":{"start":{"line":330,"column":8},"end":{"line":330,"column":38}},"88":{"start":{"line":331,"column":8},"end":{"line":331,"column":43}},"89":{"start":{"line":332,"column":8},"end":{"line":332,"column":52}},"90":{"start":{"line":333,"column":8},"end":{"line":333,"column":30}},"91":{"start":{"line":344,"column":8},"end":{"line":355,"column":10}},"92":{"start":{"line":345,"column":30},"end":{"line":345,"column":56}},"93":{"start":{"line":347,"column":16},"end":{"line":351,"column":17}},"94":{"start":{"line":348,"column":20},"end":{"line":348,"column":61}},"95":{"start":{"line":350,"column":20},"end":{"line":350,"column":70}},"96":{"start":{"line":359,"column":8},"end":{"line":359,"column":34}},"97":{"start":{"line":363,"column":0},"end":{"line":363,"column":40}},"98":{"start":{"line":364,"column":0},"end":{"line":364,"column":48}}},"fnMap":{"0":{"name":"(anonymous_0)","decl":{"start":{"line":38,"column":4},"end":{"line":38,"column":5}},"loc":{"start":{"line":38,"column":14},"end":{"line":38,"column":35}},"line":38},"1":{"name":"(anonymous_1)","decl":{"start":{"line":39,"column":4},"end":{"line":39,"column":5}},"loc":{"start":{"line":39,"column":15},"end":{"line":39,"column":37}},"line":39},"2":{"name":"(anonymous_2)","decl":{"start":{"line":40,"column":4},"end":{"line":40,"column":5}},"loc":{"start":{"line":40,"column":16},"end":{"line":40,"column":39}},"line":40},"3":{"name":"(anonymous_3)","decl":{"start":{"line":49,"column":4},"end":{"line":49,"column":5}},"loc":{"start":{"line":49,"column":19},"end":{"line":49,"column":67}},"line":49},"4":{"name":"(anonymous_4)","decl":{"start":{"line":50,"column":4},"end":{"line":50,"column":5}},"loc":{"start":{"line":50,"column":18},"end":{"line":50,"column":60}},"line":50},"5":{"name":"(anonymous_5)","decl":{"start":{"line":51,"column":4},"end":{"line":51,"column":5}},"loc":{"start":{"line":51,"column":17},"end":{"line":51,"column":99}},"line":51},"6":{"name":"(anonymous_6)","decl":{"start":{"line":52,"column":4},"end":{"line":52,"column":5}},"loc":{"start":{"line":52,"column":18},"end":{"line":52,"column":43}},"line":52},"7":{"name":"(anonymous_7)","decl":{"start":{"line":53,"column":4},"end":{"line":53,"column":5}},"loc":{"start":{"line":53,"column":19},"end":{"line":53,"column":103}},"line":53},"8":{"name":"(anonymous_8)","decl":{"start":{"line":54,"column":4},"end":{"line":54,"column":5}},"loc":{"start":{"line":54,"column":20},"end":{"line":54,"column":69}},"line":54},"9":{"name":"(anonymous_9)","decl":{"start":{"line":55,"column":4},"end":{"line":55,"column":5}},"loc":{"start":{"line":55,"column":15},"end":{"line":55,"column":55}},"line":55},"10":{"name":"(anonymous_10)","decl":{"start":{"line":56,"column":4},"end":{"line":56,"column":5}},"loc":{"start":{"line":56,"column":19},"end":{"line":56,"column":93}},"line":56},"11":{"name":"(anonymous_11)","decl":{"start":{"line":57,"column":4},"end":{"line":57,"column":5}},"loc":{"start":{"line":57,"column":19},"end":{"line":57,"column":45}},"line":57},"12":{"name":"(anonymous_12)","decl":{"start":{"line":68,"column":4},"end":{"line":68,"column":5}},"loc":{"start":{"line":68,"column":61},"end":{"line":88,"column":5}},"line":68},"13":{"name":"(anonymous_13)","decl":{"start":{"line":90,"column":4},"end":{"line":90,"column":5}},"loc":{"start":{"line":90,"column":16},"end":{"line":127,"column":5}},"line":90},"14":{"name":"(anonymous_14)","decl":{"start":{"line":129,"column":4},"end":{"line":129,"column":5}},"loc":{"start":{"line":129,"column":12},"end":{"line":137,"column":5}},"line":129},"15":{"name":"(anonymous_15)","decl":{"start":{"line":153,"column":4},"end":{"line":153,"column":5}},"loc":{"start":{"line":153,"column":29},"end":{"line":157,"column":5}},"line":153},"16":{"name":"(anonymous_16)","decl":{"start":{"line":212,"column":4},"end":{"line":212,"column":5}},"loc":{"start":{"line":212,"column":60},"end":{"line":262,"column":5}},"line":212},"17":{"name":"(anonymous_17)","decl":{"start":{"line":268,"column":4},"end":{"line":268,"column":5}},"loc":{"start":{"line":268,"column":30},"end":{"line":277,"column":5}},"line":268},"18":{"name":"(anonymous_18)","decl":{"start":{"line":284,"column":4},"end":{"line":284,"column":5}},"loc":{"start":{"line":284,"column":26},"end":{"line":315,"column":5}},"line":284},"19":{"name":"(anonymous_19)","decl":{"start":{"line":297,"column":28},"end":{"line":297,"column":29}},"loc":{"start":{"line":297,"column":35},"end":{"line":313,"column":13}},"line":297},"20":{"name":"(anonymous_20)","decl":{"start":{"line":324,"column":4},"end":{"line":324,"column":5}},"loc":{"start":{"line":324,"column":24},"end":{"line":334,"column":5}},"line":324},"21":{"name":"(anonymous_21)","decl":{"start":{"line":343,"column":4},"end":{"line":343,"column":5}},"loc":{"start":{"line":343,"column":28},"end":{"line":356,"column":5}},"line":343},"22":{"name":"(anonymous_22)","decl":{"start":{"line":345,"column":17},"end":{"line":345,"column":18}},"loc":{"start":{"line":345,"column":28},"end":{"line":345,"column":58}},"line":345},"23":{"name":"(anonymous_23)","decl":{"start":{"line":346,"column":17},"end":{"line":346,"column":18}},"loc":{"start":{"line":346,"column":31},"end":{"line":352,"column":13}},"line":346},"24":{"name":"(anonymous_24)","decl":{"start":{"line":358,"column":4},"end":{"line":358,"column":5}},"loc":{"start":{"line":358,"column":27},"end":{"line":360,"column":5}},"line":358}},"branchMap":{"0":{"loc":{"start":{"line":51,"column":26},"end":{"line":51,"column":96}},"type":"cond-expr","locations":[{"start":{"line":51,"column":64},"end":{"line":51,"column":66}},{"start":{"line":51,"column":69},"end":{"line":51,"column":96}}],"line":51},"1":{"loc":{"start":{"line":53,"column":28},"end":{"line":53,"column":100}},"type":"cond-expr","locations":[{"start":{"line":53,"column":49},"end":{"line":53,"column":61}},{"start":{"line":53,"column":64},"end":{"line":53,"column":100}}],"line":53},"2":{"loc":{"start":{"line":56,"column":28},"end":{"line":56,"column":90}},"type":"cond-expr","locations":[{"start":{"line":56,"column":54},"end":{"line":56,"column":83}},{"start":{"line":56,"column":86},"end":{"line":56,"column":90}}],"line":56},"3":{"loc":{"start":{"line":68,"column":44},"end":{"line":68,"column":59}},"type":"default-arg","locations":[{"start":{"line":68,"column":55},"end":{"line":68,"column":59}}],"line":68},"4":{"loc":{"start":{"line":212,"column":20},"end":{"line":212,"column":35}},"type":"default-arg","locations":[{"start":{"line":212,"column":31},"end":{"line":212,"column":35}}],"line":212},"5":{"loc":{"start":{"line":212,"column":37},"end":{"line":212,"column":58}},"type":"default-arg","locations":[{"start":{"line":212,"column":43},"end":{"line":212,"column":58}}],"line":212},"6":{"loc":{"start":{"line":221,"column":8},"end":{"line":224,"column":27}},"type":"if","locations":[{"start":{"line":221,"column":8},"end":{"line":224,"column":27}},{"start":{"line":224,"column":15},"end":{"line":224,"column":27}}],"line":221},"7":{"loc":{"start":{"line":226,"column":8},"end":{"line":231,"column":31}},"type":"if","locations":[{"start":{"line":226,"column":8},"end":{"line":231,"column":31}},{"start":{"line":231,"column":15},"end":{"line":231,"column":31}}],"line":226},"8":{"loc":{"start":{"line":235,"column":8},"end":{"line":237,"column":9}},"type":"if","locations":[{"start":{"line":235,"column":8},"end":{"line":237,"column":9}},{"start":{},"end":{}}],"line":235},"9":{"loc":{"start":{"line":235,"column":12},"end":{"line":235,"column":59}},"type":"binary-expr","locations":[{"start":{"line":235,"column":12},"end":{"line":235,"column":37}},{"start":{"line":235,"column":41},"end":{"line":235,"column":59}}],"line":235},"10":{"loc":{"start":{"line":238,"column":8},"end":{"line":240,"column":9}},"type":"if","locations":[{"start":{"line":238,"column":8},"end":{"line":240,"column":9}},{"start":{},"end":{}}],"line":238},"11":{"loc":{"start":{"line":238,"column":12},"end":{"line":238,"column":62}},"type":"binary-expr","locations":[{"start":{"line":238,"column":12},"end":{"line":238,"column":42}},{"start":{"line":238,"column":46},"end":{"line":238,"column":62}}],"line":238},"12":{"loc":{"start":{"line":242,"column":8},"end":{"line":246,"column":9}},"type":"if","locations":[{"start":{"line":242,"column":8},"end":{"line":246,"column":9}},{"start":{"line":244,"column":15},"end":{"line":246,"column":9}}],"line":242},"13":{"loc":{"start":{"line":242,"column":12},"end":{"line":242,"column":99}},"type":"binary-expr","locations":[{"start":{"line":242,"column":12},"end":{"line":242,"column":32}},{"start":{"line":242,"column":36},"end":{"line":242,"column":99}}],"line":242},"14":{"loc":{"start":{"line":242,"column":38},"end":{"line":242,"column":98}},"type":"binary-expr","locations":[{"start":{"line":242,"column":38},"end":{"line":242,"column":67}},{"start":{"line":242,"column":71},"end":{"line":242,"column":98}}],"line":242},"15":{"loc":{"start":{"line":244,"column":15},"end":{"line":246,"column":9}},"type":"if","locations":[{"start":{"line":244,"column":15},"end":{"line":246,"column":9}},{"start":{},"end":{}}],"line":244},"16":{"loc":{"start":{"line":244,"column":19},"end":{"line":244,"column":77}},"type":"binary-expr","locations":[{"start":{"line":244,"column":19},"end":{"line":244,"column":41}},{"start":{"line":244,"column":45},"end":{"line":244,"column":77}}],"line":244},"17":{"loc":{"start":{"line":304,"column":16},"end":{"line":311,"column":17}},"type":"if","locations":[{"start":{"line":304,"column":16},"end":{"line":311,"column":17}},{"start":{"line":309,"column":23},"end":{"line":311,"column":17}}],"line":304},"18":{"loc":{"start":{"line":332,"column":14},"end":{"line":332,"column":51}},"type":"cond-expr","locations":[{"start":{"line":332,"column":31},"end":{"line":332,"column":45}},{"start":{"line":332,"column":48},"end":{"line":332,"column":51}}],"line":332},"19":{"loc":{"start":{"line":347,"column":16},"end":{"line":351,"column":17}},"type":"if","locations":[{"start":{"line":347,"column":16},"end":{"line":351,"column":17}},{"start":{"line":349,"column":23},"end":{"line":351,"column":17}}],"line":347},"20":{"loc":{"start":{"line":347,"column":20},"end":{"line":347,"column":75}},"type":"binary-expr","locations":[{"start":{"line":347,"column":20},"end":{"line":347,"column":49}},{"start":{"line":347,"column":53},"end":{"line":347,"column":75}}],"line":347}},"s":{"0":19,"1":19,"2":19,"3":332,"4":332,"5":332,"6":332,"7":332,"8":332,"9":332,"10":332,"11":332,"12":33,"13":33,"14":121,"15":24,"16":491,"17":69,"18":654,"19":34,"20":433,"21":24,"22":34,"23":43,"24":332,"25":332,"26":332,"27":332,"28":332,"29":332,"30":332,"31":332,"32":24,"33":24,"34":11,"35":11,"36":11,"37":11,"38":11,"39":11,"40":74,"41":74,"42":74,"43":74,"44":74,"45":68,"46":4,"47":4,"48":64,"49":68,"50":4,"51":64,"52":68,"53":0,"54":68,"55":0,"56":68,"57":0,"58":68,"59":0,"60":68,"61":68,"62":68,"63":4,"64":4,"65":4,"66":74,"67":74,"68":74,"69":74,"70":74,"71":74,"72":74,"73":74,"74":90,"75":90,"76":90,"77":70,"78":70,"79":70,"80":70,"81":70,"82":6,"83":6,"84":64,"85":70,"86":70,"87":70,"88":70,"89":70,"90":70,"91":136,"92":150,"93":0,"94":0,"95":0,"96":6,"97":19,"98":19},"f":{"0":33,"1":33,"2":121,"3":24,"4":491,"5":69,"6":654,"7":34,"8":433,"9":24,"10":34,"11":43,"12":332,"13":24,"14":11,"15":74,"16":68,"17":4,"18":74,"19":70,"20":70,"21":136,"22":150,"23":0,"24":6},"b":{"0":[38,31],"1":[23,11],"2":[34,0],"3":[0],"4":[4],"5":[4],"6":[4,64],"7":[4,64],"8":[0,68],"9":[68,68],"10":[0,68],"11":[68,68],"12":[0,68],"13":[68,34],"14":[34,34],"15":[0,68],"16":[68,34],"17":[6,64],"18":[0,70],"19":[0,0],"20":[0,0]},"_coverageSchema":"1a1c01bbd47fc00a2c39e90264f33305004495a9","hash":"8fa840fb1d547570ff9b809268e986187dc1733d"}
}
