TN:
SF:src/auto-task.js
FN:45,(anonymous_0)
FN:46,(anonymous_1)
FN:52,(anonymous_2)
FN:69,(anonymous_3)
FN:90,(anonymous_4)
FN:100,(anonymous_5)
FN:119,(anonymous_6)
FN:131,(anonymous_7)
FNF:8
FNH:8
FNDA:16,(anonymous_0)
FNDA:16,(anonymous_1)
FNDA:16,(anonymous_2)
FNDA:17,(anonymous_3)
FNDA:1,(anonymous_4)
FNDA:10,(anonymous_5)
FNDA:6,(anonymous_6)
FNDA:1,(anonymous_7)
DA:1,7
DA:2,7
DA:3,7
DA:16,16
DA:18,16
DA:19,16
DA:26,7
DA:30,16
DA:31,16
DA:32,16
DA:45,16
DA:47,16
DA:48,16
DA:49,16
DA:70,17
DA:71,1
DA:73,16
DA:75,16
DA:76,2
DA:78,16
DA:81,16
DA:83,16
DA:91,1
DA:92,0
DA:94,1
DA:104,10
DA:110,10
DA:113,10
DA:120,6
DA:124,6
DA:132,1
DA:136,1
DA:146,16
DA:149,16
DA:153,16
DA:155,16
DA:156,16
DA:195,7
LF:38
LH:37
BRDA:47,0,0,0
BRDA:47,0,1,16
BRDA:70,1,0,1
BRDA:70,1,1,16
BRDA:70,2,0,17
BRDA:70,2,1,16
BRDA:75,3,0,2
BRDA:75,3,1,14
BRDA:75,4,0,16
BRDA:75,4,1,2
BRDA:91,5,0,0
BRDA:91,5,1,1
BRDA:131,6,0,1
BRDA:153,7,0,2
BRDA:153,7,1,14
BRF:15
BRH:13
end_of_record
TN:
SF:src/auto-template.js
FN:83,(anonymous_0)
FN:84,(anonymous_1)
FN:88,(anonymous_2)
FN:93,(anonymous_3)
FN:98,(anonymous_4)
FN:99,(anonymous_5)
FN:100,(anonymous_6)
FN:101,(anonymous_7)
FN:102,(anonymous_8)
FN:109,(anonymous_9)
FN:110,(anonymous_10)
FN:117,(anonymous_11)
FN:118,(anonymous_12)
FN:122,(anonymous_13)
FN:123,(anonymous_14)
FN:127,(anonymous_15)
FN:128,(anonymous_16)
FN:132,(anonymous_17)
FN:133,(anonymous_18)
FN:137,(anonymous_19)
FN:141,(anonymous_20)
FN:148,(anonymous_21)
FN:149,(anonymous_22)
FN:150,(anonymous_23)
FN:151,(anonymous_24)
FN:158,(anonymous_25)
FN:176,(anonymous_26)
FN:182,(anonymous_27)
FN:231,(anonymous_28)
FN:239,__checkChangeFile
FN:324,delEmptyDir
FN:371,(anonymous_31)
FN:375,(anonymous_32)
FN:394,(anonymous_33)
FN:461,(anonymous_34)
FN:478,(anonymous_35)
FN:518,(anonymous_36)
FN:535,(anonymous_37)
FN:574,(anonymous_38)
FN:599,(anonymous_39)
FN:625,(anonymous_40)
FN:639,(anonymous_41)
FN:656,(anonymous_42)
FN:693,(anonymous_43)
FN:712,(anonymous_44)
FN:769,(anonymous_45)
FN:775,(anonymous_46)
FN:777,(anonymous_47)
FN:787,(anonymous_48)
FN:802,(anonymous_49)
FN:828,__copySource
FN:889,(anonymous_51)
FN:892,(anonymous_52)
FN:895,(anonymous_53)
FN:898,(anonymous_54)
FN:914,(anonymous_55)
FN:925,(anonymous_56)
FNF:57
FNH:52
FNDA:183,(anonymous_0)
FNDA:2,(anonymous_1)
FNDA:585,(anonymous_2)
FNDA:23,(anonymous_3)
FNDA:72,(anonymous_4)
FNDA:64,(anonymous_5)
FNDA:6,(anonymous_6)
FNDA:84,(anonymous_7)
FNDA:2,(anonymous_8)
FNDA:84,(anonymous_9)
FNDA:2,(anonymous_10)
FNDA:136,(anonymous_11)
FNDA:5,(anonymous_12)
FNDA:94,(anonymous_13)
FNDA:5,(anonymous_14)
FNDA:245,(anonymous_15)
FNDA:5,(anonymous_16)
FNDA:120,(anonymous_17)
FNDA:0,(anonymous_18)
FNDA:58,(anonymous_19)
FNDA:58,(anonymous_20)
FNDA:0,(anonymous_21)
FNDA:0,(anonymous_22)
FNDA:0,(anonymous_23)
FNDA:0,(anonymous_24)
FNDA:17,(anonymous_25)
FNDA:8,(anonymous_26)
FNDA:18,(anonymous_27)
FNDA:10,(anonymous_28)
FNDA:30,__checkChangeFile
FNDA:35,delEmptyDir
FNDA:34,(anonymous_31)
FNDA:71,(anonymous_32)
FNDA:6,(anonymous_33)
FNDA:2,(anonymous_34)
FNDA:15,(anonymous_35)
FNDA:7,(anonymous_36)
FNDA:13,(anonymous_37)
FNDA:4,(anonymous_38)
FNDA:4,(anonymous_39)
FNDA:7,(anonymous_40)
FNDA:2,(anonymous_41)
FNDA:2,(anonymous_42)
FNDA:2,(anonymous_43)
FNDA:2,(anonymous_44)
FNDA:46,(anonymous_45)
FNDA:15,(anonymous_46)
FNDA:232,(anonymous_47)
FNDA:11,(anonymous_48)
FNDA:1,(anonymous_49)
FNDA:5,__copySource
FNDA:18,(anonymous_51)
FNDA:18,(anonymous_52)
FNDA:6,(anonymous_53)
FNDA:6,(anonymous_54)
FNDA:17,(anonymous_55)
FNDA:2,(anonymous_56)
DA:1,6
DA:2,6
DA:3,6
DA:4,6
DA:5,6
DA:6,6
DA:7,6
DA:15,17
DA:24,17
DA:33,17
DA:40,17
DA:47,17
DA:50,17
DA:51,17
DA:52,17
DA:53,17
DA:54,17
DA:58,17
DA:59,17
DA:64,17
DA:68,17
DA:69,17
DA:70,17
DA:71,17
DA:72,17
DA:73,17
DA:74,17
DA:75,17
DA:76,17
DA:77,17
DA:78,17
DA:79,17
DA:83,183
DA:85,2
DA:86,0
DA:89,585
DA:90,585
DA:91,585
DA:94,23
DA:95,0
DA:96,23
DA:98,72
DA:99,64
DA:100,6
DA:101,84
DA:103,2
DA:104,1
DA:106,1
DA:109,84
DA:111,2
DA:112,1
DA:114,1
DA:117,136
DA:119,5
DA:120,2
DA:122,94
DA:124,5
DA:125,2
DA:127,245
DA:129,5
DA:130,2
DA:132,120
DA:134,0
DA:135,0
DA:138,58
DA:139,58
DA:142,58
DA:143,58
DA:148,0
DA:149,0
DA:150,0
DA:151,0
DA:159,17
DA:160,17
DA:161,17
DA:162,17
DA:163,17
DA:164,17
DA:165,17
DA:166,17
DA:167,17
DA:187,18
DA:190,18
DA:191,2
DA:195,18
DA:196,18
DA:197,18
DA:198,18
DA:199,18
DA:200,18
DA:202,18
DA:203,18
DA:204,18
DA:205,18
DA:206,18
DA:207,18
DA:210,18
DA:213,18
DA:214,16
DA:216,9
DA:217,9
DA:218,9
DA:219,9
DA:224,18
DA:232,10
DA:233,10
DA:234,10
DA:235,10
DA:236,10
DA:243,30
DA:244,0
DA:246,30
DA:247,0
DA:250,30
DA:252,11
DA:256,10
DA:257,9
DA:258,9
DA:267,9
DA:268,3
DA:269,6
DA:270,3
DA:272,3
DA:273,3
DA:276,9
DA:277,9
DA:279,10
DA:282,10
DA:283,48
DA:284,48
DA:293,48
DA:294,24
DA:295,24
DA:296,16
DA:298,8
DA:299,8
DA:304,48
DA:305,48
DA:308,10
DA:311,10
DA:315,10
DA:317,6
DA:318,4
DA:325,35
DA:326,35
DA:328,35
DA:330,31
DA:331,31
DA:333,11
DA:334,11
DA:335,11
DA:338,20
DA:339,24
DA:340,24
DA:341,17
DA:342,17
DA:346,20
DA:347,15
DA:348,15
DA:350,13
DA:351,13
DA:352,13
DA:357,0
DA:368,10
DA:369,70
DA:371,10
DA:374,34
DA:375,71
DA:376,18
DA:377,18
DA:378,18
DA:382,10
DA:383,10
DA:384,10
DA:385,10
DA:386,10
DA:387,10
DA:396,6
DA:407,6
DA:410,6
DA:413,6
DA:414,10
DA:418,6
DA:419,5
DA:429,5
DA:449,6
DA:452,6
DA:467,2
DA:480,15
DA:484,15
DA:485,10
DA:486,10
DA:487,5
DA:488,5
DA:497,15
DA:498,0
DA:501,15
DA:520,7
DA:521,7
DA:525,7
DA:526,19
DA:527,19
DA:530,7
DA:531,9
DA:532,9
DA:533,9
DA:535,9
DA:537,13
DA:538,13
DA:540,13
DA:542,13
DA:543,47
DA:550,13
DA:551,2
DA:552,2
DA:553,2
DA:554,2
DA:555,2
DA:564,13
DA:565,13
DA:569,7
DA:570,12
DA:571,12
DA:572,12
DA:574,12
DA:576,4
DA:577,4
DA:580,4
DA:581,20
DA:596,4
DA:598,2
DA:599,4
DA:600,2
DA:603,4
DA:604,4
DA:609,7
DA:610,6
DA:611,6
DA:614,7
DA:615,6
DA:616,6
DA:618,7
DA:627,7
DA:628,7
DA:631,7
DA:632,1
DA:633,1
DA:635,1
DA:636,3
DA:637,3
DA:638,3
DA:639,3
DA:640,2
DA:641,2
DA:643,2
DA:644,4
DA:646,2
DA:647,2
DA:652,1
DA:653,3
DA:654,3
DA:655,3
DA:656,3
DA:658,2
DA:659,2
DA:661,2
DA:663,2
DA:664,5
DA:671,2
DA:672,1
DA:673,1
DA:674,1
DA:675,1
DA:676,1
DA:683,2
DA:684,2
DA:689,1
DA:690,2
DA:691,2
DA:692,2
DA:693,2
DA:695,2
DA:696,2
DA:700,2
DA:701,10
DA:709,2
DA:711,1
DA:712,2
DA:713,1
DA:716,2
DA:717,2
DA:723,7
DA:724,1
DA:725,1
DA:726,1
DA:727,1
DA:728,1
DA:729,1
DA:730,1
DA:735,7
DA:736,1
DA:737,1
DA:738,1
DA:739,1
DA:740,1
DA:741,1
DA:742,1
DA:743,1
DA:744,1
DA:745,1
DA:746,1
DA:748,0
DA:753,7
DA:770,46
DA:775,46
DA:776,6
DA:777,232
DA:778,40
DA:779,40
DA:789,11
DA:791,11
DA:792,11
DA:794,11
DA:795,11
DA:805,1
DA:832,5
DA:833,10
DA:834,10
DA:835,10
DA:836,10
DA:837,10
DA:839,6
DA:840,6
DA:841,0
DA:843,6
DA:846,6
DA:852,1
DA:853,1
DA:854,1
DA:855,1
DA:856,1
DA:859,1
DA:890,18
DA:893,18
DA:896,6
DA:899,6
DA:908,17
DA:915,17
DA:916,17
DA:927,2
DA:928,2
DA:930,2
DA:932,2
DA:934,2
DA:940,6
LF:355
LH:341
BRDA:83,0,0,128
BRDA:83,0,1,55
BRDA:85,1,0,2
BRDA:85,1,1,0
BRDA:90,2,0,0
BRDA:90,2,1,585
BRDA:94,3,0,0
BRDA:94,3,1,23
BRDA:94,4,0,23
BRDA:94,4,1,0
BRDA:96,5,0,23
BRDA:96,5,1,0
BRDA:103,6,0,1
BRDA:103,6,1,1
BRDA:103,7,0,2
BRDA:103,7,1,2
BRDA:111,8,0,1
BRDA:111,8,1,1
BRDA:111,9,0,2
BRDA:111,9,1,2
BRDA:119,10,0,3
BRDA:119,10,1,2
BRDA:124,11,0,3
BRDA:124,11,1,2
BRDA:129,12,0,3
BRDA:129,12,1,2
BRDA:134,13,0,0
BRDA:134,13,1,0
BRDA:138,14,0,7
BRDA:138,14,1,51
BRDA:142,15,0,7
BRDA:142,15,1,51
BRDA:159,16,0,14
BRDA:159,16,1,3
BRDA:160,17,0,0
BRDA:160,17,1,17
BRDA:213,18,0,16
BRDA:213,18,1,2
BRDA:214,19,0,9
BRDA:214,19,1,7
BRDA:217,20,0,9
BRDA:217,20,1,0
BRDA:218,21,0,9
BRDA:218,21,1,0
BRDA:219,22,0,9
BRDA:219,22,1,0
BRDA:231,23,0,4
BRDA:243,24,0,30
BRDA:243,24,1,0
BRDA:246,25,0,30
BRDA:246,25,1,0
BRDA:250,26,0,19
BRDA:250,26,1,11
BRDA:267,27,0,3
BRDA:267,27,1,6
BRDA:268,28,0,3
BRDA:268,28,1,0
BRDA:269,29,0,3
BRDA:269,29,1,3
BRDA:272,30,0,3
BRDA:272,30,1,0
BRDA:272,31,0,3
BRDA:272,31,1,0
BRDA:277,32,0,7
BRDA:277,32,1,2
BRDA:293,33,0,24
BRDA:293,33,1,24
BRDA:294,34,0,24
BRDA:294,34,1,0
BRDA:295,35,0,16
BRDA:295,35,1,8
BRDA:298,36,0,8
BRDA:298,36,1,0
BRDA:298,37,0,8
BRDA:298,37,1,0
BRDA:305,38,0,27
BRDA:305,38,1,21
BRDA:311,39,0,6
BRDA:311,39,1,4
BRDA:315,40,0,6
BRDA:315,40,1,4
BRDA:315,41,0,10
BRDA:315,41,1,9
BRDA:315,41,2,6
BRDA:328,42,0,4
BRDA:328,42,1,31
BRDA:331,43,0,11
BRDA:331,43,1,20
BRDA:334,44,0,0
BRDA:334,44,1,11
BRDA:340,45,0,17
BRDA:340,45,1,7
BRDA:346,46,0,15
BRDA:346,46,1,5
BRDA:348,47,0,13
BRDA:348,47,1,2
BRDA:351,48,0,0
BRDA:351,48,1,13
BRDA:369,49,0,70
BRDA:369,49,1,0
BRDA:374,50,0,18
BRDA:374,50,1,16
BRDA:374,51,0,34
BRDA:374,51,1,18
BRDA:410,52,0,0
BRDA:410,52,1,6
BRDA:478,53,0,0
BRDA:478,54,0,0
BRDA:478,55,0,0
BRDA:478,56,0,4
BRDA:484,57,0,10
BRDA:484,57,1,5
BRDA:484,58,0,15
BRDA:484,58,1,10
BRDA:486,59,0,10
BRDA:486,59,1,0
BRDA:487,60,0,5
BRDA:487,60,1,0
BRDA:497,61,0,0
BRDA:497,61,1,15
BRDA:543,62,0,35
BRDA:543,62,1,12
BRDA:550,63,0,2
BRDA:550,63,1,11
BRDA:550,64,0,13
BRDA:550,64,1,2
BRDA:565,65,0,2
BRDA:565,65,1,11
BRDA:581,66,0,16
BRDA:581,66,1,4
BRDA:596,67,0,2
BRDA:596,67,1,2
BRDA:636,68,0,3
BRDA:636,68,1,0
BRDA:644,69,0,2
BRDA:644,69,1,2
BRDA:653,70,0,3
BRDA:653,70,1,0
BRDA:664,71,0,3
BRDA:664,71,1,2
BRDA:671,72,0,1
BRDA:671,72,1,1
BRDA:671,73,0,2
BRDA:671,73,1,1
BRDA:684,74,0,1
BRDA:684,74,1,1
BRDA:690,75,0,2
BRDA:690,75,1,0
BRDA:701,76,0,8
BRDA:701,76,1,2
BRDA:709,77,0,1
BRDA:709,77,1,1
BRDA:727,78,0,1
BRDA:727,78,1,0
BRDA:739,79,0,1
BRDA:739,79,1,0
BRDA:743,80,0,1
BRDA:743,80,1,0
BRDA:775,81,0,6
BRDA:775,81,1,40
BRDA:775,82,0,46
BRDA:775,82,1,6
BRDA:777,83,0,40
BRDA:777,83,1,0
BRDA:777,84,0,40
BRDA:777,84,1,40
BRDA:791,85,0,0
BRDA:791,85,1,11
BRDA:795,86,0,0
BRDA:795,86,1,11
BRDA:835,87,0,0
BRDA:835,87,1,10
BRDA:837,88,0,6
BRDA:837,88,1,4
BRDA:837,89,0,10
BRDA:837,89,1,10
BRDA:840,90,0,0
BRDA:840,90,1,6
BRDA:927,91,0,0
BRDA:927,91,1,2
BRDA:928,92,0,0
BRDA:928,92,1,2
BRDA:930,93,0,0
BRDA:930,93,1,2
BRF:184
BRH:141
end_of_record
TN:
SF:src/page-group.js
FN:26,(anonymous_0)
FN:27,(anonymous_1)
FN:31,(anonymous_2)
FN:32,(anonymous_3)
FN:36,(anonymous_4)
FN:37,(anonymous_5)
FN:42,(anonymous_6)
FN:51,(anonymous_7)
FN:85,(anonymous_8)
FN:118,(anonymous_9)
FN:168,(anonymous_10)
FN:217,(anonymous_11)
FN:254,(anonymous_12)
FN:276,(anonymous_13)
FNF:14
FNH:12
FNDA:3,(anonymous_0)
FNDA:7,(anonymous_1)
FNDA:1,(anonymous_2)
FNDA:0,(anonymous_3)
FNDA:2,(anonymous_4)
FNDA:0,(anonymous_5)
FNDA:25,(anonymous_6)
FNDA:31,(anonymous_7)
FNDA:11,(anonymous_8)
FNDA:27,(anonymous_9)
FNDA:17,(anonymous_10)
FNDA:11,(anonymous_11)
FNDA:11,(anonymous_12)
FNDA:18,(anonymous_13)
DA:1,6
DA:2,6
DA:10,25
DA:11,25
DA:15,25
DA:16,25
DA:20,25
DA:21,25
DA:22,25
DA:26,3
DA:28,7
DA:29,7
DA:31,1
DA:33,0
DA:34,0
DA:36,2
DA:38,0
DA:39,0
DA:43,25
DA:44,25
DA:53,31
DA:56,31
DA:57,24
DA:59,31
DA:61,31
DA:63,38
DA:64,38
DA:65,38
DA:66,38
DA:68,38
DA:69,0
DA:72,38
DA:73,24
DA:76,38
DA:88,11
DA:92,11
DA:93,11
DA:94,11
DA:95,11
DA:101,11
DA:102,27
DA:103,27
DA:104,27
DA:105,27
DA:106,27
DA:108,27
DA:110,27
DA:111,27
DA:122,27
DA:123,24
DA:124,24
DA:127,27
DA:129,27
DA:130,27
DA:131,27
DA:132,27
DA:160,17
DA:162,17
DA:169,17
DA:170,17
DA:219,11
DA:220,11
DA:223,11
DA:224,2
DA:225,2
DA:227,9
DA:231,11
DA:235,4
DA:238,7
DA:243,11
DA:244,0
DA:246,11
DA:247,0
DA:249,11
DA:250,0
DA:254,11
DA:255,11
DA:257,0
DA:261,11
DA:262,7
DA:263,7
DA:270,11
DA:279,18
DA:282,18
DA:283,24
DA:284,24
DA:289,18
DA:293,6
DA:294,6
LF:89
LH:80
BRDA:28,0,0,0
BRDA:28,0,1,7
BRDA:33,1,0,0
BRDA:33,1,1,0
BRDA:38,2,0,0
BRDA:38,2,1,0
BRDA:56,3,0,7
BRDA:56,3,1,24
BRDA:59,4,0,7
BRDA:59,4,1,24
BRDA:65,5,0,38
BRDA:65,5,1,24
BRDA:66,6,0,38
BRDA:66,6,1,0
BRDA:68,7,0,0
BRDA:68,7,1,38
BRDA:72,8,0,24
BRDA:72,8,1,14
BRDA:72,9,0,38
BRDA:72,9,1,14
BRDA:92,10,0,11
BRDA:92,10,1,1
BRDA:93,11,0,11
BRDA:93,11,1,2
BRDA:94,12,0,11
BRDA:94,12,1,3
BRDA:95,13,0,11
BRDA:95,13,1,0
BRDA:104,14,0,27
BRDA:104,14,1,0
BRDA:106,15,0,27
BRDA:106,15,1,0
BRDA:118,16,0,0
BRDA:118,17,0,0
BRDA:118,18,0,0
BRDA:123,19,0,24
BRDA:123,19,1,0
BRDA:129,20,0,27
BRDA:129,20,1,0
BRDA:131,21,0,0
BRDA:131,21,1,27
BRDA:217,22,0,4
BRDA:223,23,0,2
BRDA:223,23,1,9
BRDA:231,24,0,4
BRDA:231,24,1,7
BRDA:243,25,0,0
BRDA:243,25,1,11
BRDA:243,26,0,11
BRDA:243,26,1,11
BRDA:246,27,0,0
BRDA:246,27,1,11
BRDA:249,28,0,0
BRDA:249,28,1,11
BRDA:255,29,0,0
BRDA:255,29,1,11
BRDA:255,30,0,11
BRDA:255,30,1,11
BRDA:255,30,2,11
BRDA:255,30,3,0
BRDA:261,31,0,7
BRDA:261,31,1,4
BRF:62
BRH:41
end_of_record
TN:
SF:src/source-compile.js
FN:43,(anonymous_0)
FN:44,(anonymous_1)
FN:51,(anonymous_2)
FN:56,(anonymous_3)
FN:57,(anonymous_4)
FN:61,(anonymous_5)
FN:65,(anonymous_6)
FN:66,(anonymous_7)
FN:67,(anonymous_8)
FN:71,(anonymous_9)
FN:77,(anonymous_10)
FN:88,(anonymous_11)
FN:92,(anonymous_12)
FN:96,(anonymous_13)
FN:104,(anonymous_14)
FN:111,(anonymous_15)
FN:134,(anonymous_16)
FN:135,(anonymous_17)
FN:136,(anonymous_18)
FN:199,(anonymous_19)
FN:206,saveFile
FN:213,getNewPath
FN:241,(anonymous_22)
FN:244,(anonymous_23)
FN:247,(anonymous_24)
FN:270,(anonymous_25)
FN:286,(anonymous_26)
FN:304,(anonymous_27)
FN:325,(anonymous_28)
FN:372,(anonymous_29)
FN:387,(anonymous_30)
FN:406,(anonymous_31)
FN:433,(anonymous_32)
FN:453,(anonymous_33)
FN:455,(anonymous_34)
FN:456,(anonymous_35)
FN:468,(anonymous_36)
FNF:37
FNH:25
FNDA:4,(anonymous_0)
FNDA:4,(anonymous_1)
FNDA:212,(anonymous_2)
FNDA:30,(anonymous_3)
FNDA:75,(anonymous_4)
FNDA:31,(anonymous_5)
FNDA:0,(anonymous_6)
FNDA:0,(anonymous_7)
FNDA:0,(anonymous_8)
FNDA:124,(anonymous_9)
FNDA:4,(anonymous_10)
FNDA:0,(anonymous_11)
FNDA:0,(anonymous_12)
FNDA:0,(anonymous_13)
FNDA:0,(anonymous_14)
FNDA:58,(anonymous_15)
FNDA:0,(anonymous_16)
FNDA:0,(anonymous_17)
FNDA:0,(anonymous_18)
FNDA:40,(anonymous_19)
FNDA:15,saveFile
FNDA:0,getNewPath
FNDA:58,(anonymous_22)
FNDA:58,(anonymous_23)
FNDA:40,(anonymous_24)
FNDA:51,(anonymous_25)
FNDA:116,(anonymous_26)
FNDA:4,(anonymous_27)
FNDA:156,(anonymous_28)
FNDA:9,(anonymous_29)
FNDA:54,(anonymous_30)
FNDA:93,(anonymous_31)
FNDA:93,(anonymous_32)
FNDA:232,(anonymous_33)
FNDA:320,(anonymous_34)
FNDA:0,(anonymous_35)
FNDA:8,(anonymous_36)
DA:1,6
DA:2,6
DA:3,6
DA:4,6
DA:5,6
DA:6,6
DA:7,6
DA:30,124
DA:34,124
DA:35,124
DA:36,124
DA:37,124
DA:38,124
DA:39,124
DA:43,4
DA:44,4
DA:52,212
DA:53,212
DA:54,212
DA:56,30
DA:59,75
DA:61,31
DA:65,0
DA:66,0
DA:67,0
DA:72,124
DA:73,124
DA:78,4
DA:79,4
DA:85,4
DA:89,0
DA:93,0
DA:97,0
DA:106,0
DA:108,0
DA:113,58
DA:114,58
DA:115,58
DA:116,58
DA:117,58
DA:121,58
DA:124,58
DA:125,58
DA:126,58
DA:129,58
DA:130,58
DA:131,58
DA:134,58
DA:135,58
DA:136,58
DA:139,58
DA:140,58
DA:143,58
DA:144,40
DA:145,40
DA:146,11
DA:149,40
DA:153,40
DA:155,40
DA:156,40
DA:164,0
DA:168,40
DA:171,40
DA:175,58
DA:177,58
DA:200,40
DA:201,40
DA:207,15
DA:208,15
DA:209,6
DA:211,15
DA:214,0
DA:215,0
DA:217,0
DA:218,0
DA:219,0
DA:220,0
DA:222,0
DA:226,40
DA:227,15
DA:230,25
DA:231,0
DA:233,0
DA:236,40
DA:242,58
DA:245,58
DA:248,40
DA:257,51
DA:261,51
DA:263,51
DA:271,51
DA:272,51
DA:273,51
DA:289,116
DA:290,116
DA:292,116
DA:297,116
DA:298,4
DA:299,4
DA:300,112
DA:303,116
DA:304,31
DA:305,4
DA:307,85
DA:311,116
DA:312,0
DA:314,116
DA:315,0
DA:318,116
DA:319,0
DA:324,116
DA:325,52
DA:326,156
DA:328,0
DA:340,116
DA:342,116
DA:353,116
DA:365,116
DA:376,9
DA:377,21
DA:378,21
DA:389,54
DA:390,54
DA:394,54
DA:395,54
DA:396,54
DA:400,54
DA:401,36
DA:403,54
DA:404,66
DA:405,66
DA:406,66
DA:407,93
DA:408,93
DA:409,93
DA:411,93
DA:413,93
DA:416,8
DA:417,8
DA:419,85
DA:438,93
DA:439,93
DA:440,93
DA:441,93
DA:442,93
DA:443,93
DA:454,232
DA:455,320
DA:457,0
DA:458,0
DA:460,0
DA:469,8
DA:473,6
DA:474,6
LF:154
LH:129
BRDA:54,0,0,62
BRDA:54,0,1,150
BRDA:59,1,0,71
BRDA:59,1,1,4
BRDA:71,2,0,0
BRDA:111,3,0,10
BRDA:111,4,0,10
BRDA:143,5,0,40
BRDA:143,5,1,18
BRDA:145,6,0,11
BRDA:145,6,1,29
BRDA:153,7,0,40
BRDA:153,7,1,0
BRDA:155,8,0,40
BRDA:155,8,1,0
BRDA:155,9,0,40
BRDA:155,9,1,0
BRDA:201,10,0,0
BRDA:201,10,1,40
BRDA:208,11,0,6
BRDA:208,11,1,9
BRDA:220,12,0,0
BRDA:220,12,1,0
BRDA:226,13,0,15
BRDA:226,13,1,25
BRDA:230,14,0,0
BRDA:230,14,1,25
BRDA:286,15,0,31
BRDA:286,16,0,31
BRDA:297,17,0,4
BRDA:297,17,1,112
BRDA:303,18,0,31
BRDA:303,18,1,85
BRDA:311,19,0,0
BRDA:311,19,1,116
BRDA:311,20,0,116
BRDA:311,20,1,116
BRDA:314,21,0,0
BRDA:314,21,1,116
BRDA:314,22,0,116
BRDA:314,22,1,116
BRDA:318,23,0,0
BRDA:318,23,1,116
BRDA:318,24,0,116
BRDA:318,24,1,85
BRDA:324,25,0,52
BRDA:324,25,1,64
BRDA:326,26,0,0
BRDA:326,26,1,156
BRDA:326,27,0,156
BRDA:326,27,1,156
BRDA:326,27,2,156
BRDA:326,27,3,0
BRDA:342,28,0,31
BRDA:342,28,1,85
BRDA:400,29,0,18
BRDA:400,29,1,36
BRDA:413,30,0,8
BRDA:413,30,1,85
BRDA:442,31,0,39
BRDA:442,31,1,54
BRDA:457,32,0,0
BRDA:457,32,1,0
BRF:63
BRH:48
end_of_record
TN:
SF:src/source-template.js
FN:38,(anonymous_0)
FN:39,(anonymous_1)
FN:40,(anonymous_2)
FN:49,(anonymous_3)
FN:50,(anonymous_4)
FN:51,(anonymous_5)
FN:52,(anonymous_6)
FN:53,(anonymous_7)
FN:54,(anonymous_8)
FN:55,(anonymous_9)
FN:56,(anonymous_10)
FN:57,(anonymous_11)
FN:68,(anonymous_12)
FN:90,(anonymous_13)
FN:143,(anonymous_14)
FN:202,(anonymous_15)
FN:217,(anonymous_16)
FN:257,(anonymous_17)
FN:273,(anonymous_18)
FN:286,(anonymous_19)
FN:313,(anonymous_20)
FN:332,(anonymous_21)
FN:334,(anonymous_22)
FN:335,(anonymous_23)
FN:347,(anonymous_24)
FNF:25
FNH:23
FNDA:6,(anonymous_0)
FNDA:6,(anonymous_1)
FNDA:54,(anonymous_2)
FNDA:6,(anonymous_3)
FNDA:246,(anonymous_4)
FNDA:27,(anonymous_5)
FNDA:325,(anonymous_6)
FNDA:16,(anonymous_7)
FNDA:224,(anonymous_8)
FNDA:6,(anonymous_9)
FNDA:16,(anonymous_10)
FNDA:16,(anonymous_11)
FNDA:158,(anonymous_12)
FNDA:6,(anonymous_13)
FNDA:34,(anonymous_14)
FNDA:30,(anonymous_15)
FNDA:0,(anonymous_16)
FNDA:2,(anonymous_17)
FNDA:36,(anonymous_18)
FNDA:32,(anonymous_19)
FNDA:32,(anonymous_20)
FNDA:60,(anonymous_21)
FNDA:74,(anonymous_22)
FNDA:0,(anonymous_23)
FNDA:4,(anonymous_24)
DA:1,6
DA:2,6
DA:3,6
DA:19,158
DA:20,158
DA:24,158
DA:25,158
DA:29,158
DA:30,158
DA:31,158
DA:32,158
DA:34,158
DA:38,6
DA:39,6
DA:40,54
DA:49,6
DA:50,246
DA:51,27
DA:52,325
DA:53,16
DA:54,224
DA:55,6
DA:56,16
DA:57,16
DA:74,158
DA:75,158
DA:76,158
DA:77,158
DA:78,158
DA:83,158
DA:84,158
DA:85,158
DA:91,6
DA:126,6
DA:135,34
DA:136,34
DA:144,34
DA:145,34
DA:146,34
DA:211,30
DA:212,2
DA:213,2
DA:214,28
DA:216,30
DA:217,2
DA:218,0
DA:220,28
DA:224,30
DA:225,0
DA:227,30
DA:228,0
DA:231,30
DA:232,0
DA:233,30
DA:234,0
DA:247,30
DA:248,30
DA:250,30
DA:261,2
DA:264,2
DA:275,36
DA:276,36
DA:277,36
DA:278,36
DA:279,36
DA:280,36
DA:283,36
DA:284,48
DA:285,48
DA:286,48
DA:287,32
DA:288,32
DA:289,32
DA:291,32
DA:293,32
DA:296,4
DA:297,4
DA:299,28
DA:315,32
DA:318,32
DA:319,32
DA:320,32
DA:321,32
DA:322,32
DA:333,60
DA:334,74
DA:336,0
DA:337,0
DA:339,0
DA:348,4
DA:352,6
DA:353,6
LF:92
LH:84
BRDA:51,0,0,14
BRDA:51,0,1,13
BRDA:53,1,0,11
BRDA:53,1,1,5
BRDA:56,2,0,16
BRDA:56,2,1,0
BRDA:68,3,0,0
BRDA:202,4,0,2
BRDA:202,5,0,2
BRDA:211,6,0,2
BRDA:211,6,1,28
BRDA:216,7,0,2
BRDA:216,7,1,28
BRDA:224,8,0,0
BRDA:224,8,1,30
BRDA:224,9,0,30
BRDA:224,9,1,30
BRDA:227,10,0,0
BRDA:227,10,1,30
BRDA:227,11,0,30
BRDA:227,11,1,30
BRDA:231,12,0,0
BRDA:231,12,1,30
BRDA:231,13,0,30
BRDA:231,13,1,15
BRDA:231,14,0,15
BRDA:231,14,1,14
BRDA:233,15,0,0
BRDA:233,15,1,30
BRDA:233,16,0,30
BRDA:233,16,1,15
BRDA:293,17,0,4
BRDA:293,17,1,28
BRDA:321,18,0,0
BRDA:321,18,1,32
BRDA:336,19,0,0
BRDA:336,19,1,0
BRDA:336,20,0,0
BRDA:336,20,1,0
BRF:39
BRH:28
end_of_record
