TN:
SF:src/auto-task.js
FN:45,(anonymous_0)
FN:46,(anonymous_1)
FN:52,(anonymous_2)
FN:69,(anonymous_3)
FN:90,(anonymous_4)
FN:100,(anonymous_5)
FN:119,(anonymous_6)
FN:131,(anonymous_7)
FNF:8
FNH:8
FNDA:30,(anonymous_0)
FNDA:30,(anonymous_1)
FNDA:30,(anonymous_2)
FNDA:31,(anonymous_3)
FNDA:3,(anonymous_4)
FNDA:19,(anonymous_5)
FNDA:7,(anonymous_6)
FNDA:1,(anonymous_7)
DA:1,8
DA:2,8
DA:3,8
DA:16,30
DA:18,30
DA:19,30
DA:26,8
DA:30,30
DA:31,30
DA:32,30
DA:45,30
DA:47,30
DA:48,29
DA:49,29
DA:70,31
DA:71,1
DA:73,30
DA:75,30
DA:76,6
DA:78,30
DA:81,30
DA:83,30
DA:91,3
DA:92,1
DA:94,2
DA:104,19
DA:110,19
DA:113,19
DA:120,7
DA:124,7
DA:132,1
DA:136,1
DA:146,30
DA:150,30
DA:151,30
DA:155,30
DA:157,30
DA:158,30
DA:197,8
LF:39
LH:39
BRDA:47,0,0,1
BRDA:47,0,1,29
BRDA:70,1,0,1
BRDA:70,1,1,30
BRDA:70,2,0,31
BRDA:70,2,1,30
BRDA:75,3,0,6
BRDA:75,3,1,24
BRDA:75,4,0,30
BRDA:75,4,1,6
BRDA:91,5,0,1
BRDA:91,5,1,2
BRDA:131,6,0,1
BRDA:155,7,0,3
BRDA:155,7,1,27
BRF:15
BRH:15
end_of_record
TN:
SF:src/auto-template.js
FN:83,(anonymous_0)
FN:84,(anonymous_1)
FN:88,(anonymous_2)
FN:93,(anonymous_3)
FN:98,(anonymous_4)
FN:99,(anonymous_5)
FN:100,(anonymous_6)
FN:101,(anonymous_7)
FN:102,(anonymous_8)
FN:108,(anonymous_9)
FN:109,(anonymous_10)
FN:115,(anonymous_11)
FN:116,(anonymous_12)
FN:122,(anonymous_13)
FN:123,(anonymous_14)
FN:129,(anonymous_15)
FN:130,(anonymous_16)
FN:136,(anonymous_17)
FN:137,(anonymous_18)
FN:144,(anonymous_19)
FN:148,(anonymous_20)
FN:155,(anonymous_21)
FN:156,(anonymous_22)
FN:157,(anonymous_23)
FN:158,(anonymous_24)
FN:165,(anonymous_25)
FN:186,(anonymous_26)
FN:192,(anonymous_27)
FN:241,(anonymous_28)
FN:249,__checkChangeFile
FN:334,delEmptyDir
FN:381,(anonymous_31)
FN:385,(anonymous_32)
FN:403,(anonymous_33)
FN:470,(anonymous_34)
FN:487,(anonymous_35)
FN:527,(anonymous_36)
FN:544,(anonymous_37)
FN:583,(anonymous_38)
FN:608,(anonymous_39)
FN:634,(anonymous_40)
FN:648,(anonymous_41)
FN:665,(anonymous_42)
FN:702,(anonymous_43)
FN:721,(anonymous_44)
FN:778,(anonymous_45)
FN:784,(anonymous_46)
FN:786,(anonymous_47)
FN:796,(anonymous_48)
FN:811,(anonymous_49)
FN:837,__copySource
FN:898,(anonymous_51)
FN:901,(anonymous_52)
FN:904,(anonymous_53)
FN:907,(anonymous_54)
FN:923,(anonymous_55)
FN:934,(anonymous_56)
FNF:57
FNH:53
FNDA:290,(anonymous_0)
FNDA:3,(anonymous_1)
FNDA:932,(anonymous_2)
FNDA:41,(anonymous_3)
FNDA:132,(anonymous_4)
FNDA:102,(anonymous_5)
FNDA:9,(anonymous_6)
FNDA:114,(anonymous_7)
FNDA:3,(anonymous_8)
FNDA:113,(anonymous_9)
FNDA:3,(anonymous_10)
FNDA:199,(anonymous_11)
FNDA:6,(anonymous_12)
FNDA:118,(anonymous_13)
FNDA:5,(anonymous_14)
FNDA:298,(anonymous_15)
FNDA:5,(anonymous_16)
FNDA:272,(anonymous_17)
FNDA:3,(anonymous_18)
FNDA:93,(anonymous_19)
FNDA:93,(anonymous_20)
FNDA:0,(anonymous_21)
FNDA:0,(anonymous_22)
FNDA:0,(anonymous_23)
FNDA:0,(anonymous_24)
FNDA:33,(anonymous_25)
FNDA:8,(anonymous_26)
FNDA:33,(anonymous_27)
FNDA:19,(anonymous_28)
FNDA:30,__checkChangeFile
FNDA:34,delEmptyDir
FNDA:35,(anonymous_31)
FNDA:79,(anonymous_32)
FNDA:7,(anonymous_33)
FNDA:3,(anonymous_34)
FNDA:33,(anonymous_35)
FNDA:12,(anonymous_36)
FNDA:18,(anonymous_37)
FNDA:6,(anonymous_38)
FNDA:6,(anonymous_39)
FNDA:12,(anonymous_40)
FNDA:2,(anonymous_41)
FNDA:2,(anonymous_42)
FNDA:2,(anonymous_43)
FNDA:2,(anonymous_44)
FNDA:66,(anonymous_45)
FNDA:15,(anonymous_46)
FNDA:299,(anonymous_47)
FNDA:19,(anonymous_48)
FNDA:1,(anonymous_49)
FNDA:5,__copySource
FNDA:33,(anonymous_51)
FNDA:33,(anonymous_52)
FNDA:7,(anonymous_53)
FNDA:7,(anonymous_54)
FNDA:33,(anonymous_55)
FNDA:3,(anonymous_56)
DA:1,15
DA:2,15
DA:3,15
DA:4,15
DA:5,15
DA:6,15
DA:7,15
DA:15,33
DA:24,33
DA:33,33
DA:40,33
DA:47,33
DA:50,33
DA:51,33
DA:52,33
DA:53,33
DA:54,33
DA:58,33
DA:59,33
DA:64,33
DA:68,33
DA:69,33
DA:70,33
DA:71,33
DA:72,33
DA:73,33
DA:74,33
DA:75,33
DA:76,33
DA:77,33
DA:78,33
DA:79,33
DA:83,290
DA:85,3
DA:86,0
DA:89,932
DA:90,932
DA:91,932
DA:94,41
DA:95,0
DA:96,41
DA:98,132
DA:99,102
DA:100,9
DA:101,114
DA:103,3
DA:104,2
DA:105,2
DA:106,1
DA:108,113
DA:110,3
DA:111,2
DA:112,2
DA:113,1
DA:115,199
DA:117,6
DA:118,4
DA:119,4
DA:120,2
DA:122,118
DA:124,5
DA:125,3
DA:126,3
DA:127,2
DA:129,298
DA:131,5
DA:132,3
DA:133,3
DA:134,2
DA:136,272
DA:138,3
DA:139,2
DA:141,2
DA:142,1
DA:145,93
DA:146,93
DA:149,93
DA:150,93
DA:155,0
DA:156,0
DA:157,0
DA:158,0
DA:166,33
DA:167,33
DA:168,33
DA:169,33
DA:170,33
DA:171,33
DA:172,33
DA:173,33
DA:174,33
DA:197,33
DA:200,33
DA:201,3
DA:212,33
DA:213,33
DA:214,33
DA:215,33
DA:216,33
DA:220,33
DA:223,33
DA:224,30
DA:226,12
DA:227,12
DA:228,12
DA:229,12
DA:234,33
DA:242,19
DA:243,19
DA:244,19
DA:245,19
DA:246,19
DA:253,30
DA:254,0
DA:256,30
DA:257,0
DA:260,30
DA:262,11
DA:266,19
DA:267,6
DA:268,6
DA:277,6
DA:278,0
DA:279,6
DA:280,3
DA:282,3
DA:283,3
DA:286,6
DA:287,6
DA:289,19
DA:292,19
DA:293,50
DA:294,50
DA:303,50
DA:304,26
DA:305,24
DA:306,16
DA:308,8
DA:309,8
DA:314,50
DA:315,50
DA:318,19
DA:321,19
DA:325,19
DA:327,11
DA:328,8
DA:335,34
DA:336,34
DA:338,34
DA:340,28
DA:341,28
DA:343,11
DA:344,11
DA:345,11
DA:348,17
DA:349,21
DA:350,21
DA:351,14
DA:352,14
DA:356,17
DA:357,12
DA:358,12
DA:360,10
DA:361,10
DA:362,10
DA:367,0
DA:378,19
DA:379,133
DA:381,19
DA:384,35
DA:385,79
DA:386,20
DA:387,20
DA:388,20
DA:392,19
DA:393,19
DA:394,19
DA:395,19
DA:396,19
DA:397,19
DA:405,7
DA:416,7
DA:419,7
DA:422,7
DA:423,12
DA:427,7
DA:428,6
DA:438,6
DA:458,7
DA:461,7
DA:476,3
DA:489,33
DA:493,33
DA:494,15
DA:495,15
DA:496,18
DA:497,18
DA:506,33
DA:507,0
DA:510,33
DA:529,12
DA:530,12
DA:534,12
DA:535,34
DA:536,34
DA:539,12
DA:540,24
DA:541,24
DA:542,24
DA:544,24
DA:546,18
DA:547,18
DA:549,18
DA:551,18
DA:552,58
DA:559,18
DA:560,3
DA:561,3
DA:562,3
DA:563,3
DA:564,3
DA:573,18
DA:574,18
DA:578,12
DA:579,22
DA:580,22
DA:581,22
DA:583,22
DA:585,6
DA:586,6
DA:589,6
DA:590,30
DA:605,6
DA:607,3
DA:608,6
DA:609,3
DA:612,6
DA:613,6
DA:618,12
DA:619,11
DA:620,11
DA:623,12
DA:624,11
DA:625,11
DA:627,12
DA:636,12
DA:637,12
DA:640,12
DA:641,1
DA:642,1
DA:644,1
DA:645,3
DA:646,3
DA:647,3
DA:648,3
DA:649,2
DA:650,2
DA:652,2
DA:653,4
DA:655,2
DA:656,2
DA:661,1
DA:662,3
DA:663,3
DA:664,3
DA:665,3
DA:667,2
DA:668,2
DA:670,2
DA:672,2
DA:673,5
DA:680,2
DA:681,1
DA:682,1
DA:683,1
DA:684,1
DA:685,1
DA:692,2
DA:693,2
DA:698,1
DA:699,2
DA:700,2
DA:701,2
DA:702,2
DA:704,2
DA:705,2
DA:709,2
DA:710,10
DA:718,2
DA:720,1
DA:721,2
DA:722,1
DA:725,2
DA:726,2
DA:732,12
DA:733,1
DA:734,1
DA:735,1
DA:736,1
DA:737,1
DA:738,1
DA:739,1
DA:744,12
DA:745,1
DA:746,1
DA:747,1
DA:748,1
DA:749,1
DA:750,1
DA:751,1
DA:752,1
DA:753,1
DA:754,1
DA:755,1
DA:757,0
DA:762,12
DA:779,66
DA:784,66
DA:785,6
DA:786,299
DA:787,60
DA:788,60
DA:798,19
DA:800,19
DA:801,19
DA:803,19
DA:804,19
DA:814,1
DA:841,5
DA:842,10
DA:843,10
DA:844,10
DA:845,10
DA:846,10
DA:848,6
DA:849,6
DA:850,0
DA:852,6
DA:855,6
DA:861,1
DA:862,1
DA:863,1
DA:864,1
DA:865,1
DA:868,1
DA:899,33
DA:902,33
DA:905,7
DA:908,7
DA:917,33
DA:924,33
DA:925,33
DA:936,3
DA:937,3
DA:939,3
DA:941,3
DA:943,3
DA:949,15
LF:358
LH:345
BRDA:83,0,0,234
BRDA:83,0,1,56
BRDA:85,1,0,3
BRDA:85,1,1,0
BRDA:90,2,0,0
BRDA:90,2,1,932
BRDA:94,3,0,0
BRDA:94,3,1,41
BRDA:94,4,0,41
BRDA:94,4,1,0
BRDA:96,5,0,41
BRDA:96,5,1,0
BRDA:103,6,0,2
BRDA:103,6,1,1
BRDA:103,7,0,3
BRDA:103,7,1,3
BRDA:110,8,0,2
BRDA:110,8,1,1
BRDA:110,9,0,3
BRDA:110,9,1,3
BRDA:117,10,0,4
BRDA:117,10,1,2
BRDA:124,11,0,3
BRDA:124,11,1,2
BRDA:131,12,0,3
BRDA:131,12,1,2
BRDA:138,13,0,2
BRDA:138,13,1,1
BRDA:145,14,0,12
BRDA:145,14,1,81
BRDA:149,15,0,12
BRDA:149,15,1,81
BRDA:166,16,0,29
BRDA:166,16,1,4
BRDA:167,17,0,0
BRDA:167,17,1,33
BRDA:223,18,0,30
BRDA:223,18,1,3
BRDA:224,19,0,12
BRDA:224,19,1,18
BRDA:227,20,0,12
BRDA:227,20,1,0
BRDA:228,21,0,12
BRDA:228,21,1,0
BRDA:229,22,0,12
BRDA:229,22,1,0
BRDA:241,23,0,4
BRDA:253,24,0,30
BRDA:253,24,1,0
BRDA:256,25,0,30
BRDA:256,25,1,0
BRDA:260,26,0,19
BRDA:260,26,1,11
BRDA:277,27,0,0
BRDA:277,27,1,6
BRDA:278,28,0,0
BRDA:278,28,1,0
BRDA:279,29,0,3
BRDA:279,29,1,3
BRDA:282,30,0,3
BRDA:282,30,1,0
BRDA:282,31,0,3
BRDA:282,31,1,0
BRDA:287,32,0,4
BRDA:287,32,1,2
BRDA:303,33,0,26
BRDA:303,33,1,24
BRDA:304,34,0,26
BRDA:304,34,1,0
BRDA:305,35,0,16
BRDA:305,35,1,8
BRDA:308,36,0,8
BRDA:308,36,1,0
BRDA:308,37,0,8
BRDA:308,37,1,0
BRDA:315,38,0,31
BRDA:315,38,1,19
BRDA:321,39,0,15
BRDA:321,39,1,4
BRDA:325,40,0,11
BRDA:325,40,1,8
BRDA:325,41,0,19
BRDA:325,41,1,18
BRDA:325,41,2,15
BRDA:338,42,0,6
BRDA:338,42,1,28
BRDA:341,43,0,11
BRDA:341,43,1,17
BRDA:344,44,0,0
BRDA:344,44,1,11
BRDA:350,45,0,14
BRDA:350,45,1,7
BRDA:356,46,0,12
BRDA:356,46,1,5
BRDA:358,47,0,10
BRDA:358,47,1,2
BRDA:361,48,0,0
BRDA:361,48,1,10
BRDA:379,49,0,133
BRDA:379,49,1,0
BRDA:384,50,0,20
BRDA:384,50,1,15
BRDA:384,51,0,35
BRDA:384,51,1,20
BRDA:419,52,0,0
BRDA:419,52,1,7
BRDA:487,53,0,0
BRDA:487,54,0,0
BRDA:487,55,0,0
BRDA:487,56,0,6
BRDA:493,57,0,15
BRDA:493,57,1,18
BRDA:493,58,0,33
BRDA:493,58,1,15
BRDA:495,59,0,15
BRDA:495,59,1,0
BRDA:496,60,0,18
BRDA:496,60,1,0
BRDA:506,61,0,0
BRDA:506,61,1,33
BRDA:552,62,0,41
BRDA:552,62,1,17
BRDA:559,63,0,3
BRDA:559,63,1,15
BRDA:559,64,0,18
BRDA:559,64,1,3
BRDA:574,65,0,3
BRDA:574,65,1,15
BRDA:590,66,0,24
BRDA:590,66,1,6
BRDA:605,67,0,3
BRDA:605,67,1,3
BRDA:645,68,0,3
BRDA:645,68,1,0
BRDA:653,69,0,2
BRDA:653,69,1,2
BRDA:662,70,0,3
BRDA:662,70,1,0
BRDA:673,71,0,3
BRDA:673,71,1,2
BRDA:680,72,0,1
BRDA:680,72,1,1
BRDA:680,73,0,2
BRDA:680,73,1,1
BRDA:693,74,0,1
BRDA:693,74,1,1
BRDA:699,75,0,2
BRDA:699,75,1,0
BRDA:710,76,0,8
BRDA:710,76,1,2
BRDA:718,77,0,1
BRDA:718,77,1,1
BRDA:736,78,0,1
BRDA:736,78,1,0
BRDA:748,79,0,1
BRDA:748,79,1,0
BRDA:752,80,0,1
BRDA:752,80,1,0
BRDA:784,81,0,6
BRDA:784,81,1,60
BRDA:784,82,0,66
BRDA:784,82,1,6
BRDA:786,83,0,60
BRDA:786,83,1,0
BRDA:786,84,0,60
BRDA:786,84,1,60
BRDA:800,85,0,0
BRDA:800,85,1,19
BRDA:804,86,0,0
BRDA:804,86,1,19
BRDA:844,87,0,0
BRDA:844,87,1,10
BRDA:846,88,0,6
BRDA:846,88,1,4
BRDA:846,89,0,10
BRDA:846,89,1,10
BRDA:849,90,0,0
BRDA:849,90,1,6
BRDA:936,91,0,0
BRDA:936,91,1,3
BRDA:937,92,0,0
BRDA:937,92,1,3
BRDA:939,93,0,0
BRDA:939,93,1,3
BRF:184
BRH:141
end_of_record
TN:
SF:src/page-group.js
FN:26,(anonymous_0)
FN:27,(anonymous_1)
FN:31,(anonymous_2)
FN:32,(anonymous_3)
FN:36,(anonymous_4)
FN:37,(anonymous_5)
FN:42,(anonymous_6)
FN:51,(anonymous_7)
FN:89,(anonymous_8)
FN:98,(anonymous_9)
FN:103,(anonymous_10)
FN:134,(anonymous_11)
FN:167,(anonymous_12)
FN:180,(anonymous_13)
FN:217,(anonymous_14)
FN:241,(anonymous_15)
FN:258,(anonymous_16)
FN:271,(anonymous_17)
FNF:18
FNH:18
FNDA:8,(anonymous_0)
FNDA:19,(anonymous_1)
FNDA:5,(anonymous_2)
FNDA:2,(anonymous_3)
FNDA:7,(anonymous_4)
FNDA:2,(anonymous_5)
FNDA:51,(anonymous_6)
FNDA:85,(anonymous_7)
FNDA:1,(anonymous_8)
FNDA:22,(anonymous_9)
FNDA:18,(anonymous_10)
FNDA:44,(anonymous_11)
FNDA:33,(anonymous_12)
FNDA:28,(anonymous_13)
FNDA:25,(anonymous_14)
FNDA:3,(anonymous_15)
FNDA:21,(anonymous_16)
FNDA:2,(anonymous_17)
DA:1,15
DA:2,15
DA:10,51
DA:11,51
DA:15,51
DA:16,51
DA:20,51
DA:21,51
DA:22,51
DA:26,8
DA:28,19
DA:29,19
DA:31,5
DA:33,2
DA:34,2
DA:36,7
DA:38,2
DA:39,2
DA:43,51
DA:44,51
DA:53,85
DA:56,85
DA:57,67
DA:59,85
DA:61,85
DA:63,103
DA:64,103
DA:65,103
DA:66,103
DA:68,103
DA:69,1
DA:72,102
DA:73,3
DA:76,102
DA:90,1
DA:91,1
DA:99,22
DA:104,18
DA:106,18
DA:110,18
DA:111,18
DA:112,18
DA:113,18
DA:119,18
DA:120,44
DA:121,44
DA:122,44
DA:123,44
DA:124,44
DA:126,44
DA:128,44
DA:129,44
DA:138,44
DA:139,36
DA:140,36
DA:143,44
DA:145,44
DA:146,44
DA:147,44
DA:148,44
DA:159,33
DA:160,33
DA:161,33
DA:168,33
DA:169,33
DA:171,33
DA:182,28
DA:183,28
DA:186,28
DA:187,3
DA:188,3
DA:190,25
DA:194,28
DA:198,6
DA:201,22
DA:206,28
DA:207,1
DA:209,27
DA:210,1
DA:212,26
DA:213,1
DA:217,25
DA:218,25
DA:220,1
DA:224,24
DA:225,18
DA:226,18
DA:233,24
DA:242,3
DA:243,3
DA:244,2
DA:245,1
DA:261,21
DA:262,33
DA:263,33
DA:276,2
DA:279,2
DA:280,4
DA:281,4
DA:282,2
DA:283,2
DA:293,2
DA:294,2
DA:296,2
DA:297,4
DA:298,4
DA:299,4
DA:300,2
DA:302,2
DA:303,2
DA:306,4
DA:308,2
DA:309,2
DA:316,33
DA:320,15
DA:321,15
LF:116
LH:116
BRDA:28,0,0,0
BRDA:28,0,1,19
BRDA:33,1,0,0
BRDA:33,1,1,2
BRDA:38,2,0,0
BRDA:38,2,1,2
BRDA:56,3,0,18
BRDA:56,3,1,67
BRDA:59,4,0,18
BRDA:59,4,1,67
BRDA:65,5,0,103
BRDA:65,5,1,4
BRDA:66,6,0,103
BRDA:66,6,1,1
BRDA:68,7,0,1
BRDA:68,7,1,102
BRDA:72,8,0,3
BRDA:72,8,1,99
BRDA:72,9,0,102
BRDA:72,9,1,99
BRDA:91,10,0,1
BRDA:91,10,1,0
BRDA:103,11,0,4
BRDA:104,12,0,0
BRDA:104,12,1,18
BRDA:110,13,0,18
BRDA:110,13,1,5
BRDA:111,14,0,18
BRDA:111,14,1,7
BRDA:112,15,0,18
BRDA:112,15,1,8
BRDA:113,16,0,18
BRDA:113,16,1,4
BRDA:122,17,0,44
BRDA:122,17,1,0
BRDA:124,18,0,35
BRDA:124,18,1,9
BRDA:134,19,0,0
BRDA:134,20,0,0
BRDA:134,21,0,0
BRDA:139,22,0,36
BRDA:139,22,1,4
BRDA:145,23,0,38
BRDA:145,23,1,6
BRDA:147,24,0,6
BRDA:147,24,1,38
BRDA:180,25,0,10
BRDA:186,26,0,3
BRDA:186,26,1,25
BRDA:194,27,0,6
BRDA:194,27,1,22
BRDA:206,28,0,1
BRDA:206,28,1,27
BRDA:206,29,0,28
BRDA:206,29,1,27
BRDA:209,30,0,1
BRDA:209,30,1,26
BRDA:212,31,0,1
BRDA:212,31,1,25
BRDA:218,32,0,1
BRDA:218,32,1,24
BRDA:218,33,0,25
BRDA:218,33,1,25
BRDA:218,33,2,24
BRDA:218,33,3,0
BRDA:224,34,0,18
BRDA:224,34,1,6
BRDA:243,35,0,1
BRDA:243,35,1,2
BRDA:244,36,0,1
BRDA:244,36,1,1
BRDA:263,37,0,12
BRDA:263,37,1,21
BRDA:276,38,0,0
BRDA:276,38,1,2
BRDA:281,39,0,2
BRDA:281,39,1,2
BRDA:293,40,0,0
BRDA:293,40,1,2
BRDA:299,41,0,2
BRDA:299,41,1,2
BRF:81
BRH:69
end_of_record
TN:
SF:src/source-compile.js
FN:32,(anonymous_0)
FN:33,(anonymous_1)
FN:34,(anonymous_2)
FN:39,(anonymous_3)
FN:40,(anonymous_4)
FN:44,(anonymous_5)
FN:48,(anonymous_6)
FN:49,(anonymous_7)
FN:50,(anonymous_8)
FN:54,(anonymous_9)
FN:60,(anonymous_10)
FN:71,(anonymous_11)
FN:84,(anonymous_12)
FN:88,(anonymous_13)
FN:92,(anonymous_14)
FN:100,(anonymous_15)
FN:113,(anonymous_16)
FN:136,(anonymous_17)
FN:137,(anonymous_18)
FN:138,(anonymous_19)
FN:188,(anonymous_20)
FN:195,saveFile
FN:202,getNewPath
FN:230,(anonymous_23)
FN:233,(anonymous_24)
FN:236,(anonymous_25)
FN:259,(anonymous_26)
FN:275,(anonymous_27)
FN:293,(anonymous_28)
FN:314,(anonymous_29)
FN:364,(anonymous_30)
FN:379,(anonymous_31)
FN:398,(anonymous_32)
FN:422,(anonymous_33)
FN:435,(anonymous_34)
FN:453,(anonymous_35)
FN:466,(anonymous_36)
FN:479,(anonymous_37)
FN:481,(anonymous_38)
FN:482,(anonymous_39)
FN:494,(anonymous_40)
FNF:41
FNH:30
FNDA:18,(anonymous_0)
FNDA:18,(anonymous_1)
FNDA:363,(anonymous_2)
FNDA:57,(anonymous_3)
FNDA:132,(anonymous_4)
FNDA:54,(anonymous_5)
FNDA:0,(anonymous_6)
FNDA:0,(anonymous_7)
FNDA:0,(anonymous_8)
FNDA:231,(anonymous_9)
FNDA:18,(anonymous_10)
FNDA:9,(anonymous_11)
FNDA:0,(anonymous_12)
FNDA:0,(anonymous_13)
FNDA:0,(anonymous_14)
FNDA:0,(anonymous_15)
FNDA:93,(anonymous_16)
FNDA:0,(anonymous_17)
FNDA:0,(anonymous_18)
FNDA:0,(anonymous_19)
FNDA:60,(anonymous_20)
FNDA:27,saveFile
FNDA:1,getNewPath
FNDA:93,(anonymous_23)
FNDA:93,(anonymous_24)
FNDA:60,(anonymous_25)
FNDA:99,(anonymous_26)
FNDA:214,(anonymous_27)
FNDA:15,(anonymous_28)
FNDA:273,(anonymous_29)
FNDA:10,(anonymous_30)
FNDA:99,(anonymous_31)
FNDA:177,(anonymous_32)
FNDA:0,(anonymous_33)
FNDA:67,(anonymous_34)
FNDA:177,(anonymous_35)
FNDA:65,(anonymous_36)
FNDA:428,(anonymous_37)
FNDA:562,(anonymous_38)
FNDA:2,(anonymous_39)
FNDA:8,(anonymous_40)
DA:1,15
DA:2,15
DA:3,15
DA:4,15
DA:5,15
DA:6,15
DA:7,15
DA:19,231
DA:23,231
DA:24,231
DA:25,231
DA:26,231
DA:27,231
DA:28,231
DA:32,18
DA:33,18
DA:35,363
DA:36,363
DA:37,363
DA:39,57
DA:42,132
DA:44,54
DA:48,0
DA:49,0
DA:50,0
DA:55,231
DA:56,231
DA:61,18
DA:62,18
DA:68,18
DA:72,9
DA:73,9
DA:75,9
DA:76,9
DA:77,9
DA:81,9
DA:85,0
DA:89,0
DA:93,0
DA:102,0
DA:104,0
DA:115,93
DA:116,93
DA:117,93
DA:118,93
DA:119,93
DA:123,93
DA:126,93
DA:127,93
DA:128,93
DA:131,93
DA:132,93
DA:133,93
DA:136,93
DA:137,93
DA:138,93
DA:141,93
DA:142,93
DA:145,93
DA:146,60
DA:147,60
DA:148,17
DA:151,60
DA:155,60
DA:157,60
DA:158,60
DA:166,0
DA:170,60
DA:173,60
DA:177,93
DA:179,93
DA:189,60
DA:190,60
DA:196,27
DA:197,27
DA:198,10
DA:200,27
DA:203,1
DA:204,1
DA:206,1
DA:207,1
DA:208,1
DA:209,1
DA:211,0
DA:215,60
DA:216,26
DA:219,34
DA:220,1
DA:222,1
DA:225,60
DA:231,93
DA:234,93
DA:237,60
DA:246,99
DA:250,99
DA:252,99
DA:260,99
DA:261,99
DA:262,99
DA:278,214
DA:279,214
DA:281,214
DA:286,214
DA:287,8
DA:288,8
DA:289,206
DA:292,214
DA:293,45
DA:294,15
DA:296,169
DA:300,214
DA:301,0
DA:303,214
DA:304,0
DA:307,214
DA:308,0
DA:313,214
DA:314,91
DA:315,273
DA:317,0
DA:329,214
DA:331,214
DA:341,214
DA:353,214
DA:355,214
DA:356,65
DA:368,10
DA:369,24
DA:370,24
DA:381,99
DA:382,99
DA:386,99
DA:387,99
DA:388,99
DA:392,99
DA:393,66
DA:395,99
DA:396,115
DA:397,115
DA:398,115
DA:399,177
DA:400,177
DA:401,177
DA:403,177
DA:405,177
DA:408,8
DA:409,8
DA:411,169
DA:423,0
DA:425,0
DA:426,0
DA:427,0
DA:436,67
DA:438,67
DA:439,22
DA:440,22
DA:458,177
DA:459,177
DA:460,177
DA:461,177
DA:462,177
DA:463,177
DA:467,65
DA:469,65
DA:480,428
DA:481,562
DA:483,2
DA:484,2
DA:486,0
DA:495,8
DA:499,15
DA:500,15
LF:172
LH:153
BRDA:37,0,0,123
BRDA:37,0,1,240
BRDA:42,1,0,120
BRDA:42,1,1,12
BRDA:54,2,0,0
BRDA:71,3,0,9
BRDA:75,4,0,9
BRDA:75,4,1,0
BRDA:76,5,0,9
BRDA:76,5,1,0
BRDA:77,6,0,9
BRDA:77,6,1,0
BRDA:113,7,0,12
BRDA:113,8,0,12
BRDA:145,9,0,60
BRDA:145,9,1,33
BRDA:147,10,0,17
BRDA:147,10,1,43
BRDA:155,11,0,60
BRDA:155,11,1,0
BRDA:157,12,0,60
BRDA:157,12,1,0
BRDA:157,13,0,60
BRDA:157,13,1,0
BRDA:190,14,0,0
BRDA:190,14,1,60
BRDA:197,15,0,10
BRDA:197,15,1,17
BRDA:209,16,0,1
BRDA:209,16,1,0
BRDA:215,17,0,26
BRDA:215,17,1,34
BRDA:219,18,0,1
BRDA:219,18,1,33
BRDA:275,19,0,45
BRDA:275,20,0,45
BRDA:286,21,0,8
BRDA:286,21,1,206
BRDA:292,22,0,45
BRDA:292,22,1,169
BRDA:300,23,0,0
BRDA:300,23,1,214
BRDA:300,24,0,214
BRDA:300,24,1,214
BRDA:303,25,0,0
BRDA:303,25,1,214
BRDA:303,26,0,214
BRDA:303,26,1,214
BRDA:307,27,0,0
BRDA:307,27,1,214
BRDA:307,28,0,214
BRDA:307,28,1,169
BRDA:313,29,0,91
BRDA:313,29,1,123
BRDA:315,30,0,0
BRDA:315,30,1,273
BRDA:315,31,0,273
BRDA:315,31,1,273
BRDA:315,31,2,273
BRDA:315,31,3,0
BRDA:331,32,0,45
BRDA:331,32,1,169
BRDA:355,33,0,65
BRDA:355,33,1,149
BRDA:392,34,0,33
BRDA:392,34,1,66
BRDA:405,35,0,8
BRDA:405,35,1,169
BRDA:425,36,0,0
BRDA:425,36,1,0
BRDA:438,37,0,22
BRDA:438,37,1,45
BRDA:462,38,0,68
BRDA:462,38,1,109
BRDA:483,39,0,2
BRDA:483,39,1,0
BRF:76
BRH:59
end_of_record
TN:
SF:src/source-template.js
FN:38,(anonymous_0)
FN:39,(anonymous_1)
FN:40,(anonymous_2)
FN:49,(anonymous_3)
FN:50,(anonymous_4)
FN:51,(anonymous_5)
FN:52,(anonymous_6)
FN:53,(anonymous_7)
FN:54,(anonymous_8)
FN:55,(anonymous_9)
FN:56,(anonymous_10)
FN:57,(anonymous_11)
FN:68,(anonymous_12)
FN:90,(anonymous_13)
FN:129,(anonymous_14)
FN:153,(anonymous_15)
FN:212,(anonymous_16)
FN:268,(anonymous_17)
FN:284,(anonymous_18)
FN:297,(anonymous_19)
FN:324,(anonymous_20)
FN:343,(anonymous_21)
FN:345,(anonymous_22)
FN:346,(anonymous_23)
FN:358,(anonymous_24)
FNF:25
FNH:24
FNDA:33,(anonymous_0)
FNDA:33,(anonymous_1)
FNDA:109,(anonymous_2)
FNDA:24,(anonymous_3)
FNDA:469,(anonymous_4)
FNDA:69,(anonymous_5)
FNDA:623,(anonymous_6)
FNDA:34,(anonymous_7)
FNDA:411,(anonymous_8)
FNDA:24,(anonymous_9)
FNDA:34,(anonymous_10)
FNDA:43,(anonymous_11)
FNDA:308,(anonymous_12)
FNDA:24,(anonymous_13)
FNDA:11,(anonymous_14)
FNDA:66,(anonymous_15)
FNDA:62,(anonymous_16)
FNDA:4,(anonymous_17)
FNDA:66,(anonymous_18)
FNDA:62,(anonymous_19)
FNDA:62,(anonymous_20)
FNDA:124,(anonymous_21)
FNDA:132,(anonymous_22)
FNDA:0,(anonymous_23)
FNDA:4,(anonymous_24)
DA:1,15
DA:2,15
DA:3,15
DA:19,308
DA:20,308
DA:24,308
DA:25,308
DA:29,308
DA:30,308
DA:31,308
DA:32,308
DA:34,308
DA:38,33
DA:39,33
DA:40,109
DA:49,24
DA:50,469
DA:51,69
DA:52,623
DA:53,34
DA:54,411
DA:55,24
DA:56,34
DA:57,43
DA:74,308
DA:75,308
DA:76,308
DA:77,308
DA:78,308
DA:83,308
DA:84,308
DA:85,308
DA:91,24
DA:126,24
DA:130,11
DA:132,11
DA:133,11
DA:134,11
DA:135,11
DA:136,11
DA:145,66
DA:146,66
DA:154,66
DA:155,66
DA:156,66
DA:221,62
DA:222,4
DA:223,4
DA:224,58
DA:226,62
DA:230,4
DA:231,58
DA:235,62
DA:236,0
DA:238,62
DA:239,0
DA:242,62
DA:243,0
DA:244,62
DA:245,0
DA:258,62
DA:259,62
DA:261,62
DA:272,4
DA:275,4
DA:286,66
DA:287,66
DA:288,66
DA:289,66
DA:290,66
DA:291,66
DA:294,66
DA:295,82
DA:296,82
DA:297,82
DA:298,62
DA:299,62
DA:300,62
DA:302,62
DA:304,62
DA:307,4
DA:308,4
DA:310,58
DA:326,62
DA:329,62
DA:330,62
DA:331,62
DA:332,62
DA:333,62
DA:344,124
DA:345,132
DA:347,0
DA:348,0
DA:350,0
DA:359,4
DA:363,15
DA:364,15
LF:97
LH:90
BRDA:51,0,0,38
BRDA:51,0,1,31
BRDA:53,1,0,23
BRDA:53,1,1,11
BRDA:56,2,0,34
BRDA:56,2,1,0
BRDA:68,3,0,0
BRDA:212,4,0,4
BRDA:212,5,0,4
BRDA:221,6,0,4
BRDA:221,6,1,58
BRDA:226,7,0,4
BRDA:226,7,1,58
BRDA:235,8,0,0
BRDA:235,8,1,62
BRDA:235,9,0,62
BRDA:235,9,1,62
BRDA:238,10,0,0
BRDA:238,10,1,62
BRDA:238,11,0,62
BRDA:238,11,1,62
BRDA:242,12,0,0
BRDA:242,12,1,62
BRDA:242,13,0,62
BRDA:242,13,1,31
BRDA:242,14,0,31
BRDA:242,14,1,31
BRDA:244,15,0,0
BRDA:244,15,1,62
BRDA:244,16,0,62
BRDA:244,16,1,31
BRDA:304,17,0,4
BRDA:304,17,1,58
BRDA:332,18,0,0
BRDA:332,18,1,62
BRDA:347,19,0,0
BRDA:347,19,1,0
BRDA:347,20,0,0
BRDA:347,20,1,0
BRF:39
BRH:28
end_of_record
